L 03/27/2018 - 00:22:12: SourceMod error session started
L 03/27/2018 - 00:22:12: Info (map "heights_coop") (file "errors_20180327.log")
L 03/27/2018 - 00:22:12: Error log file session closed.
L 03/27/2018 - 00:22:12: SourceMod error session started
L 03/27/2018 - 00:22:12: Info (map "heights_coop") (file "errors_20180327.log")
L 03/27/2018 - 00:22:12: [SM] Fatal error encountered parsing translation file "hreservedslots.phrases.txt"
L 03/27/2018 - 00:22:12: [SM] Error (line 0, column 0): Stream failed to open
L 03/27/2018 - 00:36:17: [SM] Exception reported: Property "m_iPrimaryAmmoType" not found (entity 653/sec_nightvision)
L 03/27/2018 - 00:36:17: [SM] Blaming: weapon_pickup.smx
L 03/27/2018 - 00:36:17: [SM] Call stack trace:
L 03/27/2018 - 00:36:17: [SM]   [0] GetEntProp
L 03/27/2018 - 00:36:17: [SM]   [1] Line 395, weapon_pickup.sp::OnEntityUse
L 03/27/2018 - 00:36:50: [SM] Exception reported: Property "m_iPrimaryAmmoType" not found (entity 1142/sec_nightvision)
L 03/27/2018 - 00:36:50: [SM] Blaming: weapon_pickup.smx
L 03/27/2018 - 00:36:50: [SM] Call stack trace:
L 03/27/2018 - 00:36:50: [SM]   [0] GetEntProp
L 03/27/2018 - 00:36:50: [SM]   [1] Line 395, weapon_pickup.sp::OnEntityUse
L 03/27/2018 - 00:40:58: [SM] Exception reported: Property "m_iPrimaryAmmoType" not found (entity 1152/sec_nightvision)
L 03/27/2018 - 00:40:58: [SM] Blaming: weapon_pickup.smx
L 03/27/2018 - 00:40:58: [SM] Call stack trace:
L 03/27/2018 - 00:40:58: [SM]   [0] GetEntProp
L 03/27/2018 - 00:40:58: [SM]   [1] Line 395, weapon_pickup.sp::OnEntityUse
L 03/27/2018 - 00:49:03: [SM] Exception reported: Property "m_iPrimaryAmmoType" not found (entity 1170/sec_nightvision)
L 03/27/2018 - 00:49:03: [SM] Blaming: weapon_pickup.smx
L 03/27/2018 - 00:49:03: [SM] Call stack trace:
L 03/27/2018 - 00:49:03: [SM]   [0] GetEntProp
L 03/27/2018 - 00:49:03: [SM]   [1] Line 395, weapon_pickup.sp::OnEntityUse
L 03/27/2018 - 00:49:07: [SM] Exception reported: Property "m_iPrimaryAmmoType" not found (entity 1170/sec_nightvision)
L 03/27/2018 - 00:49:07: [SM] Blaming: weapon_pickup.smx
L 03/27/2018 - 00:49:07: [SM] Call stack trace:
L 03/27/2018 - 00:49:07: [SM]   [0] GetEntProp
L 03/27/2018 - 00:49:07: [SM]   [1] Line 395, weapon_pickup.sp::OnEntityUse
L 03/27/2018 - 00:52:41: Error log file session closed.
L 03/27/2018 - 00:52:41: SourceMod error session started
L 03/27/2018 - 00:52:41: Info (map "dust2_checkpoint_b8") (file "errors_20180327.log")
L 03/27/2018 - 00:52:41: [SM] Fatal error encountered parsing translation file "hreservedslots.phrases.txt"
L 03/27/2018 - 00:52:41: [SM] Error (line 0, column 0): Stream failed to open
L 03/27/2018 - 01:05:20: [SM] Exception reported: Property "m_iPrimaryAmmoType" not found (entity 667/sec_nightvision)
L 03/27/2018 - 01:05:20: [SM] Blaming: weapon_pickup.smx
L 03/27/2018 - 01:05:20: [SM] Call stack trace:
L 03/27/2018 - 01:05:20: [SM]   [0] GetEntProp
L 03/27/2018 - 01:05:20: [SM]   [1] Line 395, weapon_pickup.sp::OnEntityUse
L 03/27/2018 - 01:07:04: [SM] Exception reported: Property "m_iPrimaryAmmoType" not found (entity 685/sec_nightvision)
L 03/27/2018 - 01:07:04: [SM] Blaming: weapon_pickup.smx
L 03/27/2018 - 01:07:04: [SM] Call stack trace:
L 03/27/2018 - 01:07:04: [SM]   [0] GetEntProp
L 03/27/2018 - 01:07:04: [SM]   [1] Line 395, weapon_pickup.sp::OnEntityUse
L 03/27/2018 - 01:18:48: Error log file session closed.
L 03/27/2018 - 01:18:48: SourceMod error session started
L 03/27/2018 - 01:18:48: Info (map "dusty_anguish_coopv1_1") (file "errors_20180327.log")
L 03/27/2018 - 01:18:48: [SM] Fatal error encountered parsing translation file "hreservedslots.phrases.txt"
L 03/27/2018 - 01:18:48: [SM] Error (line 0, column 0): Stream failed to open
L 03/27/2018 - 02:18:52: Error log file session closed.
L 03/27/2018 - 02:18:52: SourceMod error session started
L 03/27/2018 - 02:18:52: Info (map "fortress_coop_ws") (file "errors_20180327.log")
L 03/27/2018 - 02:18:52: [SM] Fatal error encountered parsing translation file "hreservedslots.phrases.txt"
L 03/27/2018 - 02:18:52: [SM] Error (line 0, column 0): Stream failed to open
L 03/27/2018 - 03:18:57: Error log file session closed.
L 03/27/2018 - 03:18:57: SourceMod error session started
L 03/27/2018 - 03:18:57: Info (map "game_day_coop_ws") (file "errors_20180327.log")
L 03/27/2018 - 03:18:57: [SM] Fatal error encountered parsing translation file "hreservedslots.phrases.txt"
L 03/27/2018 - 03:18:57: [SM] Error (line 0, column 0): Stream failed to open
L 03/27/2018 - 04:19:03: Error log file session closed.
L 03/27/2018 - 04:19:03: SourceMod error session started
L 03/27/2018 - 04:19:03: Info (map "hastings") (file "errors_20180327.log")
L 03/27/2018 - 04:19:03: [SM] Fatal error encountered parsing translation file "hreservedslots.phrases.txt"
L 03/27/2018 - 04:19:03: [SM] Error (line 0, column 0): Stream failed to open
L 03/27/2018 - 08:00:50: SourceMod error session started
L 03/27/2018 - 08:00:50: Info (map "block26_b1") (file "errors_20180327.log")
L 03/27/2018 - 08:00:50: [SM] Failed to load plugin "nextmap.smx": Nextmap is incompatible with this game.
L 03/27/2018 - 08:00:50: [SM] Fatal error encountered parsing translation file "hreservedslots.phrases.txt"
L 03/27/2018 - 08:00:50: [SM] Error (line 0, column 0): Stream failed to open
