L 04/16/2018 - 00:01:06: SourceMod error session started
L 04/16/2018 - 00:01:06: Info (map "nightfall_coopv1_2") (file "errors_20180416.log")
L 04/16/2018 - 00:01:06: [SM] Exception reported: Property "m_iPrimaryAmmoType" not found (entity 1302/sec_nightvision)
L 04/16/2018 - 00:01:06: [SM] Blaming: weapon_pickup.smx
L 04/16/2018 - 00:01:06: [SM] Call stack trace:
L 04/16/2018 - 00:01:06: [SM]   [0] GetEntProp
L 04/16/2018 - 00:01:06: [SM]   [1] Line 395, weapon_pickup.sp::OnEntityUse
L 04/16/2018 - 00:01:07: [SM] Exception reported: Property "m_iPrimaryAmmoType" not found (entity 1302/sec_nightvision)
L 04/16/2018 - 00:01:07: [SM] Blaming: weapon_pickup.smx
L 04/16/2018 - 00:01:07: [SM] Call stack trace:
L 04/16/2018 - 00:01:07: [SM]   [0] GetEntProp
L 04/16/2018 - 00:01:07: [SM]   [1] Line 395, weapon_pickup.sp::OnEntityUse
L 04/16/2018 - 00:01:07: [SM] Exception reported: Property "m_iPrimaryAmmoType" not found (entity 1302/sec_nightvision)
L 04/16/2018 - 00:01:07: [SM] Blaming: weapon_pickup.smx
L 04/16/2018 - 00:01:07: [SM] Call stack trace:
L 04/16/2018 - 00:01:07: [SM]   [0] GetEntProp
L 04/16/2018 - 00:01:07: [SM]   [1] Line 395, weapon_pickup.sp::OnEntityUse
L 04/16/2018 - 00:03:01: [SM] Exception reported: Property "m_iPrimaryAmmoType" not found (entity 1260/sec_nightvision)
L 04/16/2018 - 00:03:01: [SM] Blaming: weapon_pickup.smx
L 04/16/2018 - 00:03:01: [SM] Call stack trace:
L 04/16/2018 - 00:03:01: [SM]   [0] GetEntProp
L 04/16/2018 - 00:03:01: [SM]   [1] Line 395, weapon_pickup.sp::OnEntityUse
L 04/16/2018 - 00:03:40: [SM] Exception reported: Property "m_iPrimaryAmmoType" not found (entity 1092/predicted_viewmodel)
L 04/16/2018 - 00:03:40: [SM] Blaming: weapon_pickup.smx
L 04/16/2018 - 00:03:40: [SM] Call stack trace:
L 04/16/2018 - 00:03:40: [SM]   [0] GetEntProp
L 04/16/2018 - 00:03:40: [SM]   [1] Line 395, weapon_pickup.sp::OnEntityUse
L 04/16/2018 - 00:03:52: [SM] Exception reported: Property "m_iPrimaryAmmoType" not found (entity 1302/sec_nightvision)
L 04/16/2018 - 00:03:52: [SM] Blaming: weapon_pickup.smx
L 04/16/2018 - 00:03:52: [SM] Call stack trace:
L 04/16/2018 - 00:03:52: [SM]   [0] GetEntProp
L 04/16/2018 - 00:03:52: [SM]   [1] Line 395, weapon_pickup.sp::OnEntityUse
L 04/16/2018 - 00:03:52: [SM] Exception reported: Property "m_iPrimaryAmmoType" not found (entity 1302/sec_nightvision)
L 04/16/2018 - 00:03:52: [SM] Blaming: weapon_pickup.smx
L 04/16/2018 - 00:03:52: [SM] Call stack trace:
L 04/16/2018 - 00:03:52: [SM]   [0] GetEntProp
L 04/16/2018 - 00:03:52: [SM]   [1] Line 395, weapon_pickup.sp::OnEntityUse
L 04/16/2018 - 00:03:53: [SM] Exception reported: Property "m_iPrimaryAmmoType" not found (entity 1302/sec_nightvision)
L 04/16/2018 - 00:03:53: [SM] Blaming: weapon_pickup.smx
L 04/16/2018 - 00:03:53: [SM] Call stack trace:
L 04/16/2018 - 00:03:53: [SM]   [0] GetEntProp
L 04/16/2018 - 00:03:53: [SM]   [1] Line 395, weapon_pickup.sp::OnEntityUse
L 04/16/2018 - 00:03:53: [SM] Exception reported: Property "m_iPrimaryAmmoType" not found (entity 1302/sec_nightvision)
L 04/16/2018 - 00:03:53: [SM] Blaming: weapon_pickup.smx
L 04/16/2018 - 00:03:53: [SM] Call stack trace:
L 04/16/2018 - 00:03:53: [SM]   [0] GetEntProp
L 04/16/2018 - 00:03:53: [SM]   [1] Line 395, weapon_pickup.sp::OnEntityUse
L 04/16/2018 - 00:06:52: [SM] Exception reported: Property "m_iPrimaryAmmoType" not found (entity 1217/sec_nightvision)
L 04/16/2018 - 00:06:52: [SM] Blaming: weapon_pickup.smx
L 04/16/2018 - 00:06:52: [SM] Call stack trace:
L 04/16/2018 - 00:06:52: [SM]   [0] GetEntProp
L 04/16/2018 - 00:06:52: [SM]   [1] Line 395, weapon_pickup.sp::OnEntityUse
L 04/16/2018 - 00:06:52: [SM] Exception reported: Property "m_iPrimaryAmmoType" not found (entity 1217/sec_nightvision)
L 04/16/2018 - 00:06:52: [SM] Blaming: weapon_pickup.smx
L 04/16/2018 - 00:06:52: [SM] Call stack trace:
L 04/16/2018 - 00:06:52: [SM]   [0] GetEntProp
L 04/16/2018 - 00:06:52: [SM]   [1] Line 395, weapon_pickup.sp::OnEntityUse
L 04/16/2018 - 00:06:52: [SM] Exception reported: Property "m_iPrimaryAmmoType" not found (entity 1217/sec_nightvision)
L 04/16/2018 - 00:06:52: [SM] Blaming: weapon_pickup.smx
L 04/16/2018 - 00:06:52: [SM] Call stack trace:
L 04/16/2018 - 00:06:52: [SM]   [0] GetEntProp
L 04/16/2018 - 00:06:52: [SM]   [1] Line 395, weapon_pickup.sp::OnEntityUse
L 04/16/2018 - 00:06:52: [SM] Exception reported: Property "m_iPrimaryAmmoType" not found (entity 1217/sec_nightvision)
L 04/16/2018 - 00:06:52: [SM] Blaming: weapon_pickup.smx
L 04/16/2018 - 00:06:52: [SM] Call stack trace:
L 04/16/2018 - 00:06:52: [SM]   [0] GetEntProp
L 04/16/2018 - 00:06:52: [SM]   [1] Line 395, weapon_pickup.sp::OnEntityUse
L 04/16/2018 - 00:06:53: [SM] Exception reported: Property "m_iPrimaryAmmoType" not found (entity 1217/sec_nightvision)
L 04/16/2018 - 00:06:53: [SM] Blaming: weapon_pickup.smx
L 04/16/2018 - 00:06:53: [SM] Call stack trace:
L 04/16/2018 - 00:06:53: [SM]   [0] GetEntProp
L 04/16/2018 - 00:06:53: [SM]   [1] Line 395, weapon_pickup.sp::OnEntityUse
L 04/16/2018 - 00:06:53: [SM] Exception reported: Property "m_iPrimaryAmmoType" not found (entity 1217/sec_nightvision)
L 04/16/2018 - 00:06:53: [SM] Blaming: weapon_pickup.smx
L 04/16/2018 - 00:06:53: [SM] Call stack trace:
L 04/16/2018 - 00:06:53: [SM]   [0] GetEntProp
L 04/16/2018 - 00:06:53: [SM]   [1] Line 395, weapon_pickup.sp::OnEntityUse
L 04/16/2018 - 00:06:53: [SM] Exception reported: Property "m_iPrimaryAmmoType" not found (entity 1217/sec_nightvision)
L 04/16/2018 - 00:06:53: [SM] Blaming: weapon_pickup.smx
L 04/16/2018 - 00:06:53: [SM] Call stack trace:
L 04/16/2018 - 00:06:53: [SM]   [0] GetEntProp
L 04/16/2018 - 00:06:53: [SM]   [1] Line 395, weapon_pickup.sp::OnEntityUse
L 04/16/2018 - 00:06:53: [SM] Exception reported: Property "m_iPrimaryAmmoType" not found (entity 1217/sec_nightvision)
L 04/16/2018 - 00:06:53: [SM] Blaming: weapon_pickup.smx
L 04/16/2018 - 00:06:53: [SM] Call stack trace:
L 04/16/2018 - 00:06:53: [SM]   [0] GetEntProp
L 04/16/2018 - 00:06:53: [SM]   [1] Line 395, weapon_pickup.sp::OnEntityUse
L 04/16/2018 - 00:06:53: [SM] Exception reported: Property "m_iPrimaryAmmoType" not found (entity 1217/sec_nightvision)
L 04/16/2018 - 00:06:53: [SM] Blaming: weapon_pickup.smx
L 04/16/2018 - 00:06:53: [SM] Call stack trace:
L 04/16/2018 - 00:06:53: [SM]   [0] GetEntProp
L 04/16/2018 - 00:06:53: [SM]   [1] Line 395, weapon_pickup.sp::OnEntityUse
L 04/16/2018 - 00:06:53: [SM] Exception reported: Property "m_iPrimaryAmmoType" not found (entity 1217/sec_nightvision)
L 04/16/2018 - 00:06:53: [SM] Blaming: weapon_pickup.smx
L 04/16/2018 - 00:06:53: [SM] Call stack trace:
L 04/16/2018 - 00:06:53: [SM]   [0] GetEntProp
L 04/16/2018 - 00:06:53: [SM]   [1] Line 395, weapon_pickup.sp::OnEntityUse
L 04/16/2018 - 00:09:39: Error log file session closed.
L 04/16/2018 - 00:09:39: SourceMod error session started
L 04/16/2018 - 00:09:39: Info (map "cs_workout_v1") (file "errors_20180416.log")
L 04/16/2018 - 00:09:39: [SM] Fatal error encountered parsing translation file "hreservedslots.phrases.txt"
L 04/16/2018 - 00:09:39: [SM] Error (line 0, column 0): Stream failed to open
L 04/16/2018 - 00:23:10: [SM] Exception reported: Property "m_iPrimaryAmmoType" not found (entity 495/sec_nightvision)
L 04/16/2018 - 00:23:10: [SM] Blaming: weapon_pickup.smx
L 04/16/2018 - 00:23:10: [SM] Call stack trace:
L 04/16/2018 - 00:23:10: [SM]   [0] GetEntProp
L 04/16/2018 - 00:23:10: [SM]   [1] Line 395, weapon_pickup.sp::OnEntityUse
L 04/16/2018 - 00:23:10: [SM] Exception reported: Property "m_iPrimaryAmmoType" not found (entity 495/sec_nightvision)
L 04/16/2018 - 00:23:10: [SM] Blaming: weapon_pickup.smx
L 04/16/2018 - 00:23:10: [SM] Call stack trace:
L 04/16/2018 - 00:23:10: [SM]   [0] GetEntProp
L 04/16/2018 - 00:23:10: [SM]   [1] Line 395, weapon_pickup.sp::OnEntityUse
L 04/16/2018 - 00:23:10: [SM] Exception reported: Property "m_iPrimaryAmmoType" not found (entity 495/sec_nightvision)
L 04/16/2018 - 00:23:10: [SM] Blaming: weapon_pickup.smx
L 04/16/2018 - 00:23:10: [SM] Call stack trace:
L 04/16/2018 - 00:23:10: [SM]   [0] GetEntProp
L 04/16/2018 - 00:23:10: [SM]   [1] Line 395, weapon_pickup.sp::OnEntityUse
L 04/16/2018 - 00:29:49: [SM] Exception reported: Property "m_iPrimaryAmmoType" not found (entity 580/sec_nightvision)
L 04/16/2018 - 00:29:49: [SM] Blaming: weapon_pickup.smx
L 04/16/2018 - 00:29:49: [SM] Call stack trace:
L 04/16/2018 - 00:29:49: [SM]   [0] GetEntProp
L 04/16/2018 - 00:29:49: [SM]   [1] Line 395, weapon_pickup.sp::OnEntityUse
L 04/16/2018 - 00:32:03: [SM] Exception reported: Property "m_iPrimaryAmmoType" not found (entity 548/sec_nightvision)
L 04/16/2018 - 00:32:03: [SM] Blaming: weapon_pickup.smx
L 04/16/2018 - 00:32:03: [SM] Call stack trace:
L 04/16/2018 - 00:32:03: [SM]   [0] GetEntProp
L 04/16/2018 - 00:32:03: [SM]   [1] Line 395, weapon_pickup.sp::OnEntityUse
L 04/16/2018 - 00:32:06: [SM] Exception reported: Property "m_iPrimaryAmmoType" not found (entity 548/sec_nightvision)
L 04/16/2018 - 00:32:06: [SM] Blaming: weapon_pickup.smx
L 04/16/2018 - 00:32:06: [SM] Call stack trace:
L 04/16/2018 - 00:32:06: [SM]   [0] GetEntProp
L 04/16/2018 - 00:32:06: [SM]   [1] Line 395, weapon_pickup.sp::OnEntityUse
L 04/16/2018 - 00:32:07: [SM] Exception reported: Property "m_iPrimaryAmmoType" not found (entity 548/sec_nightvision)
L 04/16/2018 - 00:32:07: [SM] Blaming: weapon_pickup.smx
L 04/16/2018 - 00:32:07: [SM] Call stack trace:
L 04/16/2018 - 00:32:07: [SM]   [0] GetEntProp
L 04/16/2018 - 00:32:07: [SM]   [1] Line 395, weapon_pickup.sp::OnEntityUse
L 04/16/2018 - 00:34:37: SourceMod error session started
L 04/16/2018 - 00:34:37: Info (map "verticality_coop") (file "errors_20180416.log")
L 04/16/2018 - 00:34:37: Error log file session closed.
L 04/16/2018 - 00:34:37: SourceMod error session started
L 04/16/2018 - 00:34:37: Info (map "verticality_coop") (file "errors_20180416.log")
L 04/16/2018 - 00:34:37: [SM] Fatal error encountered parsing translation file "hreservedslots.phrases.txt"
L 04/16/2018 - 00:34:37: [SM] Error (line 0, column 0): Stream failed to open
L 04/16/2018 - 00:44:24: [SM] Exception reported: Property "m_iPrimaryAmmoType" not found (entity 634/sec_nightvision)
L 04/16/2018 - 00:44:24: [SM] Blaming: weapon_pickup.smx
L 04/16/2018 - 00:44:24: [SM] Call stack trace:
L 04/16/2018 - 00:44:24: [SM]   [0] GetEntProp
L 04/16/2018 - 00:44:24: [SM]   [1] Line 395, weapon_pickup.sp::OnEntityUse
L 04/16/2018 - 00:47:33: [SM] Exception reported: Property "m_iPrimaryAmmoType" not found (entity 492/func_door_rotating)
L 04/16/2018 - 00:47:33: [SM] Blaming: weapon_pickup.smx
L 04/16/2018 - 00:47:33: [SM] Call stack trace:
L 04/16/2018 - 00:47:33: [SM]   [0] GetEntProp
L 04/16/2018 - 00:47:33: [SM]   [1] Line 395, weapon_pickup.sp::OnEntityUse
L 04/16/2018 - 00:47:33: [SM] Exception reported: Property "m_iPrimaryAmmoType" not found (entity 490/func_door_rotating)
L 04/16/2018 - 00:47:33: [SM] Blaming: weapon_pickup.smx
L 04/16/2018 - 00:47:33: [SM] Call stack trace:
L 04/16/2018 - 00:47:33: [SM]   [0] GetEntProp
L 04/16/2018 - 00:47:33: [SM]   [1] Line 395, weapon_pickup.sp::OnEntityUse
L 04/16/2018 - 00:47:34: [SM] Exception reported: Property "m_iPrimaryAmmoType" not found (entity 490/func_door_rotating)
L 04/16/2018 - 00:47:34: [SM] Blaming: weapon_pickup.smx
L 04/16/2018 - 00:47:34: [SM] Call stack trace:
L 04/16/2018 - 00:47:34: [SM]   [0] GetEntProp
L 04/16/2018 - 00:47:34: [SM]   [1] Line 395, weapon_pickup.sp::OnEntityUse
L 04/16/2018 - 00:47:46: [SM] Exception reported: Property "m_iPrimaryAmmoType" not found (entity 634/sec_nightvision)
L 04/16/2018 - 00:47:46: [SM] Blaming: weapon_pickup.smx
L 04/16/2018 - 00:47:46: [SM] Call stack trace:
L 04/16/2018 - 00:47:46: [SM]   [0] GetEntProp
L 04/16/2018 - 00:47:46: [SM]   [1] Line 395, weapon_pickup.sp::OnEntityUse
L 04/16/2018 - 00:47:47: [SM] Exception reported: Property "m_iPrimaryAmmoType" not found (entity 634/sec_nightvision)
L 04/16/2018 - 00:47:47: [SM] Blaming: weapon_pickup.smx
L 04/16/2018 - 00:47:47: [SM] Call stack trace:
L 04/16/2018 - 00:47:47: [SM]   [0] GetEntProp
L 04/16/2018 - 00:47:47: [SM]   [1] Line 395, weapon_pickup.sp::OnEntityUse
L 04/16/2018 - 00:48:11: [SM] Exception reported: Property "m_iPrimaryAmmoType" not found (entity 541/grenade_c4)
L 04/16/2018 - 00:48:11: [SM] Blaming: weapon_pickup.smx
L 04/16/2018 - 00:48:11: [SM] Call stack trace:
L 04/16/2018 - 00:48:11: [SM]   [0] GetEntProp
L 04/16/2018 - 00:48:11: [SM]   [1] Line 395, weapon_pickup.sp::OnEntityUse
L 04/16/2018 - 00:48:16: [SM] Exception reported: Property "m_iPrimaryAmmoType" not found (entity 434/grenade_c4)
L 04/16/2018 - 00:48:16: [SM] Blaming: weapon_pickup.smx
L 04/16/2018 - 00:48:16: [SM] Call stack trace:
L 04/16/2018 - 00:48:16: [SM]   [0] GetEntProp
L 04/16/2018 - 00:48:16: [SM]   [1] Line 395, weapon_pickup.sp::OnEntityUse
L 04/16/2018 - 00:48:20: [SM] Exception reported: Property "m_iPrimaryAmmoType" not found (entity 616/grenade_c4)
L 04/16/2018 - 00:48:20: [SM] Blaming: weapon_pickup.smx
L 04/16/2018 - 00:48:20: [SM] Call stack trace:
L 04/16/2018 - 00:48:20: [SM]   [0] GetEntProp
L 04/16/2018 - 00:48:20: [SM]   [1] Line 395, weapon_pickup.sp::OnEntityUse
L 04/16/2018 - 00:48:27: [SM] Exception reported: Property "m_iPrimaryAmmoType" not found (entity 599/grenade_c4)
L 04/16/2018 - 00:48:27: [SM] Blaming: weapon_pickup.smx
L 04/16/2018 - 00:48:27: [SM] Call stack trace:
L 04/16/2018 - 00:48:27: [SM]   [0] GetEntProp
L 04/16/2018 - 00:48:27: [SM]   [1] Line 395, weapon_pickup.sp::OnEntityUse
L 04/16/2018 - 00:48:29: [SM] Exception reported: Property "m_iPrimaryAmmoType" not found (entity 634/sec_nightvision)
L 04/16/2018 - 00:48:29: [SM] Blaming: weapon_pickup.smx
L 04/16/2018 - 00:48:29: [SM] Call stack trace:
L 04/16/2018 - 00:48:29: [SM]   [0] GetEntProp
L 04/16/2018 - 00:48:29: [SM]   [1] Line 395, weapon_pickup.sp::OnEntityUse
L 04/16/2018 - 00:48:32: [SM] Exception reported: Property "m_iPrimaryAmmoType" not found (entity 682/grenade_c4)
L 04/16/2018 - 00:48:32: [SM] Blaming: weapon_pickup.smx
L 04/16/2018 - 00:48:32: [SM] Call stack trace:
L 04/16/2018 - 00:48:32: [SM]   [0] GetEntProp
L 04/16/2018 - 00:48:32: [SM]   [1] Line 395, weapon_pickup.sp::OnEntityUse
L 04/16/2018 - 00:48:36: [SM] Exception reported: Property "m_iPrimaryAmmoType" not found (entity 541/grenade_c4)
L 04/16/2018 - 00:48:36: [SM] Blaming: weapon_pickup.smx
L 04/16/2018 - 00:48:36: [SM] Call stack trace:
L 04/16/2018 - 00:48:36: [SM]   [0] GetEntProp
L 04/16/2018 - 00:48:36: [SM]   [1] Line 395, weapon_pickup.sp::OnEntityUse
L 04/16/2018 - 00:48:38: [SM] Exception reported: Property "m_iPrimaryAmmoType" not found (entity 492/func_door_rotating)
L 04/16/2018 - 00:48:38: [SM] Blaming: weapon_pickup.smx
L 04/16/2018 - 00:48:38: [SM] Call stack trace:
L 04/16/2018 - 00:48:38: [SM]   [0] GetEntProp
L 04/16/2018 - 00:48:38: [SM]   [1] Line 395, weapon_pickup.sp::OnEntityUse
L 04/16/2018 - 00:48:38: [SM] Exception reported: Property "m_iPrimaryAmmoType" not found (entity 490/func_door_rotating)
L 04/16/2018 - 00:48:38: [SM] Blaming: weapon_pickup.smx
L 04/16/2018 - 00:48:38: [SM] Call stack trace:
L 04/16/2018 - 00:48:38: [SM]   [0] GetEntProp
L 04/16/2018 - 00:48:38: [SM]   [1] Line 395, weapon_pickup.sp::OnEntityUse
L 04/16/2018 - 00:48:43: [SM] Exception reported: Property "m_iPrimaryAmmoType" not found (entity 573/grenade_c4)
L 04/16/2018 - 00:48:43: [SM] Blaming: weapon_pickup.smx
L 04/16/2018 - 00:48:43: [SM] Call stack trace:
L 04/16/2018 - 00:48:43: [SM]   [0] GetEntProp
L 04/16/2018 - 00:48:43: [SM]   [1] Line 395, weapon_pickup.sp::OnEntityUse
L 04/16/2018 - 00:52:46: [SM] Exception reported: Property "m_iPrimaryAmmoType" not found (entity 490/func_door_rotating)
L 04/16/2018 - 00:52:46: [SM] Blaming: weapon_pickup.smx
L 04/16/2018 - 00:52:46: [SM] Call stack trace:
L 04/16/2018 - 00:52:46: [SM]   [0] GetEntProp
L 04/16/2018 - 00:52:46: [SM]   [1] Line 395, weapon_pickup.sp::OnEntityUse
L 04/16/2018 - 00:54:47: Error log file session closed.
L 04/16/2018 - 00:54:47: SourceMod error session started
L 04/16/2018 - 00:54:47: Info (map "verticality_coop") (file "errors_20180416.log")
L 04/16/2018 - 00:54:47: [SM] Fatal error encountered parsing translation file "hreservedslots.phrases.txt"
L 04/16/2018 - 00:54:47: [SM] Error (line 0, column 0): Stream failed to open
L 04/16/2018 - 01:14:01: Error log file session closed.
L 04/16/2018 - 01:14:01: SourceMod error session started
L 04/16/2018 - 01:14:01: Info (map "verticality_coop") (file "errors_20180416.log")
L 04/16/2018 - 01:14:01: [SM] Fatal error encountered parsing translation file "hreservedslots.phrases.txt"
L 04/16/2018 - 01:14:01: [SM] Error (line 0, column 0): Stream failed to open
L 04/16/2018 - 01:34:44: Error log file session closed.
L 04/16/2018 - 01:34:44: SourceMod error session started
L 04/16/2018 - 01:34:44: Info (map "amber_spirits_coop") (file "errors_20180416.log")
L 04/16/2018 - 01:34:44: [SM] Fatal error encountered parsing translation file "hreservedslots.phrases.txt"
L 04/16/2018 - 01:34:44: [SM] Error (line 0, column 0): Stream failed to open
L 04/16/2018 - 01:50:32: Error log file session closed.
L 04/16/2018 - 01:50:32: SourceMod error session started
L 04/16/2018 - 01:50:32: Info (map "verticality_coop") (file "errors_20180416.log")
L 04/16/2018 - 01:50:32: [SM] Fatal error encountered parsing translation file "hreservedslots.phrases.txt"
L 04/16/2018 - 01:50:32: [SM] Error (line 0, column 0): Stream failed to open
L 04/16/2018 - 02:02:50: [SM] Exception reported: Property "m_hWeaponDefinitionHandle" not found (entity 1024/obj_weapon_cache)
L 04/16/2018 - 02:02:50: [SM] Blaming: insurgency.smx
L 04/16/2018 - 02:02:50: [SM] Call stack trace:
L 04/16/2018 - 02:02:50: [SM]   [0] GetEntProp
L 04/16/2018 - 02:02:50: [SM]   [1] Line 489, insurgency.sp::GetWeaponId
L 04/16/2018 - 02:02:50: [SM]   [2] Line 659, insurgency.sp::Native_Weapon_GetWeaponId
L 04/16/2018 - 02:02:50: [SM]   [4] Ins_GetWeaponId
L 04/16/2018 - 02:02:50: [SM]   [5] Line 1479, insurgency.sp::Event_PlayerHurt
L 04/16/2018 - 02:20:33: Error log file session closed.
L 04/16/2018 - 02:20:33: SourceMod error session started
L 04/16/2018 - 02:20:33: Info (map "ministry_coop") (file "errors_20180416.log")
L 04/16/2018 - 02:20:33: [SM] Fatal error encountered parsing translation file "hreservedslots.phrases.txt"
L 04/16/2018 - 02:20:33: [SM] Error (line 0, column 0): Stream failed to open
L 04/16/2018 - 02:22:09: [SM] Exception reported: Property "m_iPrimaryAmmoType" not found (entity 1216/predicted_viewmodel)
L 04/16/2018 - 02:22:09: [SM] Blaming: weapon_pickup.smx
L 04/16/2018 - 02:22:09: [SM] Call stack trace:
L 04/16/2018 - 02:22:09: [SM]   [0] GetEntProp
L 04/16/2018 - 02:22:09: [SM]   [1] Line 395, weapon_pickup.sp::OnEntityUse
L 04/16/2018 - 02:23:42: [SM] Exception reported: Property "m_iPrimaryAmmoType" not found (entity 729/predicted_viewmodel)
L 04/16/2018 - 02:23:42: [SM] Blaming: weapon_pickup.smx
L 04/16/2018 - 02:23:42: [SM] Call stack trace:
L 04/16/2018 - 02:23:42: [SM]   [0] GetEntProp
L 04/16/2018 - 02:23:42: [SM]   [1] Line 395, weapon_pickup.sp::OnEntityUse
L 04/16/2018 - 02:23:42: [SM] Exception reported: Property "m_iPrimaryAmmoType" not found (entity 729/predicted_viewmodel)
L 04/16/2018 - 02:23:42: [SM] Blaming: weapon_pickup.smx
L 04/16/2018 - 02:23:42: [SM] Call stack trace:
L 04/16/2018 - 02:23:42: [SM]   [0] GetEntProp
L 04/16/2018 - 02:23:42: [SM]   [1] Line 395, weapon_pickup.sp::OnEntityUse
L 04/16/2018 - 02:23:42: [SM] Exception reported: Property "m_iPrimaryAmmoType" not found (entity 729/predicted_viewmodel)
L 04/16/2018 - 02:23:42: [SM] Blaming: weapon_pickup.smx
L 04/16/2018 - 02:23:42: [SM] Call stack trace:
L 04/16/2018 - 02:23:42: [SM]   [0] GetEntProp
L 04/16/2018 - 02:23:42: [SM]   [1] Line 395, weapon_pickup.sp::OnEntityUse
L 04/16/2018 - 02:23:42: [SM] Exception reported: Property "m_iPrimaryAmmoType" not found (entity 729/predicted_viewmodel)
L 04/16/2018 - 02:23:42: [SM] Blaming: weapon_pickup.smx
L 04/16/2018 - 02:23:42: [SM] Call stack trace:
L 04/16/2018 - 02:23:42: [SM]   [0] GetEntProp
L 04/16/2018 - 02:23:42: [SM]   [1] Line 395, weapon_pickup.sp::OnEntityUse
L 04/16/2018 - 02:23:42: [SM] Exception reported: Property "m_iPrimaryAmmoType" not found (entity 729/predicted_viewmodel)
L 04/16/2018 - 02:23:42: [SM] Blaming: weapon_pickup.smx
L 04/16/2018 - 02:23:42: [SM] Call stack trace:
L 04/16/2018 - 02:23:42: [SM]   [0] GetEntProp
L 04/16/2018 - 02:23:42: [SM]   [1] Line 395, weapon_pickup.sp::OnEntityUse
L 04/16/2018 - 02:34:50: Error log file session closed.
L 04/16/2018 - 02:34:50: SourceMod error session started
L 04/16/2018 - 02:34:50: Info (map "angle_iron_coop_ws") (file "errors_20180416.log")
L 04/16/2018 - 02:34:50: [SM] Fatal error encountered parsing translation file "hreservedslots.phrases.txt"
L 04/16/2018 - 02:34:50: [SM] Error (line 0, column 0): Stream failed to open
L 04/16/2018 - 02:39:57: Error log file session closed.
L 04/16/2018 - 02:39:57: SourceMod error session started
L 04/16/2018 - 02:39:57: Info (map "the_raid_coop_ws") (file "errors_20180416.log")
L 04/16/2018 - 02:39:57: [SM] Fatal error encountered parsing translation file "hreservedslots.phrases.txt"
L 04/16/2018 - 02:39:57: [SM] Error (line 0, column 0): Stream failed to open
L 04/16/2018 - 02:40:53: [SM] Exception reported: Property "m_iPrimaryAmmoType" not found (entity 1100/prop_door_rotating)
L 04/16/2018 - 02:40:53: [SM] Blaming: weapon_pickup.smx
L 04/16/2018 - 02:40:53: [SM] Call stack trace:
L 04/16/2018 - 02:40:53: [SM]   [0] GetEntProp
L 04/16/2018 - 02:40:53: [SM]   [1] Line 395, weapon_pickup.sp::OnEntityUse
L 04/16/2018 - 02:40:53: [SM] Exception reported: Property "m_iPrimaryAmmoType" not found (entity 1101/prop_door_rotating)
L 04/16/2018 - 02:40:53: [SM] Blaming: weapon_pickup.smx
L 04/16/2018 - 02:40:53: [SM] Call stack trace:
L 04/16/2018 - 02:40:53: [SM]   [0] GetEntProp
L 04/16/2018 - 02:40:53: [SM]   [1] Line 395, weapon_pickup.sp::OnEntityUse
L 04/16/2018 - 02:40:59: [SM] Exception reported: Property "m_iPrimaryAmmoType" not found (entity 1098/prop_door_rotating)
L 04/16/2018 - 02:40:59: [SM] Blaming: weapon_pickup.smx
L 04/16/2018 - 02:40:59: [SM] Call stack trace:
L 04/16/2018 - 02:40:59: [SM]   [0] GetEntProp
L 04/16/2018 - 02:40:59: [SM]   [1] Line 395, weapon_pickup.sp::OnEntityUse
L 04/16/2018 - 02:40:59: [SM] Exception reported: Property "m_iPrimaryAmmoType" not found (entity 1098/prop_door_rotating)
L 04/16/2018 - 02:40:59: [SM] Blaming: weapon_pickup.smx
L 04/16/2018 - 02:40:59: [SM] Call stack trace:
L 04/16/2018 - 02:40:59: [SM]   [0] GetEntProp
L 04/16/2018 - 02:40:59: [SM]   [1] Line 395, weapon_pickup.sp::OnEntityUse
L 04/16/2018 - 02:41:00: [SM] Exception reported: Property "m_iPrimaryAmmoType" not found (entity 1098/prop_door_rotating)
L 04/16/2018 - 02:41:00: [SM] Blaming: weapon_pickup.smx
L 04/16/2018 - 02:41:00: [SM] Call stack trace:
L 04/16/2018 - 02:41:00: [SM]   [0] GetEntProp
L 04/16/2018 - 02:41:00: [SM]   [1] Line 395, weapon_pickup.sp::OnEntityUse
L 04/16/2018 - 02:41:02: [SM] Exception reported: Property "m_iPrimaryAmmoType" not found (entity 1101/prop_door_rotating)
L 04/16/2018 - 02:41:02: [SM] Blaming: weapon_pickup.smx
L 04/16/2018 - 02:41:02: [SM] Call stack trace:
L 04/16/2018 - 02:41:02: [SM]   [0] GetEntProp
L 04/16/2018 - 02:41:02: [SM]   [1] Line 395, weapon_pickup.sp::OnEntityUse
L 04/16/2018 - 02:41:04: [SM] Exception reported: Property "m_iPrimaryAmmoType" not found (entity 1101/prop_door_rotating)
L 04/16/2018 - 02:41:04: [SM] Blaming: weapon_pickup.smx
L 04/16/2018 - 02:41:04: [SM] Call stack trace:
L 04/16/2018 - 02:41:04: [SM]   [0] GetEntProp
L 04/16/2018 - 02:41:04: [SM]   [1] Line 395, weapon_pickup.sp::OnEntityUse
L 04/16/2018 - 02:41:04: [SM] Exception reported: Property "m_iPrimaryAmmoType" not found (entity 1101/prop_door_rotating)
L 04/16/2018 - 02:41:04: [SM] Blaming: weapon_pickup.smx
L 04/16/2018 - 02:41:04: [SM] Call stack trace:
L 04/16/2018 - 02:41:04: [SM]   [0] GetEntProp
L 04/16/2018 - 02:41:04: [SM]   [1] Line 395, weapon_pickup.sp::OnEntityUse
L 04/16/2018 - 02:41:04: [SM] Exception reported: Property "m_iPrimaryAmmoType" not found (entity 1101/prop_door_rotating)
L 04/16/2018 - 02:41:04: [SM] Blaming: weapon_pickup.smx
L 04/16/2018 - 02:41:04: [SM] Call stack trace:
L 04/16/2018 - 02:41:04: [SM]   [0] GetEntProp
L 04/16/2018 - 02:41:04: [SM]   [1] Line 395, weapon_pickup.sp::OnEntityUse
L 04/16/2018 - 02:41:04: [SM] Exception reported: Property "m_iPrimaryAmmoType" not found (entity 1101/prop_door_rotating)
L 04/16/2018 - 02:41:04: [SM] Blaming: weapon_pickup.smx
L 04/16/2018 - 02:41:04: [SM] Call stack trace:
L 04/16/2018 - 02:41:04: [SM]   [0] GetEntProp
L 04/16/2018 - 02:41:04: [SM]   [1] Line 395, weapon_pickup.sp::OnEntityUse
L 04/16/2018 - 02:41:05: [SM] Exception reported: Property "m_iPrimaryAmmoType" not found (entity 1101/prop_door_rotating)
L 04/16/2018 - 02:41:05: [SM] Blaming: weapon_pickup.smx
L 04/16/2018 - 02:41:05: [SM] Call stack trace:
L 04/16/2018 - 02:41:05: [SM]   [0] GetEntProp
L 04/16/2018 - 02:41:05: [SM]   [1] Line 395, weapon_pickup.sp::OnEntityUse
L 04/16/2018 - 02:41:07: [SM] Exception reported: Property "m_iPrimaryAmmoType" not found (entity 1101/prop_door_rotating)
L 04/16/2018 - 02:41:07: [SM] Blaming: weapon_pickup.smx
L 04/16/2018 - 02:41:07: [SM] Call stack trace:
L 04/16/2018 - 02:41:07: [SM]   [0] GetEntProp
L 04/16/2018 - 02:41:07: [SM]   [1] Line 395, weapon_pickup.sp::OnEntityUse
L 04/16/2018 - 02:41:07: [SM] Exception reported: Property "m_iPrimaryAmmoType" not found (entity 1101/prop_door_rotating)
L 04/16/2018 - 02:41:07: [SM] Blaming: weapon_pickup.smx
L 04/16/2018 - 02:41:07: [SM] Call stack trace:
L 04/16/2018 - 02:41:07: [SM]   [0] GetEntProp
L 04/16/2018 - 02:41:07: [SM]   [1] Line 395, weapon_pickup.sp::OnEntityUse
L 04/16/2018 - 02:41:07: [SM] Exception reported: Property "m_iPrimaryAmmoType" not found (entity 1101/prop_door_rotating)
L 04/16/2018 - 02:41:07: [SM] Blaming: weapon_pickup.smx
L 04/16/2018 - 02:41:07: [SM] Call stack trace:
L 04/16/2018 - 02:41:07: [SM]   [0] GetEntProp
L 04/16/2018 - 02:41:07: [SM]   [1] Line 395, weapon_pickup.sp::OnEntityUse
L 04/16/2018 - 02:41:26: [SM] Exception reported: Property "m_iPrimaryAmmoType" not found (entity 1100/prop_door_rotating)
L 04/16/2018 - 02:41:26: [SM] Blaming: weapon_pickup.smx
L 04/16/2018 - 02:41:26: [SM] Call stack trace:
L 04/16/2018 - 02:41:26: [SM]   [0] GetEntProp
L 04/16/2018 - 02:41:26: [SM]   [1] Line 395, weapon_pickup.sp::OnEntityUse
L 04/16/2018 - 02:43:34: [SM] Exception reported: Property "m_iPrimaryAmmoType" not found (entity 1197/prop_door_rotating)
L 04/16/2018 - 02:43:34: [SM] Blaming: weapon_pickup.smx
L 04/16/2018 - 02:43:34: [SM] Call stack trace:
L 04/16/2018 - 02:43:34: [SM]   [0] GetEntProp
L 04/16/2018 - 02:43:34: [SM]   [1] Line 395, weapon_pickup.sp::OnEntityUse
L 04/16/2018 - 02:43:34: [SM] Exception reported: Property "m_iPrimaryAmmoType" not found (entity 1197/prop_door_rotating)
L 04/16/2018 - 02:43:34: [SM] Blaming: weapon_pickup.smx
L 04/16/2018 - 02:43:34: [SM] Call stack trace:
L 04/16/2018 - 02:43:34: [SM]   [0] GetEntProp
L 04/16/2018 - 02:43:34: [SM]   [1] Line 395, weapon_pickup.sp::OnEntityUse
L 04/16/2018 - 02:43:34: [SM] Exception reported: Property "m_iPrimaryAmmoType" not found (entity 1197/prop_door_rotating)
L 04/16/2018 - 02:43:34: [SM] Blaming: weapon_pickup.smx
L 04/16/2018 - 02:43:34: [SM] Call stack trace:
L 04/16/2018 - 02:43:34: [SM]   [0] GetEntProp
L 04/16/2018 - 02:43:34: [SM]   [1] Line 395, weapon_pickup.sp::OnEntityUse
L 04/16/2018 - 02:43:37: [SM] Exception reported: Property "m_iPrimaryAmmoType" not found (entity 1192/prop_door_rotating)
L 04/16/2018 - 02:43:37: [SM] Blaming: weapon_pickup.smx
L 04/16/2018 - 02:43:37: [SM] Call stack trace:
L 04/16/2018 - 02:43:37: [SM]   [0] GetEntProp
L 04/16/2018 - 02:43:37: [SM]   [1] Line 395, weapon_pickup.sp::OnEntityUse
L 04/16/2018 - 02:43:38: [SM] Exception reported: Property "m_iPrimaryAmmoType" not found (entity 1194/prop_door_rotating)
L 04/16/2018 - 02:43:38: [SM] Blaming: weapon_pickup.smx
L 04/16/2018 - 02:43:38: [SM] Call stack trace:
L 04/16/2018 - 02:43:38: [SM]   [0] GetEntProp
L 04/16/2018 - 02:43:38: [SM]   [1] Line 395, weapon_pickup.sp::OnEntityUse
L 04/16/2018 - 02:43:38: [SM] Exception reported: Property "m_iPrimaryAmmoType" not found (entity 1193/prop_door_rotating)
L 04/16/2018 - 02:43:38: [SM] Blaming: weapon_pickup.smx
L 04/16/2018 - 02:43:38: [SM] Call stack trace:
L 04/16/2018 - 02:43:38: [SM]   [0] GetEntProp
L 04/16/2018 - 02:43:38: [SM]   [1] Line 395, weapon_pickup.sp::OnEntityUse
L 04/16/2018 - 02:43:38: [SM] Exception reported: Property "m_iPrimaryAmmoType" not found (entity 1193/prop_door_rotating)
L 04/16/2018 - 02:43:38: [SM] Blaming: weapon_pickup.smx
L 04/16/2018 - 02:43:38: [SM] Call stack trace:
L 04/16/2018 - 02:43:38: [SM]   [0] GetEntProp
L 04/16/2018 - 02:43:38: [SM]   [1] Line 395, weapon_pickup.sp::OnEntityUse
L 04/16/2018 - 02:43:39: [SM] Exception reported: Property "m_iPrimaryAmmoType" not found (entity 1193/prop_door_rotating)
L 04/16/2018 - 02:43:39: [SM] Blaming: weapon_pickup.smx
L 04/16/2018 - 02:43:39: [SM] Call stack trace:
L 04/16/2018 - 02:43:39: [SM]   [0] GetEntProp
L 04/16/2018 - 02:43:39: [SM]   [1] Line 395, weapon_pickup.sp::OnEntityUse
L 04/16/2018 - 02:43:45: [SM] Exception reported: Property "m_iPrimaryAmmoType" not found (entity 1197/prop_door_rotating)
L 04/16/2018 - 02:43:45: [SM] Blaming: weapon_pickup.smx
L 04/16/2018 - 02:43:45: [SM] Call stack trace:
L 04/16/2018 - 02:43:45: [SM]   [0] GetEntProp
L 04/16/2018 - 02:43:45: [SM]   [1] Line 395, weapon_pickup.sp::OnEntityUse
L 04/16/2018 - 02:43:52: [SM] Exception reported: Property "m_iPrimaryAmmoType" not found (entity 1198/prop_door_rotating)
L 04/16/2018 - 02:43:52: [SM] Blaming: weapon_pickup.smx
L 04/16/2018 - 02:43:52: [SM] Call stack trace:
L 04/16/2018 - 02:43:52: [SM]   [0] GetEntProp
L 04/16/2018 - 02:43:52: [SM]   [1] Line 395, weapon_pickup.sp::OnEntityUse
L 04/16/2018 - 02:43:54: [SM] Exception reported: Property "m_iPrimaryAmmoType" not found (entity 1195/prop_door_rotating)
L 04/16/2018 - 02:43:54: [SM] Blaming: weapon_pickup.smx
L 04/16/2018 - 02:43:54: [SM] Call stack trace:
L 04/16/2018 - 02:43:54: [SM]   [0] GetEntProp
L 04/16/2018 - 02:43:54: [SM]   [1] Line 395, weapon_pickup.sp::OnEntityUse
L 04/16/2018 - 02:43:55: [SM] Exception reported: Property "m_iPrimaryAmmoType" not found (entity 1195/prop_door_rotating)
L 04/16/2018 - 02:43:55: [SM] Blaming: weapon_pickup.smx
L 04/16/2018 - 02:43:55: [SM] Call stack trace:
L 04/16/2018 - 02:43:55: [SM]   [0] GetEntProp
L 04/16/2018 - 02:43:55: [SM]   [1] Line 395, weapon_pickup.sp::OnEntityUse
L 04/16/2018 - 02:43:55: [SM] Exception reported: Property "m_iPrimaryAmmoType" not found (entity 1195/prop_door_rotating)
L 04/16/2018 - 02:43:55: [SM] Blaming: weapon_pickup.smx
L 04/16/2018 - 02:43:55: [SM] Call stack trace:
L 04/16/2018 - 02:43:55: [SM]   [0] GetEntProp
L 04/16/2018 - 02:43:55: [SM]   [1] Line 395, weapon_pickup.sp::OnEntityUse
L 04/16/2018 - 02:43:56: [SM] Exception reported: Property "m_iPrimaryAmmoType" not found (entity 1195/prop_door_rotating)
L 04/16/2018 - 02:43:56: [SM] Blaming: weapon_pickup.smx
L 04/16/2018 - 02:43:56: [SM] Call stack trace:
L 04/16/2018 - 02:43:56: [SM]   [0] GetEntProp
L 04/16/2018 - 02:43:56: [SM]   [1] Line 395, weapon_pickup.sp::OnEntityUse
L 04/16/2018 - 02:43:56: [SM] Exception reported: Property "m_iPrimaryAmmoType" not found (entity 1195/prop_door_rotating)
L 04/16/2018 - 02:43:56: [SM] Blaming: weapon_pickup.smx
L 04/16/2018 - 02:43:56: [SM] Call stack trace:
L 04/16/2018 - 02:43:56: [SM]   [0] GetEntProp
L 04/16/2018 - 02:43:56: [SM]   [1] Line 395, weapon_pickup.sp::OnEntityUse
L 04/16/2018 - 02:43:56: [SM] Exception reported: Property "m_iPrimaryAmmoType" not found (entity 1195/prop_door_rotating)
L 04/16/2018 - 02:43:56: [SM] Blaming: weapon_pickup.smx
L 04/16/2018 - 02:43:56: [SM] Call stack trace:
L 04/16/2018 - 02:43:56: [SM]   [0] GetEntProp
L 04/16/2018 - 02:43:56: [SM]   [1] Line 395, weapon_pickup.sp::OnEntityUse
L 04/16/2018 - 02:43:58: [SM] Exception reported: Property "m_iPrimaryAmmoType" not found (entity 1195/prop_door_rotating)
L 04/16/2018 - 02:43:58: [SM] Blaming: weapon_pickup.smx
L 04/16/2018 - 02:43:58: [SM] Call stack trace:
L 04/16/2018 - 02:43:58: [SM]   [0] GetEntProp
L 04/16/2018 - 02:43:58: [SM]   [1] Line 395, weapon_pickup.sp::OnEntityUse
L 04/16/2018 - 02:44:11: [SM] Exception reported: Property "m_iPrimaryAmmoType" not found (entity 1195/prop_door_rotating)
L 04/16/2018 - 02:44:11: [SM] Blaming: weapon_pickup.smx
L 04/16/2018 - 02:44:11: [SM] Call stack trace:
L 04/16/2018 - 02:44:11: [SM]   [0] GetEntProp
L 04/16/2018 - 02:44:11: [SM]   [1] Line 395, weapon_pickup.sp::OnEntityUse
L 04/16/2018 - 02:44:12: [SM] Exception reported: Property "m_iPrimaryAmmoType" not found (entity 1195/prop_door_rotating)
L 04/16/2018 - 02:44:12: [SM] Blaming: weapon_pickup.smx
L 04/16/2018 - 02:44:12: [SM] Call stack trace:
L 04/16/2018 - 02:44:12: [SM]   [0] GetEntProp
L 04/16/2018 - 02:44:12: [SM]   [1] Line 395, weapon_pickup.sp::OnEntityUse
L 04/16/2018 - 02:44:12: [SM] Exception reported: Property "m_iPrimaryAmmoType" not found (entity 1195/prop_door_rotating)
L 04/16/2018 - 02:44:12: [SM] Blaming: weapon_pickup.smx
L 04/16/2018 - 02:44:12: [SM] Call stack trace:
L 04/16/2018 - 02:44:12: [SM]   [0] GetEntProp
L 04/16/2018 - 02:44:12: [SM]   [1] Line 395, weapon_pickup.sp::OnEntityUse
L 04/16/2018 - 02:44:21: [SM] Exception reported: Property "m_iPrimaryAmmoType" not found (entity 1192/prop_door_rotating)
L 04/16/2018 - 02:44:21: [SM] Blaming: weapon_pickup.smx
L 04/16/2018 - 02:44:21: [SM] Call stack trace:
L 04/16/2018 - 02:44:21: [SM]   [0] GetEntProp
L 04/16/2018 - 02:44:21: [SM]   [1] Line 395, weapon_pickup.sp::OnEntityUse
L 04/16/2018 - 02:44:29: [SM] Exception reported: Property "m_iPrimaryAmmoType" not found (entity 1193/prop_door_rotating)
L 04/16/2018 - 02:44:29: [SM] Blaming: weapon_pickup.smx
L 04/16/2018 - 02:44:29: [SM] Call stack trace:
L 04/16/2018 - 02:44:29: [SM]   [0] GetEntProp
L 04/16/2018 - 02:44:29: [SM]   [1] Line 395, weapon_pickup.sp::OnEntityUse
L 04/16/2018 - 02:44:44: [SM] Exception reported: Property "m_iPrimaryAmmoType" not found (entity 1192/prop_door_rotating)
L 04/16/2018 - 02:44:44: [SM] Blaming: weapon_pickup.smx
L 04/16/2018 - 02:44:44: [SM] Call stack trace:
L 04/16/2018 - 02:44:44: [SM]   [0] GetEntProp
L 04/16/2018 - 02:44:44: [SM]   [1] Line 395, weapon_pickup.sp::OnEntityUse
L 04/16/2018 - 02:44:47: [SM] Exception reported: Property "m_iPrimaryAmmoType" not found (entity 1196/prop_door_rotating)
L 04/16/2018 - 02:44:47: [SM] Blaming: weapon_pickup.smx
L 04/16/2018 - 02:44:47: [SM] Call stack trace:
L 04/16/2018 - 02:44:47: [SM]   [0] GetEntProp
L 04/16/2018 - 02:44:47: [SM]   [1] Line 395, weapon_pickup.sp::OnEntityUse
L 04/16/2018 - 02:44:48: [SM] Exception reported: Property "m_iPrimaryAmmoType" not found (entity 1192/prop_door_rotating)
L 04/16/2018 - 02:44:48: [SM] Blaming: weapon_pickup.smx
L 04/16/2018 - 02:44:48: [SM] Call stack trace:
L 04/16/2018 - 02:44:48: [SM]   [0] GetEntProp
L 04/16/2018 - 02:44:48: [SM]   [1] Line 395, weapon_pickup.sp::OnEntityUse
L 04/16/2018 - 02:44:51: [SM] Exception reported: Property "m_iPrimaryAmmoType" not found (entity 1192/prop_door_rotating)
L 04/16/2018 - 02:44:51: [SM] Blaming: weapon_pickup.smx
L 04/16/2018 - 02:44:51: [SM] Call stack trace:
L 04/16/2018 - 02:44:51: [SM]   [0] GetEntProp
L 04/16/2018 - 02:44:51: [SM]   [1] Line 395, weapon_pickup.sp::OnEntityUse
L 04/16/2018 - 02:44:52: [SM] Exception reported: Property "m_iPrimaryAmmoType" not found (entity 1192/prop_door_rotating)
L 04/16/2018 - 02:44:52: [SM] Blaming: weapon_pickup.smx
L 04/16/2018 - 02:44:52: [SM] Call stack trace:
L 04/16/2018 - 02:44:52: [SM]   [0] GetEntProp
L 04/16/2018 - 02:44:52: [SM]   [1] Line 395, weapon_pickup.sp::OnEntityUse
L 04/16/2018 - 02:44:52: [SM] Exception reported: Property "m_iPrimaryAmmoType" not found (entity 1192/prop_door_rotating)
L 04/16/2018 - 02:44:52: [SM] Blaming: weapon_pickup.smx
L 04/16/2018 - 02:44:52: [SM] Call stack trace:
L 04/16/2018 - 02:44:52: [SM]   [0] GetEntProp
L 04/16/2018 - 02:44:52: [SM]   [1] Line 395, weapon_pickup.sp::OnEntityUse
L 04/16/2018 - 02:45:00: [SM] Exception reported: Property "m_iPrimaryAmmoType" not found (entity 1199/prop_door_rotating)
L 04/16/2018 - 02:45:00: [SM] Blaming: weapon_pickup.smx
L 04/16/2018 - 02:45:00: [SM] Call stack trace:
L 04/16/2018 - 02:45:00: [SM]   [0] GetEntProp
L 04/16/2018 - 02:45:00: [SM]   [1] Line 395, weapon_pickup.sp::OnEntityUse
L 04/16/2018 - 02:45:00: [SM] Exception reported: Property "m_iPrimaryAmmoType" not found (entity 1199/prop_door_rotating)
L 04/16/2018 - 02:45:00: [SM] Blaming: weapon_pickup.smx
L 04/16/2018 - 02:45:00: [SM] Call stack trace:
L 04/16/2018 - 02:45:00: [SM]   [0] GetEntProp
L 04/16/2018 - 02:45:00: [SM]   [1] Line 395, weapon_pickup.sp::OnEntityUse
L 04/16/2018 - 02:45:00: [SM] Exception reported: Property "m_iPrimaryAmmoType" not found (entity 1198/prop_door_rotating)
L 04/16/2018 - 02:45:00: [SM] Blaming: weapon_pickup.smx
L 04/16/2018 - 02:45:00: [SM] Call stack trace:
L 04/16/2018 - 02:45:00: [SM]   [0] GetEntProp
L 04/16/2018 - 02:45:00: [SM]   [1] Line 395, weapon_pickup.sp::OnEntityUse
L 04/16/2018 - 02:45:03: [SM] Exception reported: Property "m_iPrimaryAmmoType" not found (entity 1198/prop_door_rotating)
L 04/16/2018 - 02:45:03: [SM] Blaming: weapon_pickup.smx
L 04/16/2018 - 02:45:03: [SM] Call stack trace:
L 04/16/2018 - 02:45:03: [SM]   [0] GetEntProp
L 04/16/2018 - 02:45:03: [SM]   [1] Line 395, weapon_pickup.sp::OnEntityUse
L 04/16/2018 - 02:45:06: [SM] Exception reported: Property "m_iPrimaryAmmoType" not found (entity 515/grenade_ied)
L 04/16/2018 - 02:45:06: [SM] Blaming: weapon_pickup.smx
L 04/16/2018 - 02:45:06: [SM] Call stack trace:
L 04/16/2018 - 02:45:06: [SM]   [0] GetEntProp
L 04/16/2018 - 02:45:06: [SM]   [1] Line 395, weapon_pickup.sp::OnEntityUse
L 04/16/2018 - 02:45:06: [SM] Exception reported: Property "m_iPrimaryAmmoType" not found (entity 1192/prop_door_rotating)
L 04/16/2018 - 02:45:06: [SM] Blaming: weapon_pickup.smx
L 04/16/2018 - 02:45:06: [SM] Call stack trace:
L 04/16/2018 - 02:45:06: [SM]   [0] GetEntProp
L 04/16/2018 - 02:45:06: [SM]   [1] Line 395, weapon_pickup.sp::OnEntityUse
L 04/16/2018 - 02:45:08: [SM] Exception reported: Property "m_iPrimaryAmmoType" not found (entity 1195/prop_door_rotating)
L 04/16/2018 - 02:45:08: [SM] Blaming: weapon_pickup.smx
L 04/16/2018 - 02:45:08: [SM] Call stack trace:
L 04/16/2018 - 02:45:08: [SM]   [0] GetEntProp
L 04/16/2018 - 02:45:08: [SM]   [1] Line 395, weapon_pickup.sp::OnEntityUse
L 04/16/2018 - 02:45:08: [SM] Exception reported: Property "m_iPrimaryAmmoType" not found (entity 1195/prop_door_rotating)
L 04/16/2018 - 02:45:08: [SM] Blaming: weapon_pickup.smx
L 04/16/2018 - 02:45:08: [SM] Call stack trace:
L 04/16/2018 - 02:45:08: [SM]   [0] GetEntProp
L 04/16/2018 - 02:45:08: [SM]   [1] Line 395, weapon_pickup.sp::OnEntityUse
L 04/16/2018 - 02:45:08: [SM] Exception reported: Property "m_iPrimaryAmmoType" not found (entity 1195/prop_door_rotating)
L 04/16/2018 - 02:45:08: [SM] Blaming: weapon_pickup.smx
L 04/16/2018 - 02:45:08: [SM] Call stack trace:
L 04/16/2018 - 02:45:08: [SM]   [0] GetEntProp
L 04/16/2018 - 02:45:08: [SM]   [1] Line 395, weapon_pickup.sp::OnEntityUse
L 04/16/2018 - 02:45:09: [SM] Exception reported: Property "m_iPrimaryAmmoType" not found (entity 1195/prop_door_rotating)
L 04/16/2018 - 02:45:09: [SM] Blaming: weapon_pickup.smx
L 04/16/2018 - 02:45:09: [SM] Call stack trace:
L 04/16/2018 - 02:45:09: [SM]   [0] GetEntProp
L 04/16/2018 - 02:45:09: [SM]   [1] Line 395, weapon_pickup.sp::OnEntityUse
L 04/16/2018 - 02:45:09: [SM] Exception reported: Property "m_iPrimaryAmmoType" not found (entity 1195/prop_door_rotating)
L 04/16/2018 - 02:45:09: [SM] Blaming: weapon_pickup.smx
L 04/16/2018 - 02:45:09: [SM] Call stack trace:
L 04/16/2018 - 02:45:09: [SM]   [0] GetEntProp
L 04/16/2018 - 02:45:09: [SM]   [1] Line 395, weapon_pickup.sp::OnEntityUse
L 04/16/2018 - 02:45:20: [SM] Exception reported: Property "m_iPrimaryAmmoType" not found (entity 1198/prop_door_rotating)
L 04/16/2018 - 02:45:20: [SM] Blaming: weapon_pickup.smx
L 04/16/2018 - 02:45:20: [SM] Call stack trace:
L 04/16/2018 - 02:45:20: [SM]   [0] GetEntProp
L 04/16/2018 - 02:45:20: [SM]   [1] Line 395, weapon_pickup.sp::OnEntityUse
L 04/16/2018 - 02:45:21: [SM] Exception reported: Property "m_iPrimaryAmmoType" not found (entity 1194/prop_door_rotating)
L 04/16/2018 - 02:45:21: [SM] Blaming: weapon_pickup.smx
L 04/16/2018 - 02:45:21: [SM] Call stack trace:
L 04/16/2018 - 02:45:21: [SM]   [0] GetEntProp
L 04/16/2018 - 02:45:21: [SM]   [1] Line 395, weapon_pickup.sp::OnEntityUse
L 04/16/2018 - 02:45:22: [SM] Exception reported: Property "m_iPrimaryAmmoType" not found (entity 1195/prop_door_rotating)
L 04/16/2018 - 02:45:22: [SM] Blaming: weapon_pickup.smx
L 04/16/2018 - 02:45:22: [SM] Call stack trace:
L 04/16/2018 - 02:45:22: [SM]   [0] GetEntProp
L 04/16/2018 - 02:45:22: [SM]   [1] Line 395, weapon_pickup.sp::OnEntityUse
L 04/16/2018 - 02:45:23: [SM] Exception reported: Property "m_iPrimaryAmmoType" not found (entity 1195/prop_door_rotating)
L 04/16/2018 - 02:45:23: [SM] Blaming: weapon_pickup.smx
L 04/16/2018 - 02:45:23: [SM] Call stack trace:
L 04/16/2018 - 02:45:23: [SM]   [0] GetEntProp
L 04/16/2018 - 02:45:23: [SM]   [1] Line 395, weapon_pickup.sp::OnEntityUse
L 04/16/2018 - 02:45:23: [SM] Exception reported: Property "m_iPrimaryAmmoType" not found (entity 1195/prop_door_rotating)
L 04/16/2018 - 02:45:23: [SM] Blaming: weapon_pickup.smx
L 04/16/2018 - 02:45:23: [SM] Call stack trace:
L 04/16/2018 - 02:45:23: [SM]   [0] GetEntProp
L 04/16/2018 - 02:45:23: [SM]   [1] Line 395, weapon_pickup.sp::OnEntityUse
L 04/16/2018 - 02:45:24: [SM] Exception reported: Property "m_iPrimaryAmmoType" not found (entity 1195/prop_door_rotating)
L 04/16/2018 - 02:45:24: [SM] Blaming: weapon_pickup.smx
L 04/16/2018 - 02:45:24: [SM] Call stack trace:
L 04/16/2018 - 02:45:24: [SM]   [0] GetEntProp
L 04/16/2018 - 02:45:24: [SM]   [1] Line 395, weapon_pickup.sp::OnEntityUse
L 04/16/2018 - 02:45:24: [SM] Exception reported: Property "m_iPrimaryAmmoType" not found (entity 1195/prop_door_rotating)
L 04/16/2018 - 02:45:24: [SM] Blaming: weapon_pickup.smx
L 04/16/2018 - 02:45:24: [SM] Call stack trace:
L 04/16/2018 - 02:45:24: [SM]   [0] GetEntProp
L 04/16/2018 - 02:45:24: [SM]   [1] Line 395, weapon_pickup.sp::OnEntityUse
L 04/16/2018 - 02:45:26: [SM] Exception reported: Property "m_iPrimaryAmmoType" not found (entity 1195/prop_door_rotating)
L 04/16/2018 - 02:45:26: [SM] Blaming: weapon_pickup.smx
L 04/16/2018 - 02:45:26: [SM] Call stack trace:
L 04/16/2018 - 02:45:26: [SM]   [0] GetEntProp
L 04/16/2018 - 02:45:26: [SM]   [1] Line 395, weapon_pickup.sp::OnEntityUse
L 04/16/2018 - 02:45:28: [SM] Exception reported: Property "m_iPrimaryAmmoType" not found (entity 1195/prop_door_rotating)
L 04/16/2018 - 02:45:28: [SM] Blaming: weapon_pickup.smx
L 04/16/2018 - 02:45:28: [SM] Call stack trace:
L 04/16/2018 - 02:45:28: [SM]   [0] GetEntProp
L 04/16/2018 - 02:45:28: [SM]   [1] Line 395, weapon_pickup.sp::OnEntityUse
L 04/16/2018 - 02:45:28: [SM] Exception reported: Property "m_iPrimaryAmmoType" not found (entity 1195/prop_door_rotating)
L 04/16/2018 - 02:45:28: [SM] Blaming: weapon_pickup.smx
L 04/16/2018 - 02:45:28: [SM] Call stack trace:
L 04/16/2018 - 02:45:28: [SM]   [0] GetEntProp
L 04/16/2018 - 02:45:28: [SM]   [1] Line 395, weapon_pickup.sp::OnEntityUse
L 04/16/2018 - 02:45:29: [SM] Exception reported: Property "m_iPrimaryAmmoType" not found (entity 1195/prop_door_rotating)
L 04/16/2018 - 02:45:29: [SM] Blaming: weapon_pickup.smx
L 04/16/2018 - 02:45:29: [SM] Call stack trace:
L 04/16/2018 - 02:45:29: [SM]   [0] GetEntProp
L 04/16/2018 - 02:45:29: [SM]   [1] Line 395, weapon_pickup.sp::OnEntityUse
L 04/16/2018 - 02:45:29: [SM] Exception reported: Property "m_iPrimaryAmmoType" not found (entity 1195/prop_door_rotating)
L 04/16/2018 - 02:45:29: [SM] Blaming: weapon_pickup.smx
L 04/16/2018 - 02:45:29: [SM] Call stack trace:
L 04/16/2018 - 02:45:29: [SM]   [0] GetEntProp
L 04/16/2018 - 02:45:29: [SM]   [1] Line 395, weapon_pickup.sp::OnEntityUse
L 04/16/2018 - 02:45:29: [SM] Exception reported: Property "m_iPrimaryAmmoType" not found (entity 1195/prop_door_rotating)
L 04/16/2018 - 02:45:29: [SM] Blaming: weapon_pickup.smx
L 04/16/2018 - 02:45:29: [SM] Call stack trace:
L 04/16/2018 - 02:45:29: [SM]   [0] GetEntProp
L 04/16/2018 - 02:45:29: [SM]   [1] Line 395, weapon_pickup.sp::OnEntityUse
L 04/16/2018 - 02:45:29: [SM] Exception reported: Property "m_iPrimaryAmmoType" not found (entity 1195/prop_door_rotating)
L 04/16/2018 - 02:45:29: [SM] Blaming: weapon_pickup.smx
L 04/16/2018 - 02:45:29: [SM] Call stack trace:
L 04/16/2018 - 02:45:29: [SM]   [0] GetEntProp
L 04/16/2018 - 02:45:29: [SM]   [1] Line 395, weapon_pickup.sp::OnEntityUse
L 04/16/2018 - 02:45:34: [SM] Exception reported: Property "m_iPrimaryAmmoType" not found (entity 1199/prop_door_rotating)
L 04/16/2018 - 02:45:34: [SM] Blaming: weapon_pickup.smx
L 04/16/2018 - 02:45:34: [SM] Call stack trace:
L 04/16/2018 - 02:45:34: [SM]   [0] GetEntProp
L 04/16/2018 - 02:45:34: [SM]   [1] Line 395, weapon_pickup.sp::OnEntityUse
L 04/16/2018 - 02:45:34: [SM] Exception reported: Property "m_iPrimaryAmmoType" not found (entity 1198/prop_door_rotating)
L 04/16/2018 - 02:45:34: [SM] Blaming: weapon_pickup.smx
L 04/16/2018 - 02:45:34: [SM] Call stack trace:
L 04/16/2018 - 02:45:34: [SM]   [0] GetEntProp
L 04/16/2018 - 02:45:34: [SM]   [1] Line 395, weapon_pickup.sp::OnEntityUse
L 04/16/2018 - 02:50:01: [SM] Exception reported: Property "m_iPrimaryAmmoType" not found (entity 1199/prop_door_rotating)
L 04/16/2018 - 02:50:01: [SM] Blaming: weapon_pickup.smx
L 04/16/2018 - 02:50:01: [SM] Call stack trace:
L 04/16/2018 - 02:50:01: [SM]   [0] GetEntProp
L 04/16/2018 - 02:50:01: [SM]   [1] Line 395, weapon_pickup.sp::OnEntityUse
L 04/16/2018 - 02:50:01: [SM] Exception reported: Property "m_iPrimaryAmmoType" not found (entity 1199/prop_door_rotating)
L 04/16/2018 - 02:50:01: [SM] Blaming: weapon_pickup.smx
L 04/16/2018 - 02:50:01: [SM] Call stack trace:
L 04/16/2018 - 02:50:01: [SM]   [0] GetEntProp
L 04/16/2018 - 02:50:01: [SM]   [1] Line 395, weapon_pickup.sp::OnEntityUse
L 04/16/2018 - 02:50:02: [SM] Exception reported: Property "m_iPrimaryAmmoType" not found (entity 1200/prop_door_rotating)
L 04/16/2018 - 02:50:02: [SM] Blaming: weapon_pickup.smx
L 04/16/2018 - 02:50:02: [SM] Call stack trace:
L 04/16/2018 - 02:50:02: [SM]   [0] GetEntProp
L 04/16/2018 - 02:50:02: [SM]   [1] Line 395, weapon_pickup.sp::OnEntityUse
L 04/16/2018 - 02:50:13: [SM] Exception reported: Property "m_iPrimaryAmmoType" not found (entity 1203/prop_door_rotating)
L 04/16/2018 - 02:50:13: [SM] Blaming: weapon_pickup.smx
L 04/16/2018 - 02:50:13: [SM] Call stack trace:
L 04/16/2018 - 02:50:13: [SM]   [0] GetEntProp
L 04/16/2018 - 02:50:13: [SM]   [1] Line 395, weapon_pickup.sp::OnEntityUse
L 04/16/2018 - 02:50:13: [SM] Exception reported: Property "m_iPrimaryAmmoType" not found (entity 1205/prop_door_rotating)
L 04/16/2018 - 02:50:13: [SM] Blaming: weapon_pickup.smx
L 04/16/2018 - 02:50:13: [SM] Call stack trace:
L 04/16/2018 - 02:50:13: [SM]   [0] GetEntProp
L 04/16/2018 - 02:50:13: [SM]   [1] Line 395, weapon_pickup.sp::OnEntityUse
L 04/16/2018 - 02:50:14: [SM] Exception reported: Property "m_iPrimaryAmmoType" not found (entity 1203/prop_door_rotating)
L 04/16/2018 - 02:50:14: [SM] Blaming: weapon_pickup.smx
L 04/16/2018 - 02:50:14: [SM] Call stack trace:
L 04/16/2018 - 02:50:14: [SM]   [0] GetEntProp
L 04/16/2018 - 02:50:14: [SM]   [1] Line 395, weapon_pickup.sp::OnEntityUse
L 04/16/2018 - 02:50:15: [SM] Exception reported: Property "m_iPrimaryAmmoType" not found (entity 1203/prop_door_rotating)
L 04/16/2018 - 02:50:15: [SM] Blaming: weapon_pickup.smx
L 04/16/2018 - 02:50:15: [SM] Call stack trace:
L 04/16/2018 - 02:50:15: [SM]   [0] GetEntProp
L 04/16/2018 - 02:50:15: [SM]   [1] Line 395, weapon_pickup.sp::OnEntityUse
L 04/16/2018 - 02:50:15: [SM] Exception reported: Property "m_iPrimaryAmmoType" not found (entity 1203/prop_door_rotating)
L 04/16/2018 - 02:50:15: [SM] Blaming: weapon_pickup.smx
L 04/16/2018 - 02:50:15: [SM] Call stack trace:
L 04/16/2018 - 02:50:15: [SM]   [0] GetEntProp
L 04/16/2018 - 02:50:15: [SM]   [1] Line 395, weapon_pickup.sp::OnEntityUse
L 04/16/2018 - 02:50:16: [SM] Exception reported: Property "m_iPrimaryAmmoType" not found (entity 1203/prop_door_rotating)
L 04/16/2018 - 02:50:16: [SM] Blaming: weapon_pickup.smx
L 04/16/2018 - 02:50:16: [SM] Call stack trace:
L 04/16/2018 - 02:50:16: [SM]   [0] GetEntProp
L 04/16/2018 - 02:50:16: [SM]   [1] Line 395, weapon_pickup.sp::OnEntityUse
L 04/16/2018 - 02:50:20: [SM] Exception reported: Property "m_iPrimaryAmmoType" not found (entity 1203/prop_door_rotating)
L 04/16/2018 - 02:50:20: [SM] Blaming: weapon_pickup.smx
L 04/16/2018 - 02:50:20: [SM] Call stack trace:
L 04/16/2018 - 02:50:20: [SM]   [0] GetEntProp
L 04/16/2018 - 02:50:20: [SM]   [1] Line 395, weapon_pickup.sp::OnEntityUse
L 04/16/2018 - 02:50:20: [SM] Exception reported: Property "m_iPrimaryAmmoType" not found (entity 1203/prop_door_rotating)
L 04/16/2018 - 02:50:20: [SM] Blaming: weapon_pickup.smx
L 04/16/2018 - 02:50:20: [SM] Call stack trace:
L 04/16/2018 - 02:50:20: [SM]   [0] GetEntProp
L 04/16/2018 - 02:50:20: [SM]   [1] Line 395, weapon_pickup.sp::OnEntityUse
L 04/16/2018 - 02:50:21: [SM] Exception reported: Property "m_iPrimaryAmmoType" not found (entity 1199/prop_door_rotating)
L 04/16/2018 - 02:50:21: [SM] Blaming: weapon_pickup.smx
L 04/16/2018 - 02:50:21: [SM] Call stack trace:
L 04/16/2018 - 02:50:21: [SM]   [0] GetEntProp
L 04/16/2018 - 02:50:21: [SM]   [1] Line 395, weapon_pickup.sp::OnEntityUse
L 04/16/2018 - 02:50:21: [SM] Exception reported: Property "m_iPrimaryAmmoType" not found (entity 1199/prop_door_rotating)
L 04/16/2018 - 02:50:21: [SM] Blaming: weapon_pickup.smx
L 04/16/2018 - 02:50:21: [SM] Call stack trace:
L 04/16/2018 - 02:50:21: [SM]   [0] GetEntProp
L 04/16/2018 - 02:50:21: [SM]   [1] Line 395, weapon_pickup.sp::OnEntityUse
L 04/16/2018 - 02:50:22: [SM] Exception reported: Property "m_iPrimaryAmmoType" not found (entity 1199/prop_door_rotating)
L 04/16/2018 - 02:50:22: [SM] Blaming: weapon_pickup.smx
L 04/16/2018 - 02:50:22: [SM] Call stack trace:
L 04/16/2018 - 02:50:22: [SM]   [0] GetEntProp
L 04/16/2018 - 02:50:22: [SM]   [1] Line 395, weapon_pickup.sp::OnEntityUse
L 04/16/2018 - 02:50:23: [SM] Exception reported: Property "m_iPrimaryAmmoType" not found (entity 1203/prop_door_rotating)
L 04/16/2018 - 02:50:23: [SM] Blaming: weapon_pickup.smx
L 04/16/2018 - 02:50:23: [SM] Call stack trace:
L 04/16/2018 - 02:50:23: [SM]   [0] GetEntProp
L 04/16/2018 - 02:50:23: [SM]   [1] Line 395, weapon_pickup.sp::OnEntityUse
L 04/16/2018 - 02:50:26: [SM] Exception reported: Property "m_iPrimaryAmmoType" not found (entity 1203/prop_door_rotating)
L 04/16/2018 - 02:50:26: [SM] Blaming: weapon_pickup.smx
L 04/16/2018 - 02:50:26: [SM] Call stack trace:
L 04/16/2018 - 02:50:26: [SM]   [0] GetEntProp
L 04/16/2018 - 02:50:26: [SM]   [1] Line 395, weapon_pickup.sp::OnEntityUse
L 04/16/2018 - 02:50:30: [SM] Exception reported: Property "m_iPrimaryAmmoType" not found (entity 1203/prop_door_rotating)
L 04/16/2018 - 02:50:30: [SM] Blaming: weapon_pickup.smx
L 04/16/2018 - 02:50:30: [SM] Call stack trace:
L 04/16/2018 - 02:50:30: [SM]   [0] GetEntProp
L 04/16/2018 - 02:50:30: [SM]   [1] Line 395, weapon_pickup.sp::OnEntityUse
L 04/16/2018 - 02:50:34: [SM] Exception reported: Property "m_iPrimaryAmmoType" not found (entity 1203/prop_door_rotating)
L 04/16/2018 - 02:50:34: [SM] Blaming: weapon_pickup.smx
L 04/16/2018 - 02:50:34: [SM] Call stack trace:
L 04/16/2018 - 02:50:34: [SM]   [0] GetEntProp
L 04/16/2018 - 02:50:34: [SM]   [1] Line 395, weapon_pickup.sp::OnEntityUse
L 04/16/2018 - 02:50:35: [SM] Exception reported: Property "m_iPrimaryAmmoType" not found (entity 1201/prop_door_rotating)
L 04/16/2018 - 02:50:35: [SM] Blaming: weapon_pickup.smx
L 04/16/2018 - 02:50:35: [SM] Call stack trace:
L 04/16/2018 - 02:50:35: [SM]   [0] GetEntProp
L 04/16/2018 - 02:50:35: [SM]   [1] Line 395, weapon_pickup.sp::OnEntityUse
L 04/16/2018 - 02:50:35: [SM] Exception reported: Property "m_iPrimaryAmmoType" not found (entity 1201/prop_door_rotating)
L 04/16/2018 - 02:50:35: [SM] Blaming: weapon_pickup.smx
L 04/16/2018 - 02:50:35: [SM] Call stack trace:
L 04/16/2018 - 02:50:35: [SM]   [0] GetEntProp
L 04/16/2018 - 02:50:35: [SM]   [1] Line 395, weapon_pickup.sp::OnEntityUse
L 04/16/2018 - 02:50:39: [SM] Exception reported: Property "m_iPrimaryAmmoType" not found (entity 1201/prop_door_rotating)
L 04/16/2018 - 02:50:39: [SM] Blaming: weapon_pickup.smx
L 04/16/2018 - 02:50:39: [SM] Call stack trace:
L 04/16/2018 - 02:50:39: [SM]   [0] GetEntProp
L 04/16/2018 - 02:50:39: [SM]   [1] Line 395, weapon_pickup.sp::OnEntityUse
L 04/16/2018 - 02:50:39: [SM] Exception reported: Property "m_iPrimaryAmmoType" not found (entity 1201/prop_door_rotating)
L 04/16/2018 - 02:50:39: [SM] Blaming: weapon_pickup.smx
L 04/16/2018 - 02:50:39: [SM] Call stack trace:
L 04/16/2018 - 02:50:39: [SM]   [0] GetEntProp
L 04/16/2018 - 02:50:39: [SM]   [1] Line 395, weapon_pickup.sp::OnEntityUse
L 04/16/2018 - 02:50:54: [SM] Exception reported: Property "m_iPrimaryAmmoType" not found (entity 1201/prop_door_rotating)
L 04/16/2018 - 02:50:54: [SM] Blaming: weapon_pickup.smx
L 04/16/2018 - 02:50:54: [SM] Call stack trace:
L 04/16/2018 - 02:50:54: [SM]   [0] GetEntProp
L 04/16/2018 - 02:50:54: [SM]   [1] Line 395, weapon_pickup.sp::OnEntityUse
L 04/16/2018 - 02:50:55: [SM] Exception reported: Property "m_iPrimaryAmmoType" not found (entity 1204/prop_door_rotating)
L 04/16/2018 - 02:50:55: [SM] Blaming: weapon_pickup.smx
L 04/16/2018 - 02:50:55: [SM] Call stack trace:
L 04/16/2018 - 02:50:55: [SM]   [0] GetEntProp
L 04/16/2018 - 02:50:55: [SM]   [1] Line 395, weapon_pickup.sp::OnEntityUse
L 04/16/2018 - 02:51:14: [SM] Exception reported: Property "m_iPrimaryAmmoType" not found (entity 1206/prop_door_rotating)
L 04/16/2018 - 02:51:14: [SM] Blaming: weapon_pickup.smx
L 04/16/2018 - 02:51:14: [SM] Call stack trace:
L 04/16/2018 - 02:51:14: [SM]   [0] GetEntProp
L 04/16/2018 - 02:51:14: [SM]   [1] Line 395, weapon_pickup.sp::OnEntityUse
L 04/16/2018 - 02:51:15: [SM] Exception reported: Property "m_iPrimaryAmmoType" not found (entity 1205/prop_door_rotating)
L 04/16/2018 - 02:51:15: [SM] Blaming: weapon_pickup.smx
L 04/16/2018 - 02:51:15: [SM] Call stack trace:
L 04/16/2018 - 02:51:15: [SM]   [0] GetEntProp
L 04/16/2018 - 02:51:15: [SM]   [1] Line 395, weapon_pickup.sp::OnEntityUse
L 04/16/2018 - 02:52:46: [SM] Exception reported: Property "m_iPrimaryAmmoType" not found (entity 1208/prop_door_rotating)
L 04/16/2018 - 02:52:46: [SM] Blaming: weapon_pickup.smx
L 04/16/2018 - 02:52:46: [SM] Call stack trace:
L 04/16/2018 - 02:52:46: [SM]   [0] GetEntProp
L 04/16/2018 - 02:52:46: [SM]   [1] Line 395, weapon_pickup.sp::OnEntityUse
L 04/16/2018 - 02:52:48: [SM] Exception reported: Property "m_iPrimaryAmmoType" not found (entity 1208/prop_door_rotating)
L 04/16/2018 - 02:52:48: [SM] Blaming: weapon_pickup.smx
L 04/16/2018 - 02:52:48: [SM] Call stack trace:
L 04/16/2018 - 02:52:48: [SM]   [0] GetEntProp
L 04/16/2018 - 02:52:48: [SM]   [1] Line 395, weapon_pickup.sp::OnEntityUse
L 04/16/2018 - 02:52:48: [SM] Exception reported: Property "m_iPrimaryAmmoType" not found (entity 1208/prop_door_rotating)
L 04/16/2018 - 02:52:48: [SM] Blaming: weapon_pickup.smx
L 04/16/2018 - 02:52:48: [SM] Call stack trace:
L 04/16/2018 - 02:52:48: [SM]   [0] GetEntProp
L 04/16/2018 - 02:52:48: [SM]   [1] Line 395, weapon_pickup.sp::OnEntityUse
L 04/16/2018 - 02:52:49: [SM] Exception reported: Property "m_iPrimaryAmmoType" not found (entity 1208/prop_door_rotating)
L 04/16/2018 - 02:52:49: [SM] Blaming: weapon_pickup.smx
L 04/16/2018 - 02:52:49: [SM] Call stack trace:
L 04/16/2018 - 02:52:49: [SM]   [0] GetEntProp
L 04/16/2018 - 02:52:49: [SM]   [1] Line 395, weapon_pickup.sp::OnEntityUse
L 04/16/2018 - 02:52:49: [SM] Exception reported: Property "m_iPrimaryAmmoType" not found (entity 1209/prop_door_rotating)
L 04/16/2018 - 02:52:49: [SM] Blaming: weapon_pickup.smx
L 04/16/2018 - 02:52:49: [SM] Call stack trace:
L 04/16/2018 - 02:52:49: [SM]   [0] GetEntProp
L 04/16/2018 - 02:52:49: [SM]   [1] Line 395, weapon_pickup.sp::OnEntityUse
L 04/16/2018 - 02:52:50: [SM] Exception reported: Property "m_iPrimaryAmmoType" not found (entity 1208/prop_door_rotating)
L 04/16/2018 - 02:52:50: [SM] Blaming: weapon_pickup.smx
L 04/16/2018 - 02:52:50: [SM] Call stack trace:
L 04/16/2018 - 02:52:50: [SM]   [0] GetEntProp
L 04/16/2018 - 02:52:50: [SM]   [1] Line 395, weapon_pickup.sp::OnEntityUse
L 04/16/2018 - 02:52:51: [SM] Exception reported: Property "m_iPrimaryAmmoType" not found (entity 1209/prop_door_rotating)
L 04/16/2018 - 02:52:51: [SM] Blaming: weapon_pickup.smx
L 04/16/2018 - 02:52:51: [SM] Call stack trace:
L 04/16/2018 - 02:52:51: [SM]   [0] GetEntProp
L 04/16/2018 - 02:52:51: [SM]   [1] Line 395, weapon_pickup.sp::OnEntityUse
L 04/16/2018 - 02:52:51: [SM] Exception reported: Property "m_iPrimaryAmmoType" not found (entity 1207/prop_door_rotating)
L 04/16/2018 - 02:52:51: [SM] Blaming: weapon_pickup.smx
L 04/16/2018 - 02:52:51: [SM] Call stack trace:
L 04/16/2018 - 02:52:51: [SM]   [0] GetEntProp
L 04/16/2018 - 02:52:51: [SM]   [1] Line 395, weapon_pickup.sp::OnEntityUse
L 04/16/2018 - 02:52:52: [SM] Exception reported: Property "m_iPrimaryAmmoType" not found (entity 1209/prop_door_rotating)
L 04/16/2018 - 02:52:52: [SM] Blaming: weapon_pickup.smx
L 04/16/2018 - 02:52:52: [SM] Call stack trace:
L 04/16/2018 - 02:52:52: [SM]   [0] GetEntProp
L 04/16/2018 - 02:52:52: [SM]   [1] Line 395, weapon_pickup.sp::OnEntityUse
L 04/16/2018 - 02:52:53: [SM] Exception reported: Property "m_iPrimaryAmmoType" not found (entity 1209/prop_door_rotating)
L 04/16/2018 - 02:52:53: [SM] Blaming: weapon_pickup.smx
L 04/16/2018 - 02:52:53: [SM] Call stack trace:
L 04/16/2018 - 02:52:53: [SM]   [0] GetEntProp
L 04/16/2018 - 02:52:53: [SM]   [1] Line 395, weapon_pickup.sp::OnEntityUse
L 04/16/2018 - 02:53:02: [SM] Exception reported: Property "m_iPrimaryAmmoType" not found (entity 1206/prop_door_rotating)
L 04/16/2018 - 02:53:02: [SM] Blaming: weapon_pickup.smx
L 04/16/2018 - 02:53:02: [SM] Call stack trace:
L 04/16/2018 - 02:53:02: [SM]   [0] GetEntProp
L 04/16/2018 - 02:53:02: [SM]   [1] Line 395, weapon_pickup.sp::OnEntityUse
L 04/16/2018 - 02:53:02: [SM] Exception reported: Property "m_iPrimaryAmmoType" not found (entity 1212/prop_door_rotating)
L 04/16/2018 - 02:53:02: [SM] Blaming: weapon_pickup.smx
L 04/16/2018 - 02:53:02: [SM] Call stack trace:
L 04/16/2018 - 02:53:02: [SM]   [0] GetEntProp
L 04/16/2018 - 02:53:02: [SM]   [1] Line 395, weapon_pickup.sp::OnEntityUse
L 04/16/2018 - 02:53:10: [SM] Exception reported: Property "m_iPrimaryAmmoType" not found (entity 1210/prop_door_rotating)
L 04/16/2018 - 02:53:10: [SM] Blaming: weapon_pickup.smx
L 04/16/2018 - 02:53:10: [SM] Call stack trace:
L 04/16/2018 - 02:53:10: [SM]   [0] GetEntProp
L 04/16/2018 - 02:53:10: [SM]   [1] Line 395, weapon_pickup.sp::OnEntityUse
L 04/16/2018 - 02:53:40: [SM] Exception reported: Property "m_iPrimaryAmmoType" not found (entity 1208/prop_door_rotating)
L 04/16/2018 - 02:53:40: [SM] Blaming: weapon_pickup.smx
L 04/16/2018 - 02:53:40: [SM] Call stack trace:
L 04/16/2018 - 02:53:40: [SM]   [0] GetEntProp
L 04/16/2018 - 02:53:40: [SM]   [1] Line 395, weapon_pickup.sp::OnEntityUse
L 04/16/2018 - 02:53:43: [SM] Exception reported: Property "m_iPrimaryAmmoType" not found (entity 1208/prop_door_rotating)
L 04/16/2018 - 02:53:43: [SM] Blaming: weapon_pickup.smx
L 04/16/2018 - 02:53:43: [SM] Call stack trace:
L 04/16/2018 - 02:53:43: [SM]   [0] GetEntProp
L 04/16/2018 - 02:53:43: [SM]   [1] Line 395, weapon_pickup.sp::OnEntityUse
L 04/16/2018 - 02:53:44: [SM] Exception reported: Property "m_iPrimaryAmmoType" not found (entity 1208/prop_door_rotating)
L 04/16/2018 - 02:53:44: [SM] Blaming: weapon_pickup.smx
L 04/16/2018 - 02:53:44: [SM] Call stack trace:
L 04/16/2018 - 02:53:44: [SM]   [0] GetEntProp
L 04/16/2018 - 02:53:44: [SM]   [1] Line 395, weapon_pickup.sp::OnEntityUse
L 04/16/2018 - 02:53:51: [SM] Exception reported: Property "m_iPrimaryAmmoType" not found (entity 1208/prop_door_rotating)
L 04/16/2018 - 02:53:51: [SM] Blaming: weapon_pickup.smx
L 04/16/2018 - 02:53:51: [SM] Call stack trace:
L 04/16/2018 - 02:53:51: [SM]   [0] GetEntProp
L 04/16/2018 - 02:53:51: [SM]   [1] Line 395, weapon_pickup.sp::OnEntityUse
L 04/16/2018 - 02:53:51: [SM] Exception reported: Property "m_iPrimaryAmmoType" not found (entity 1208/prop_door_rotating)
L 04/16/2018 - 02:53:51: [SM] Blaming: weapon_pickup.smx
L 04/16/2018 - 02:53:51: [SM] Call stack trace:
L 04/16/2018 - 02:53:51: [SM]   [0] GetEntProp
L 04/16/2018 - 02:53:51: [SM]   [1] Line 395, weapon_pickup.sp::OnEntityUse
L 04/16/2018 - 02:56:28: Error log file session closed.
L 04/16/2018 - 02:56:28: SourceMod error session started
L 04/16/2018 - 02:56:28: Info (map "tell_coop") (file "errors_20180416.log")
L 04/16/2018 - 02:56:28: [SM] Fatal error encountered parsing translation file "hreservedslots.phrases.txt"
L 04/16/2018 - 02:56:28: [SM] Error (line 0, column 0): Stream failed to open
L 04/16/2018 - 03:06:30: [SM] Exception reported: Property "m_iPrimaryAmmoType" not found (entity 807/obj_weapon_cache)
L 04/16/2018 - 03:06:30: [SM] Blaming: weapon_pickup.smx
L 04/16/2018 - 03:06:30: [SM] Call stack trace:
L 04/16/2018 - 03:06:30: [SM]   [0] GetEntProp
L 04/16/2018 - 03:06:30: [SM]   [1] Line 395, weapon_pickup.sp::OnEntityUse
L 04/16/2018 - 03:08:38: Error log file session closed.
L 04/16/2018 - 03:08:38: SourceMod error session started
L 04/16/2018 - 03:08:38: Info (map "cs_italy_coop") (file "errors_20180416.log")
L 04/16/2018 - 03:08:38: [SM] Fatal error encountered parsing translation file "hreservedslots.phrases.txt"
L 04/16/2018 - 03:08:38: [SM] Error (line 0, column 0): Stream failed to open
L 04/16/2018 - 03:09:19: Error log file session closed.
L 04/16/2018 - 03:09:19: SourceMod error session started
L 04/16/2018 - 03:09:19: Info (map "badlands_b1") (file "errors_20180416.log")
L 04/16/2018 - 03:09:19: [SM] Fatal error encountered parsing translation file "hreservedslots.phrases.txt"
L 04/16/2018 - 03:09:19: [SM] Error (line 0, column 0): Stream failed to open
L 04/16/2018 - 03:21:48: Error log file session closed.
L 04/16/2018 - 03:21:48: SourceMod error session started
L 04/16/2018 - 03:21:48: Info (map "cs_italy_coop") (file "errors_20180416.log")
L 04/16/2018 - 03:21:48: [SM] Fatal error encountered parsing translation file "hreservedslots.phrases.txt"
L 04/16/2018 - 03:21:48: [SM] Error (line 0, column 0): Stream failed to open
L 04/16/2018 - 03:36:47: Error log file session closed.
L 04/16/2018 - 03:36:47: SourceMod error session started
L 04/16/2018 - 03:36:47: Info (map "cs_italy_coop") (file "errors_20180416.log")
L 04/16/2018 - 03:36:47: [SM] Fatal error encountered parsing translation file "hreservedslots.phrases.txt"
L 04/16/2018 - 03:36:47: [SM] Error (line 0, column 0): Stream failed to open
L 04/16/2018 - 03:57:43: Error log file session closed.
L 04/16/2018 - 03:57:43: SourceMod error session started
L 04/16/2018 - 03:57:43: Info (map "siege_coop") (file "errors_20180416.log")
L 04/16/2018 - 03:57:43: [SM] Fatal error encountered parsing translation file "hreservedslots.phrases.txt"
L 04/16/2018 - 03:57:43: [SM] Error (line 0, column 0): Stream failed to open
L 04/16/2018 - 04:09:25: Error log file session closed.
L 04/16/2018 - 04:09:25: SourceMod error session started
L 04/16/2018 - 04:09:25: Info (map "badlands_night_b1") (file "errors_20180416.log")
L 04/16/2018 - 04:09:25: [SM] Fatal error encountered parsing translation file "hreservedslots.phrases.txt"
L 04/16/2018 - 04:09:25: [SM] Error (line 0, column 0): Stream failed to open
L 04/16/2018 - 04:11:11: Error log file session closed.
L 04/16/2018 - 04:11:11: SourceMod error session started
L 04/16/2018 - 04:11:11: Info (map "siege_coop") (file "errors_20180416.log")
L 04/16/2018 - 04:11:11: [SM] Fatal error encountered parsing translation file "hreservedslots.phrases.txt"
L 04/16/2018 - 04:11:11: [SM] Error (line 0, column 0): Stream failed to open
L 04/16/2018 - 04:17:21: Error log file session closed.
L 04/16/2018 - 04:17:21: SourceMod error session started
L 04/16/2018 - 04:17:21: Info (map "siege_coop") (file "errors_20180416.log")
L 04/16/2018 - 04:17:21: [SM] Fatal error encountered parsing translation file "hreservedslots.phrases.txt"
L 04/16/2018 - 04:17:21: [SM] Error (line 0, column 0): Stream failed to open
L 04/16/2018 - 04:23:59: Error log file session closed.
L 04/16/2018 - 04:23:59: SourceMod error session started
L 04/16/2018 - 04:23:59: Info (map "siege_coop") (file "errors_20180416.log")
L 04/16/2018 - 04:23:59: [SM] Fatal error encountered parsing translation file "hreservedslots.phrases.txt"
L 04/16/2018 - 04:23:59: [SM] Error (line 0, column 0): Stream failed to open
L 04/16/2018 - 04:29:58: Error log file session closed.
L 04/16/2018 - 04:29:58: SourceMod error session started
L 04/16/2018 - 04:29:58: Info (map "cs_workout_v1") (file "errors_20180416.log")
L 04/16/2018 - 04:29:58: [SM] Fatal error encountered parsing translation file "hreservedslots.phrases.txt"
L 04/16/2018 - 04:29:58: [SM] Error (line 0, column 0): Stream failed to open
L 04/16/2018 - 04:35:36: Error log file session closed.
L 04/16/2018 - 04:35:36: SourceMod error session started
L 04/16/2018 - 04:35:36: Info (map "cu_chi_tunnels") (file "errors_20180416.log")
L 04/16/2018 - 04:35:36: [SM] Fatal error encountered parsing translation file "hreservedslots.phrases.txt"
L 04/16/2018 - 04:35:36: [SM] Error (line 0, column 0): Stream failed to open
L 04/16/2018 - 05:00:06: Error log file session closed.
L 04/16/2018 - 05:00:06: Error log file session closed.
L 04/16/2018 - 08:00:44: SourceMod error session started
L 04/16/2018 - 08:00:44: Info (map "block26_b1") (file "errors_20180416.log")
L 04/16/2018 - 08:00:44: [SM] Failed to load plugin "nextmap.smx": Nextmap is incompatible with this game.
L 04/16/2018 - 08:00:44: [SM] Fatal error encountered parsing translation file "hreservedslots.phrases.txt"
L 04/16/2018 - 08:00:44: [SM] Error (line 0, column 0): Stream failed to open
L 04/16/2018 - 08:49:55: Error log file session closed.
L 04/16/2018 - 08:49:55: SourceMod error session started
L 04/16/2018 - 08:49:55: Info (map "block26_b1") (file "errors_20180416.log")
L 04/16/2018 - 08:49:55: [SM] Fatal error encountered parsing translation file "hreservedslots.phrases.txt"
L 04/16/2018 - 08:49:55: [SM] Error (line 0, column 0): Stream failed to open
L 04/16/2018 - 09:01:22: Error log file session closed.
L 04/16/2018 - 09:01:22: SourceMod error session started
L 04/16/2018 - 09:01:22: Info (map "block26_b1") (file "errors_20180416.log")
L 04/16/2018 - 09:01:22: [SM] Fatal error encountered parsing translation file "hreservedslots.phrases.txt"
L 04/16/2018 - 09:01:22: [SM] Error (line 0, column 0): Stream failed to open
L 04/16/2018 - 09:10:56: Error log file session closed.
L 04/16/2018 - 09:10:56: SourceMod error session started
L 04/16/2018 - 09:10:56: Info (map "doi_metz") (file "errors_20180416.log")
L 04/16/2018 - 09:10:56: [SM] Fatal error encountered parsing translation file "hreservedslots.phrases.txt"
L 04/16/2018 - 09:10:56: [SM] Error (line 0, column 0): Stream failed to open
L 04/16/2018 - 09:42:47: Error log file session closed.
L 04/16/2018 - 09:42:47: SourceMod error session started
L 04/16/2018 - 09:42:47: Info (map "dust2_checkpoint_b8") (file "errors_20180416.log")
L 04/16/2018 - 09:42:47: [SM] Fatal error encountered parsing translation file "hreservedslots.phrases.txt"
L 04/16/2018 - 09:42:47: [SM] Error (line 0, column 0): Stream failed to open
L 04/16/2018 - 09:48:34: Error log file session closed.
L 04/16/2018 - 09:48:34: SourceMod error session started
L 04/16/2018 - 09:48:34: Info (map "dust2_checkpoint_b8") (file "errors_20180416.log")
L 04/16/2018 - 09:48:34: [SM] Fatal error encountered parsing translation file "hreservedslots.phrases.txt"
L 04/16/2018 - 09:48:34: [SM] Error (line 0, column 0): Stream failed to open
L 04/16/2018 - 09:51:35: [SM] Exception reported: Property "m_iPrimaryAmmoType" not found (entity 687/sec_nightvision)
L 04/16/2018 - 09:51:35: [SM] Blaming: weapon_pickup.smx
L 04/16/2018 - 09:51:35: [SM] Call stack trace:
L 04/16/2018 - 09:51:35: [SM]   [0] GetEntProp
L 04/16/2018 - 09:51:35: [SM]   [1] Line 395, weapon_pickup.sp::OnEntityUse
L 04/16/2018 - 09:54:15: Error log file session closed.
L 04/16/2018 - 09:54:15: SourceMod error session started
L 04/16/2018 - 09:54:15: Info (map "dust2_checkpoint_b8") (file "errors_20180416.log")
L 04/16/2018 - 09:54:15: [SM] Fatal error encountered parsing translation file "hreservedslots.phrases.txt"
L 04/16/2018 - 09:54:15: [SM] Error (line 0, column 0): Stream failed to open
L 04/16/2018 - 10:03:15: [SM] Exception reported: Property "m_iPrimaryAmmoType" not found (entity 681/sec_nightvision)
L 04/16/2018 - 10:03:15: [SM] Blaming: weapon_pickup.smx
L 04/16/2018 - 10:03:15: [SM] Call stack trace:
L 04/16/2018 - 10:03:15: [SM]   [0] GetEntProp
L 04/16/2018 - 10:03:15: [SM]   [1] Line 395, weapon_pickup.sp::OnEntityUse
L 04/16/2018 - 10:03:42: Error log file session closed.
L 04/16/2018 - 10:03:42: SourceMod error session started
L 04/16/2018 - 10:03:42: Info (map "dust2_checkpoint_b8") (file "errors_20180416.log")
L 04/16/2018 - 10:03:42: [SM] Fatal error encountered parsing translation file "hreservedslots.phrases.txt"
L 04/16/2018 - 10:03:42: [SM] Error (line 0, column 0): Stream failed to open
L 04/16/2018 - 10:19:02: Error log file session closed.
L 04/16/2018 - 10:19:02: SourceMod error session started
L 04/16/2018 - 10:19:02: Info (map "dust2_checkpoint_b8") (file "errors_20180416.log")
L 04/16/2018 - 10:19:02: [SM] Fatal error encountered parsing translation file "hreservedslots.phrases.txt"
L 04/16/2018 - 10:19:02: [SM] Error (line 0, column 0): Stream failed to open
L 04/16/2018 - 10:26:19: Error log file session closed.
L 04/16/2018 - 10:26:19: SourceMod error session started
L 04/16/2018 - 10:26:19: Info (map "cs_italy_coop") (file "errors_20180416.log")
L 04/16/2018 - 10:26:19: [SM] Fatal error encountered parsing translation file "hreservedslots.phrases.txt"
L 04/16/2018 - 10:26:19: [SM] Error (line 0, column 0): Stream failed to open
L 04/16/2018 - 10:40:21: [SM] Exception reported: Property "m_iPrimaryAmmoType" not found (entity 598/predicted_viewmodel)
L 04/16/2018 - 10:40:21: [SM] Blaming: weapon_pickup.smx
L 04/16/2018 - 10:40:21: [SM] Call stack trace:
L 04/16/2018 - 10:40:21: [SM]   [0] GetEntProp
L 04/16/2018 - 10:40:21: [SM]   [1] Line 395, weapon_pickup.sp::OnEntityUse
L 04/16/2018 - 10:54:57: Error log file session closed.
L 04/16/2018 - 10:54:57: SourceMod error session started
L 04/16/2018 - 10:54:57: Info (map "inferno_checkpoint_b2") (file "errors_20180416.log")
L 04/16/2018 - 10:54:57: [SM] Fatal error encountered parsing translation file "hreservedslots.phrases.txt"
L 04/16/2018 - 10:54:57: [SM] Error (line 0, column 0): Stream failed to open
L 04/16/2018 - 10:57:37: [SM] Exception reported: Property "m_iPrimaryAmmoType" not found (entity 508/prop_door_rotating)
L 04/16/2018 - 10:57:37: [SM] Blaming: weapon_pickup.smx
L 04/16/2018 - 10:57:37: [SM] Call stack trace:
L 04/16/2018 - 10:57:37: [SM]   [0] GetEntProp
L 04/16/2018 - 10:57:37: [SM]   [1] Line 395, weapon_pickup.sp::OnEntityUse
L 04/16/2018 - 10:58:43: [SM] Exception reported: Property "m_iPrimaryAmmoType" not found (entity 508/prop_door_rotating)
L 04/16/2018 - 10:58:43: [SM] Blaming: weapon_pickup.smx
L 04/16/2018 - 10:58:43: [SM] Call stack trace:
L 04/16/2018 - 10:58:43: [SM]   [0] GetEntProp
L 04/16/2018 - 10:58:43: [SM]   [1] Line 395, weapon_pickup.sp::OnEntityUse
L 04/16/2018 - 11:00:35: [SM] Exception reported: Property "m_iPrimaryAmmoType" not found (entity 508/prop_door_rotating)
L 04/16/2018 - 11:00:35: [SM] Blaming: weapon_pickup.smx
L 04/16/2018 - 11:00:35: [SM] Call stack trace:
L 04/16/2018 - 11:00:35: [SM]   [0] GetEntProp
L 04/16/2018 - 11:00:35: [SM]   [1] Line 395, weapon_pickup.sp::OnEntityUse
L 04/16/2018 - 11:03:15: [SM] Exception reported: Property "m_iPrimaryAmmoType" not found (entity 514/prop_door_rotating)
L 04/16/2018 - 11:03:15: [SM] Blaming: weapon_pickup.smx
L 04/16/2018 - 11:03:15: [SM] Call stack trace:
L 04/16/2018 - 11:03:15: [SM]   [0] GetEntProp
L 04/16/2018 - 11:03:15: [SM]   [1] Line 395, weapon_pickup.sp::OnEntityUse
L 04/16/2018 - 11:03:31: [SM] Exception reported: Property "m_iPrimaryAmmoType" not found (entity 514/prop_door_rotating)
L 04/16/2018 - 11:03:31: [SM] Blaming: weapon_pickup.smx
L 04/16/2018 - 11:03:31: [SM] Call stack trace:
L 04/16/2018 - 11:03:31: [SM]   [0] GetEntProp
L 04/16/2018 - 11:03:31: [SM]   [1] Line 395, weapon_pickup.sp::OnEntityUse
L 04/16/2018 - 11:03:41: [SM] Exception reported: Property "m_iPrimaryAmmoType" not found (entity 514/prop_door_rotating)
L 04/16/2018 - 11:03:41: [SM] Blaming: weapon_pickup.smx
L 04/16/2018 - 11:03:41: [SM] Call stack trace:
L 04/16/2018 - 11:03:41: [SM]   [0] GetEntProp
L 04/16/2018 - 11:03:41: [SM]   [1] Line 395, weapon_pickup.sp::OnEntityUse
L 04/16/2018 - 11:04:21: [SM] Exception reported: Property "m_iPrimaryAmmoType" not found (entity 514/prop_door_rotating)
L 04/16/2018 - 11:04:21: [SM] Blaming: weapon_pickup.smx
L 04/16/2018 - 11:04:21: [SM] Call stack trace:
L 04/16/2018 - 11:04:21: [SM]   [0] GetEntProp
L 04/16/2018 - 11:04:21: [SM]   [1] Line 395, weapon_pickup.sp::OnEntityUse
L 04/16/2018 - 11:04:25: [SM] Exception reported: Property "m_iPrimaryAmmoType" not found (entity 514/prop_door_rotating)
L 04/16/2018 - 11:04:25: [SM] Blaming: weapon_pickup.smx
L 04/16/2018 - 11:04:25: [SM] Call stack trace:
L 04/16/2018 - 11:04:25: [SM]   [0] GetEntProp
L 04/16/2018 - 11:04:25: [SM]   [1] Line 395, weapon_pickup.sp::OnEntityUse
L 04/16/2018 - 11:04:25: [SM] Exception reported: Property "m_iPrimaryAmmoType" not found (entity 514/prop_door_rotating)
L 04/16/2018 - 11:04:25: [SM] Blaming: weapon_pickup.smx
L 04/16/2018 - 11:04:25: [SM] Call stack trace:
L 04/16/2018 - 11:04:25: [SM]   [0] GetEntProp
L 04/16/2018 - 11:04:25: [SM]   [1] Line 395, weapon_pickup.sp::OnEntityUse
L 04/16/2018 - 11:04:55: [SM] Exception reported: Property "m_iPrimaryAmmoType" not found (entity 514/prop_door_rotating)
L 04/16/2018 - 11:04:55: [SM] Blaming: weapon_pickup.smx
L 04/16/2018 - 11:04:55: [SM] Call stack trace:
L 04/16/2018 - 11:04:55: [SM]   [0] GetEntProp
L 04/16/2018 - 11:04:55: [SM]   [1] Line 395, weapon_pickup.sp::OnEntityUse
L 04/16/2018 - 11:04:57: [SM] Exception reported: Property "m_iPrimaryAmmoType" not found (entity 514/prop_door_rotating)
L 04/16/2018 - 11:04:57: [SM] Blaming: weapon_pickup.smx
L 04/16/2018 - 11:04:57: [SM] Call stack trace:
L 04/16/2018 - 11:04:57: [SM]   [0] GetEntProp
L 04/16/2018 - 11:04:57: [SM]   [1] Line 395, weapon_pickup.sp::OnEntityUse
L 04/16/2018 - 11:05:00: [SM] Exception reported: Property "m_iPrimaryAmmoType" not found (entity 514/prop_door_rotating)
L 04/16/2018 - 11:05:00: [SM] Blaming: weapon_pickup.smx
L 04/16/2018 - 11:05:00: [SM] Call stack trace:
L 04/16/2018 - 11:05:00: [SM]   [0] GetEntProp
L 04/16/2018 - 11:05:00: [SM]   [1] Line 395, weapon_pickup.sp::OnEntityUse
L 04/16/2018 - 11:05:00: [SM] Exception reported: Property "m_iPrimaryAmmoType" not found (entity 514/prop_door_rotating)
L 04/16/2018 - 11:05:00: [SM] Blaming: weapon_pickup.smx
L 04/16/2018 - 11:05:00: [SM] Call stack trace:
L 04/16/2018 - 11:05:00: [SM]   [0] GetEntProp
L 04/16/2018 - 11:05:00: [SM]   [1] Line 395, weapon_pickup.sp::OnEntityUse
L 04/16/2018 - 11:05:03: [SM] Exception reported: Property "m_iPrimaryAmmoType" not found (entity 514/prop_door_rotating)
L 04/16/2018 - 11:05:03: [SM] Blaming: weapon_pickup.smx
L 04/16/2018 - 11:05:03: [SM] Call stack trace:
L 04/16/2018 - 11:05:03: [SM]   [0] GetEntProp
L 04/16/2018 - 11:05:03: [SM]   [1] Line 395, weapon_pickup.sp::OnEntityUse
L 04/16/2018 - 11:05:16: [SM] Exception reported: Property "m_iPrimaryAmmoType" not found (entity 514/prop_door_rotating)
L 04/16/2018 - 11:05:16: [SM] Blaming: weapon_pickup.smx
L 04/16/2018 - 11:05:16: [SM] Call stack trace:
L 04/16/2018 - 11:05:16: [SM]   [0] GetEntProp
L 04/16/2018 - 11:05:16: [SM]   [1] Line 395, weapon_pickup.sp::OnEntityUse
L 04/16/2018 - 11:05:22: [SM] Exception reported: Property "m_iPrimaryAmmoType" not found (entity 514/prop_door_rotating)
L 04/16/2018 - 11:05:22: [SM] Blaming: weapon_pickup.smx
L 04/16/2018 - 11:05:22: [SM] Call stack trace:
L 04/16/2018 - 11:05:22: [SM]   [0] GetEntProp
L 04/16/2018 - 11:05:22: [SM]   [1] Line 395, weapon_pickup.sp::OnEntityUse
L 04/16/2018 - 11:05:50: [SM] Exception reported: Property "m_iPrimaryAmmoType" not found (entity 514/prop_door_rotating)
L 04/16/2018 - 11:05:50: [SM] Blaming: weapon_pickup.smx
L 04/16/2018 - 11:05:50: [SM] Call stack trace:
L 04/16/2018 - 11:05:50: [SM]   [0] GetEntProp
L 04/16/2018 - 11:05:50: [SM]   [1] Line 395, weapon_pickup.sp::OnEntityUse
L 04/16/2018 - 11:06:17: [SM] Exception reported: Property "m_iPrimaryAmmoType" not found (entity 514/prop_door_rotating)
L 04/16/2018 - 11:06:17: [SM] Blaming: weapon_pickup.smx
L 04/16/2018 - 11:06:17: [SM] Call stack trace:
L 04/16/2018 - 11:06:17: [SM]   [0] GetEntProp
L 04/16/2018 - 11:06:17: [SM]   [1] Line 395, weapon_pickup.sp::OnEntityUse
L 04/16/2018 - 11:11:53: [SM] Exception reported: Property "m_iPrimaryAmmoType" not found (entity 520/prop_door_rotating)
L 04/16/2018 - 11:11:53: [SM] Blaming: weapon_pickup.smx
L 04/16/2018 - 11:11:53: [SM] Call stack trace:
L 04/16/2018 - 11:11:53: [SM]   [0] GetEntProp
L 04/16/2018 - 11:11:53: [SM]   [1] Line 395, weapon_pickup.sp::OnEntityUse
L 04/16/2018 - 11:13:55: [SM] Exception reported: Property "m_iPrimaryAmmoType" not found (entity 520/prop_door_rotating)
L 04/16/2018 - 11:13:55: [SM] Blaming: weapon_pickup.smx
L 04/16/2018 - 11:13:55: [SM] Call stack trace:
L 04/16/2018 - 11:13:55: [SM]   [0] GetEntProp
L 04/16/2018 - 11:13:55: [SM]   [1] Line 395, weapon_pickup.sp::OnEntityUse
L 04/16/2018 - 11:14:05: [SM] Exception reported: Property "m_iPrimaryAmmoType" not found (entity 520/prop_door_rotating)
L 04/16/2018 - 11:14:05: [SM] Blaming: weapon_pickup.smx
L 04/16/2018 - 11:14:05: [SM] Call stack trace:
L 04/16/2018 - 11:14:05: [SM]   [0] GetEntProp
L 04/16/2018 - 11:14:05: [SM]   [1] Line 395, weapon_pickup.sp::OnEntityUse
L 04/16/2018 - 11:14:05: [SM] Exception reported: Property "m_iPrimaryAmmoType" not found (entity 520/prop_door_rotating)
L 04/16/2018 - 11:14:05: [SM] Blaming: weapon_pickup.smx
L 04/16/2018 - 11:14:05: [SM] Call stack trace:
L 04/16/2018 - 11:14:05: [SM]   [0] GetEntProp
L 04/16/2018 - 11:14:05: [SM]   [1] Line 395, weapon_pickup.sp::OnEntityUse
L 04/16/2018 - 11:14:17: [SM] Exception reported: Property "m_iPrimaryAmmoType" not found (entity 520/prop_door_rotating)
L 04/16/2018 - 11:14:17: [SM] Blaming: weapon_pickup.smx
L 04/16/2018 - 11:14:17: [SM] Call stack trace:
L 04/16/2018 - 11:14:17: [SM]   [0] GetEntProp
L 04/16/2018 - 11:14:17: [SM]   [1] Line 395, weapon_pickup.sp::OnEntityUse
L 04/16/2018 - 11:14:17: [SM] Exception reported: Property "m_iPrimaryAmmoType" not found (entity 520/prop_door_rotating)
L 04/16/2018 - 11:14:17: [SM] Blaming: weapon_pickup.smx
L 04/16/2018 - 11:14:17: [SM] Call stack trace:
L 04/16/2018 - 11:14:17: [SM]   [0] GetEntProp
L 04/16/2018 - 11:14:17: [SM]   [1] Line 395, weapon_pickup.sp::OnEntityUse
L 04/16/2018 - 11:14:17: [SM] Exception reported: Property "m_iPrimaryAmmoType" not found (entity 520/prop_door_rotating)
L 04/16/2018 - 11:14:17: [SM] Blaming: weapon_pickup.smx
L 04/16/2018 - 11:14:17: [SM] Call stack trace:
L 04/16/2018 - 11:14:17: [SM]   [0] GetEntProp
L 04/16/2018 - 11:14:17: [SM]   [1] Line 395, weapon_pickup.sp::OnEntityUse
L 04/16/2018 - 11:14:17: [SM] Exception reported: Property "m_iPrimaryAmmoType" not found (entity 520/prop_door_rotating)
L 04/16/2018 - 11:14:17: [SM] Blaming: weapon_pickup.smx
L 04/16/2018 - 11:14:17: [SM] Call stack trace:
L 04/16/2018 - 11:14:17: [SM]   [0] GetEntProp
L 04/16/2018 - 11:14:17: [SM]   [1] Line 395, weapon_pickup.sp::OnEntityUse
L 04/16/2018 - 11:14:18: [SM] Exception reported: Property "m_iPrimaryAmmoType" not found (entity 520/prop_door_rotating)
L 04/16/2018 - 11:14:18: [SM] Blaming: weapon_pickup.smx
L 04/16/2018 - 11:14:18: [SM] Call stack trace:
L 04/16/2018 - 11:14:18: [SM]   [0] GetEntProp
L 04/16/2018 - 11:14:18: [SM]   [1] Line 395, weapon_pickup.sp::OnEntityUse
L 04/16/2018 - 11:14:18: [SM] Exception reported: Property "m_iPrimaryAmmoType" not found (entity 520/prop_door_rotating)
L 04/16/2018 - 11:14:18: [SM] Blaming: weapon_pickup.smx
L 04/16/2018 - 11:14:18: [SM] Call stack trace:
L 04/16/2018 - 11:14:18: [SM]   [0] GetEntProp
L 04/16/2018 - 11:14:18: [SM]   [1] Line 395, weapon_pickup.sp::OnEntityUse
L 04/16/2018 - 11:14:18: [SM] Exception reported: Property "m_iPrimaryAmmoType" not found (entity 520/prop_door_rotating)
L 04/16/2018 - 11:14:18: [SM] Blaming: weapon_pickup.smx
L 04/16/2018 - 11:14:18: [SM] Call stack trace:
L 04/16/2018 - 11:14:18: [SM]   [0] GetEntProp
L 04/16/2018 - 11:14:18: [SM]   [1] Line 395, weapon_pickup.sp::OnEntityUse
L 04/16/2018 - 11:14:18: [SM] Exception reported: Property "m_iPrimaryAmmoType" not found (entity 520/prop_door_rotating)
L 04/16/2018 - 11:14:18: [SM] Blaming: weapon_pickup.smx
L 04/16/2018 - 11:14:18: [SM] Call stack trace:
L 04/16/2018 - 11:14:18: [SM]   [0] GetEntProp
L 04/16/2018 - 11:14:18: [SM]   [1] Line 395, weapon_pickup.sp::OnEntityUse
L 04/16/2018 - 11:14:18: [SM] Exception reported: Property "m_iPrimaryAmmoType" not found (entity 520/prop_door_rotating)
L 04/16/2018 - 11:14:18: [SM] Blaming: weapon_pickup.smx
L 04/16/2018 - 11:14:18: [SM] Call stack trace:
L 04/16/2018 - 11:14:18: [SM]   [0] GetEntProp
L 04/16/2018 - 11:14:18: [SM]   [1] Line 395, weapon_pickup.sp::OnEntityUse
L 04/16/2018 - 11:14:35: [SM] Exception reported: Property "m_iPrimaryAmmoType" not found (entity 520/prop_door_rotating)
L 04/16/2018 - 11:14:35: [SM] Blaming: weapon_pickup.smx
L 04/16/2018 - 11:14:35: [SM] Call stack trace:
L 04/16/2018 - 11:14:35: [SM]   [0] GetEntProp
L 04/16/2018 - 11:14:35: [SM]   [1] Line 395, weapon_pickup.sp::OnEntityUse
L 04/16/2018 - 11:17:42: Error log file session closed.
L 04/16/2018 - 11:17:42: SourceMod error session started
L 04/16/2018 - 11:17:42: Info (map "ins_resistance") (file "errors_20180416.log")
L 04/16/2018 - 11:17:42: [SM] Fatal error encountered parsing translation file "hreservedslots.phrases.txt"
L 04/16/2018 - 11:17:42: [SM] Error (line 0, column 0): Stream failed to open
L 04/16/2018 - 11:55:10: Error log file session closed.
L 04/16/2018 - 11:55:10: SourceMod error session started
L 04/16/2018 - 11:55:10: Info (map "sinjar_coop") (file "errors_20180416.log")
L 04/16/2018 - 11:55:10: [SM] Fatal error encountered parsing translation file "hreservedslots.phrases.txt"
L 04/16/2018 - 11:55:10: [SM] Error (line 0, column 0): Stream failed to open
L 04/16/2018 - 12:30:33: Error log file session closed.
L 04/16/2018 - 12:30:33: SourceMod error session started
L 04/16/2018 - 12:30:33: Info (map "sinjar_coop") (file "errors_20180416.log")
L 04/16/2018 - 12:30:33: [SM] Fatal error encountered parsing translation file "hreservedslots.phrases.txt"
L 04/16/2018 - 12:30:33: [SM] Error (line 0, column 0): Stream failed to open
L 04/16/2018 - 12:54:28: Error log file session closed.
L 04/16/2018 - 12:54:28: SourceMod error session started
L 04/16/2018 - 12:54:28: Info (map "doi_landfall") (file "errors_20180416.log")
L 04/16/2018 - 12:54:28: [SM] Fatal error encountered parsing translation file "hreservedslots.phrases.txt"
L 04/16/2018 - 12:54:28: [SM] Error (line 0, column 0): Stream failed to open
L 04/16/2018 - 13:04:02: Error log file session closed.
L 04/16/2018 - 13:04:02: SourceMod error session started
L 04/16/2018 - 13:04:02: Info (map "launch_control_coop_ws") (file "errors_20180416.log")
L 04/16/2018 - 13:04:02: [SM] Fatal error encountered parsing translation file "hreservedslots.phrases.txt"
L 04/16/2018 - 13:04:02: [SM] Error (line 0, column 0): Stream failed to open
L 04/16/2018 - 13:14:18: [SM] Exception reported: Property "m_iPrimaryAmmoType" not found (entity 192/func_button)
L 04/16/2018 - 13:14:18: [SM] Blaming: weapon_pickup.smx
L 04/16/2018 - 13:14:18: [SM] Call stack trace:
L 04/16/2018 - 13:14:18: [SM]   [0] GetEntProp
L 04/16/2018 - 13:14:18: [SM]   [1] Line 395, weapon_pickup.sp::OnEntityUse
L 04/16/2018 - 13:16:01: [SM] Exception reported: Property "m_iPrimaryAmmoType" not found (entity 190/func_button)
L 04/16/2018 - 13:16:01: [SM] Blaming: weapon_pickup.smx
L 04/16/2018 - 13:16:01: [SM] Call stack trace:
L 04/16/2018 - 13:16:01: [SM]   [0] GetEntProp
L 04/16/2018 - 13:16:01: [SM]   [1] Line 395, weapon_pickup.sp::OnEntityUse
L 04/16/2018 - 13:18:42: Error log file session closed.
L 04/16/2018 - 13:18:42: SourceMod error session started
L 04/16/2018 - 13:18:42: Info (map "bunker_busting_coop_ws") (file "errors_20180416.log")
L 04/16/2018 - 13:18:42: [SM] Fatal error encountered parsing translation file "hreservedslots.phrases.txt"
L 04/16/2018 - 13:18:42: [SM] Error (line 0, column 0): Stream failed to open
L 04/16/2018 - 13:21:47: [SM] Exception reported: Property "m_iPrimaryAmmoType" not found (entity 240/predicted_viewmodel)
L 04/16/2018 - 13:21:47: [SM] Blaming: weapon_pickup.smx
L 04/16/2018 - 13:21:47: [SM] Call stack trace:
L 04/16/2018 - 13:21:47: [SM]   [0] GetEntProp
L 04/16/2018 - 13:21:47: [SM]   [1] Line 395, weapon_pickup.sp::OnEntityUse
L 04/16/2018 - 13:25:33: [SM] Exception reported: Property "m_iPrimaryAmmoType" not found (entity 240/predicted_viewmodel)
L 04/16/2018 - 13:25:33: [SM] Blaming: weapon_pickup.smx
L 04/16/2018 - 13:25:33: [SM] Call stack trace:
L 04/16/2018 - 13:25:33: [SM]   [0] GetEntProp
L 04/16/2018 - 13:25:33: [SM]   [1] Line 395, weapon_pickup.sp::OnEntityUse
L 04/16/2018 - 13:33:29: [SM] Exception reported: Property "m_iPrimaryAmmoType" not found (entity 180/predicted_viewmodel)
L 04/16/2018 - 13:33:29: [SM] Blaming: weapon_pickup.smx
L 04/16/2018 - 13:33:29: [SM] Call stack trace:
L 04/16/2018 - 13:33:29: [SM]   [0] GetEntProp
L 04/16/2018 - 13:33:29: [SM]   [1] Line 395, weapon_pickup.sp::OnEntityUse
L 04/16/2018 - 13:33:48: [SM] Exception reported: Property "m_iPrimaryAmmoType" not found (entity 270/predicted_viewmodel)
L 04/16/2018 - 13:33:48: [SM] Blaming: weapon_pickup.smx
L 04/16/2018 - 13:33:48: [SM] Call stack trace:
L 04/16/2018 - 13:33:48: [SM]   [0] GetEntProp
L 04/16/2018 - 13:33:48: [SM]   [1] Line 395, weapon_pickup.sp::OnEntityUse
L 04/16/2018 - 13:41:21: Error log file session closed.
L 04/16/2018 - 13:41:21: SourceMod error session started
L 04/16/2018 - 13:41:21: Info (map "game_day_coop_ws") (file "errors_20180416.log")
L 04/16/2018 - 13:41:21: [SM] Fatal error encountered parsing translation file "hreservedslots.phrases.txt"
L 04/16/2018 - 13:41:21: [SM] Error (line 0, column 0): Stream failed to open
L 04/16/2018 - 14:47:19: Error log file session closed.
L 04/16/2018 - 14:47:19: SourceMod error session started
L 04/16/2018 - 14:47:19: Info (map "badlands_night_b1") (file "errors_20180416.log")
L 04/16/2018 - 14:47:19: [SM] Fatal error encountered parsing translation file "hreservedslots.phrases.txt"
L 04/16/2018 - 14:47:19: [SM] Error (line 0, column 0): Stream failed to open
L 04/16/2018 - 14:51:16: [SM] Exception reported: Property "m_iPrimaryAmmoType" not found (entity 1799/sec_nightvision)
L 04/16/2018 - 14:51:16: [SM] Blaming: weapon_pickup.smx
L 04/16/2018 - 14:51:16: [SM] Call stack trace:
L 04/16/2018 - 14:51:16: [SM]   [0] GetEntProp
L 04/16/2018 - 14:51:16: [SM]   [1] Line 395, weapon_pickup.sp::OnEntityUse
L 04/16/2018 - 14:58:52: Error log file session closed.
L 04/16/2018 - 14:58:52: SourceMod error session started
L 04/16/2018 - 14:58:52: Info (map "embassy_coop") (file "errors_20180416.log")
L 04/16/2018 - 14:58:52: [SM] Fatal error encountered parsing translation file "hreservedslots.phrases.txt"
L 04/16/2018 - 14:58:52: [SM] Error (line 0, column 0): Stream failed to open
L 04/16/2018 - 15:02:38: Error log file session closed.
L 04/16/2018 - 15:02:38: SourceMod error session started
L 04/16/2018 - 15:02:38: Info (map "tell_coop") (file "errors_20180416.log")
L 04/16/2018 - 15:02:38: [SM] Fatal error encountered parsing translation file "hreservedslots.phrases.txt"
L 04/16/2018 - 15:02:38: [SM] Error (line 0, column 0): Stream failed to open
L 04/16/2018 - 15:20:56: Error log file session closed.
L 04/16/2018 - 15:20:56: SourceMod error session started
L 04/16/2018 - 15:20:56: Info (map "dust2_checkpoint_b8") (file "errors_20180416.log")
L 04/16/2018 - 15:20:56: [SM] Fatal error encountered parsing translation file "hreservedslots.phrases.txt"
L 04/16/2018 - 15:20:56: [SM] Error (line 0, column 0): Stream failed to open
L 04/16/2018 - 15:32:57: Error log file session closed.
L 04/16/2018 - 15:32:57: SourceMod error session started
L 04/16/2018 - 15:32:57: Info (map "dust2_checkpoint_b8") (file "errors_20180416.log")
L 04/16/2018 - 15:32:57: [SM] Fatal error encountered parsing translation file "hreservedslots.phrases.txt"
L 04/16/2018 - 15:32:57: [SM] Error (line 0, column 0): Stream failed to open
L 04/16/2018 - 15:41:05: Error log file session closed.
L 04/16/2018 - 15:41:05: SourceMod error session started
L 04/16/2018 - 15:41:05: Info (map "crossbow") (file "errors_20180416.log")
L 04/16/2018 - 15:41:05: [SM] Fatal error encountered parsing translation file "hreservedslots.phrases.txt"
L 04/16/2018 - 15:41:05: [SM] Error (line 0, column 0): Stream failed to open
L 04/16/2018 - 15:54:33: Error log file session closed.
L 04/16/2018 - 15:54:33: SourceMod error session started
L 04/16/2018 - 15:54:33: Info (map "nightfall_coopv1_2") (file "errors_20180416.log")
L 04/16/2018 - 15:54:33: [SM] Fatal error encountered parsing translation file "hreservedslots.phrases.txt"
L 04/16/2018 - 15:54:33: [SM] Error (line 0, column 0): Stream failed to open
L 04/16/2018 - 16:09:01: Error log file session closed.
L 04/16/2018 - 16:09:01: SourceMod error session started
L 04/16/2018 - 16:09:01: Info (map "nightfall_coopv1_2") (file "errors_20180416.log")
L 04/16/2018 - 16:09:01: [SM] Fatal error encountered parsing translation file "hreservedslots.phrases.txt"
L 04/16/2018 - 16:09:01: [SM] Error (line 0, column 0): Stream failed to open
L 04/16/2018 - 16:19:58: [SM] Exception reported: Property "m_iPrimaryAmmoType" not found (entity 1184/sec_nightvision)
L 04/16/2018 - 16:19:58: [SM] Blaming: weapon_pickup.smx
L 04/16/2018 - 16:19:58: [SM] Call stack trace:
L 04/16/2018 - 16:19:58: [SM]   [0] GetEntProp
L 04/16/2018 - 16:19:58: [SM]   [1] Line 395, weapon_pickup.sp::OnEntityUse
L 04/16/2018 - 16:28:43: [SM] Exception reported: Property "m_iPrimaryAmmoType" not found (entity 1148/predicted_viewmodel)
L 04/16/2018 - 16:28:43: [SM] Blaming: weapon_pickup.smx
L 04/16/2018 - 16:28:43: [SM] Call stack trace:
L 04/16/2018 - 16:28:43: [SM]   [0] GetEntProp
L 04/16/2018 - 16:28:43: [SM]   [1] Line 395, weapon_pickup.sp::OnEntityUse
L 04/16/2018 - 16:38:50: Error log file session closed.
L 04/16/2018 - 16:38:50: SourceMod error session started
L 04/16/2018 - 16:38:50: Info (map "doi_landfall") (file "errors_20180416.log")
L 04/16/2018 - 16:38:50: [SM] Fatal error encountered parsing translation file "hreservedslots.phrases.txt"
L 04/16/2018 - 16:38:50: [SM] Error (line 0, column 0): Stream failed to open
L 04/16/2018 - 16:41:38: [SM] Exception reported: Property "m_iPrimaryAmmoType" not found (entity 1246/predicted_viewmodel)
L 04/16/2018 - 16:41:38: [SM] Blaming: weapon_pickup.smx
L 04/16/2018 - 16:41:38: [SM] Call stack trace:
L 04/16/2018 - 16:41:38: [SM]   [0] GetEntProp
L 04/16/2018 - 16:41:38: [SM]   [1] Line 395, weapon_pickup.sp::OnEntityUse
L 04/16/2018 - 16:55:34: Error log file session closed.
L 04/16/2018 - 16:55:34: SourceMod error session started
L 04/16/2018 - 16:55:34: Info (map "doi_landfall") (file "errors_20180416.log")
L 04/16/2018 - 16:55:34: [SM] Fatal error encountered parsing translation file "hreservedslots.phrases.txt"
L 04/16/2018 - 16:55:34: [SM] Error (line 0, column 0): Stream failed to open
L 04/16/2018 - 17:11:05: [SM] Exception reported: Property "m_iPrimaryAmmoType" not found (entity 1351/predicted_viewmodel)
L 04/16/2018 - 17:11:05: [SM] Blaming: weapon_pickup.smx
L 04/16/2018 - 17:11:05: [SM] Call stack trace:
L 04/16/2018 - 17:11:05: [SM]   [0] GetEntProp
L 04/16/2018 - 17:11:05: [SM]   [1] Line 395, weapon_pickup.sp::OnEntityUse
L 04/16/2018 - 17:21:33: Error log file session closed.
L 04/16/2018 - 17:21:33: SourceMod error session started
L 04/16/2018 - 17:21:33: Info (map "block_party_coop_ws") (file "errors_20180416.log")
L 04/16/2018 - 17:21:33: [SM] Fatal error encountered parsing translation file "hreservedslots.phrases.txt"
L 04/16/2018 - 17:21:33: [SM] Error (line 0, column 0): Stream failed to open
L 04/16/2018 - 17:31:00: Error log file session closed.
L 04/16/2018 - 17:31:00: SourceMod error session started
L 04/16/2018 - 17:31:00: Info (map "sinjar_coop") (file "errors_20180416.log")
L 04/16/2018 - 17:31:00: [SM] Fatal error encountered parsing translation file "hreservedslots.phrases.txt"
L 04/16/2018 - 17:31:00: [SM] Error (line 0, column 0): Stream failed to open
L 04/16/2018 - 17:54:59: Error log file session closed.
L 04/16/2018 - 17:54:59: SourceMod error session started
L 04/16/2018 - 17:54:59: Info (map "tell_coop") (file "errors_20180416.log")
L 04/16/2018 - 17:54:59: [SM] Fatal error encountered parsing translation file "hreservedslots.phrases.txt"
L 04/16/2018 - 17:54:59: [SM] Error (line 0, column 0): Stream failed to open
L 04/16/2018 - 18:28:33: [SM] Exception reported: Property "m_iPrimaryAmmoType" not found (entity 1051/sec_nightvision)
L 04/16/2018 - 18:28:33: [SM] Blaming: weapon_pickup.smx
L 04/16/2018 - 18:28:33: [SM] Call stack trace:
L 04/16/2018 - 18:28:33: [SM]   [0] GetEntProp
L 04/16/2018 - 18:28:33: [SM]   [1] Line 395, weapon_pickup.sp::OnEntityUse
L 04/16/2018 - 18:28:34: [SM] Exception reported: Property "m_iPrimaryAmmoType" not found (entity 1051/sec_nightvision)
L 04/16/2018 - 18:28:34: [SM] Blaming: weapon_pickup.smx
L 04/16/2018 - 18:28:34: [SM] Call stack trace:
L 04/16/2018 - 18:28:34: [SM]   [0] GetEntProp
L 04/16/2018 - 18:28:34: [SM]   [1] Line 395, weapon_pickup.sp::OnEntityUse
L 04/16/2018 - 18:28:37: [SM] Exception reported: Property "m_iPrimaryAmmoType" not found (entity 1051/sec_nightvision)
L 04/16/2018 - 18:28:37: [SM] Blaming: weapon_pickup.smx
L 04/16/2018 - 18:28:37: [SM] Call stack trace:
L 04/16/2018 - 18:28:37: [SM]   [0] GetEntProp
L 04/16/2018 - 18:28:37: [SM]   [1] Line 395, weapon_pickup.sp::OnEntityUse
L 04/16/2018 - 18:28:37: [SM] Exception reported: Property "m_iPrimaryAmmoType" not found (entity 1051/sec_nightvision)
L 04/16/2018 - 18:28:37: [SM] Blaming: weapon_pickup.smx
L 04/16/2018 - 18:28:37: [SM] Call stack trace:
L 04/16/2018 - 18:28:37: [SM]   [0] GetEntProp
L 04/16/2018 - 18:28:37: [SM]   [1] Line 395, weapon_pickup.sp::OnEntityUse
L 04/16/2018 - 18:32:31: Error log file session closed.
L 04/16/2018 - 18:32:31: SourceMod error session started
L 04/16/2018 - 18:32:31: Info (map "buhriz_coop") (file "errors_20180416.log")
L 04/16/2018 - 18:32:31: [SM] Fatal error encountered parsing translation file "hreservedslots.phrases.txt"
L 04/16/2018 - 18:32:31: [SM] Error (line 0, column 0): Stream failed to open
L 04/16/2018 - 19:09:57: [SM] Exception reported: Property "m_iPrimaryAmmoType" not found (entity 888/predicted_viewmodel)
L 04/16/2018 - 19:09:57: [SM] Blaming: weapon_pickup.smx
L 04/16/2018 - 19:09:57: [SM] Call stack trace:
L 04/16/2018 - 19:09:57: [SM]   [0] GetEntProp
L 04/16/2018 - 19:09:57: [SM]   [1] Line 395, weapon_pickup.sp::OnEntityUse
L 04/16/2018 - 19:09:57: [SM] Exception reported: Property "m_iPrimaryAmmoType" not found (entity 888/predicted_viewmodel)
L 04/16/2018 - 19:09:57: [SM] Blaming: weapon_pickup.smx
L 04/16/2018 - 19:09:57: [SM] Call stack trace:
L 04/16/2018 - 19:09:57: [SM]   [0] GetEntProp
L 04/16/2018 - 19:09:57: [SM]   [1] Line 395, weapon_pickup.sp::OnEntityUse
L 04/16/2018 - 19:09:58: [SM] Exception reported: Property "m_iPrimaryAmmoType" not found (entity 888/predicted_viewmodel)
L 04/16/2018 - 19:09:58: [SM] Blaming: weapon_pickup.smx
L 04/16/2018 - 19:09:58: [SM] Call stack trace:
L 04/16/2018 - 19:09:58: [SM]   [0] GetEntProp
L 04/16/2018 - 19:09:58: [SM]   [1] Line 395, weapon_pickup.sp::OnEntityUse
L 04/16/2018 - 19:33:44: Error log file session closed.
L 04/16/2018 - 19:33:44: SourceMod error session started
L 04/16/2018 - 19:33:44: Info (map "sinjar_coop") (file "errors_20180416.log")
L 04/16/2018 - 19:33:44: [SM] Fatal error encountered parsing translation file "hreservedslots.phrases.txt"
L 04/16/2018 - 19:33:44: [SM] Error (line 0, column 0): Stream failed to open
