L 03/27/2018 - 00:22:12: SourceMod log file session started (file "L20180327.log") (Version "1.8.0.6040")
L 03/27/2018 - 00:22:12: -------- Mapchange to heights_coop --------
L 03/27/2018 - 00:22:12: [basecommands.smx] "Console<0><Console><Console>" changed cvar (cvar "bot_rpg_spawn_attackdelay") (value "1")
L 03/27/2018 - 00:22:12: [basecommands.smx] "Console<0><Console><Console>" changed cvar (cvar "ins_bot_rpg_grace_time") (value "20")
L 03/27/2018 - 00:22:12: [basecommands.smx] "Console<0><Console><Console>" changed cvar (cvar "ins_bot_rpg_minimum_firing_distance") (value "200")
L 03/27/2018 - 00:22:12: [basecommands.smx] "Console<0><Console><Console>" changed cvar (cvar "ins_bot_rpg_minimum_player_cluster") (value "1")
L 03/27/2018 - 00:22:12: [basecommands.smx] "Console<0><Console><Console>" changed cvar (cvar "ins_bot_rpg_player_cluster_bloat") (value "20")
L 03/27/2018 - 00:22:12: [basecommands.smx] "Console<0><Console><Console>" changed cvar (cvar "ins_bot_rpg_player_cluster_radius") (value "1000")
L 03/27/2018 - 00:22:12: [basecommands.smx] "Console<0><Console><Console>" changed cvar (cvar "bot_rpg_spawn_attackdelay") (value "1")
L 03/27/2018 - 00:22:12: [basecommands.smx] "Console<0><Console><Console>" changed cvar (cvar "ins_bot_rpg_grace_time") (value "20")
L 03/27/2018 - 00:22:12: [basecommands.smx] "Console<0><Console><Console>" changed cvar (cvar "ins_bot_rpg_minimum_firing_distance") (value "200")
L 03/27/2018 - 00:22:12: [basecommands.smx] "Console<0><Console><Console>" changed cvar (cvar "ins_bot_rpg_minimum_player_cluster") (value "1")
L 03/27/2018 - 00:22:12: [basecommands.smx] "Console<0><Console><Console>" changed cvar (cvar "ins_bot_rpg_player_cluster_bloat") (value "20")
L 03/27/2018 - 00:22:12: [basecommands.smx] "Console<0><Console><Console>" changed cvar (cvar "ins_bot_rpg_player_cluster_radius") (value "1000")
L 03/27/2018 - 00:22:13: [basecommands.smx] "Console<0><Console><Console>" changed cvar (cvar "bot_grenade_think_time") (value "0")
L 03/27/2018 - 00:22:32: [basecommands.smx] "Console<0><Console><Console>" changed cvar (cvar "bot_grenade_think_time") (value "0")
L 03/27/2018 - 00:52:41: -------- Mapchange to dust2_checkpoint_b8 --------
L 03/27/2018 - 00:52:41: [basecommands.smx] "Console<0><Console><Console>" changed cvar (cvar "bot_rpg_spawn_attackdelay") (value "1")
L 03/27/2018 - 00:52:41: [basecommands.smx] "Console<0><Console><Console>" changed cvar (cvar "ins_bot_rpg_grace_time") (value "20")
L 03/27/2018 - 00:52:41: [basecommands.smx] "Console<0><Console><Console>" changed cvar (cvar "ins_bot_rpg_minimum_firing_distance") (value "200")
L 03/27/2018 - 00:52:41: [basecommands.smx] "Console<0><Console><Console>" changed cvar (cvar "ins_bot_rpg_minimum_player_cluster") (value "1")
L 03/27/2018 - 00:52:41: [basecommands.smx] "Console<0><Console><Console>" changed cvar (cvar "ins_bot_rpg_player_cluster_bloat") (value "20")
L 03/27/2018 - 00:52:41: [basecommands.smx] "Console<0><Console><Console>" changed cvar (cvar "ins_bot_rpg_player_cluster_radius") (value "1000")
L 03/27/2018 - 00:52:41: [basecommands.smx] "Console<0><Console><Console>" changed cvar (cvar "bot_rpg_spawn_attackdelay") (value "1")
L 03/27/2018 - 00:52:41: [basecommands.smx] "Console<0><Console><Console>" changed cvar (cvar "ins_bot_rpg_grace_time") (value "20")
L 03/27/2018 - 00:52:41: [basecommands.smx] "Console<0><Console><Console>" changed cvar (cvar "ins_bot_rpg_minimum_firing_distance") (value "200")
L 03/27/2018 - 00:52:41: [basecommands.smx] "Console<0><Console><Console>" changed cvar (cvar "ins_bot_rpg_minimum_player_cluster") (value "1")
L 03/27/2018 - 00:52:41: [basecommands.smx] "Console<0><Console><Console>" changed cvar (cvar "ins_bot_rpg_player_cluster_bloat") (value "20")
L 03/27/2018 - 00:52:41: [basecommands.smx] "Console<0><Console><Console>" changed cvar (cvar "ins_bot_rpg_player_cluster_radius") (value "1000")
L 03/27/2018 - 00:52:41: [basecommands.smx] "Console<0><Console><Console>" changed cvar (cvar "bot_grenade_think_time") (value "0")
L 03/27/2018 - 00:53:16: [basecommands.smx] "Console<0><Console><Console>" changed cvar (cvar "bot_grenade_think_time") (value "0")
L 03/27/2018 - 01:18:48: -------- Mapchange to dusty_anguish_coopv1_1 --------
L 03/27/2018 - 01:18:48: [basecommands.smx] "Console<0><Console><Console>" changed cvar (cvar "bot_rpg_spawn_attackdelay") (value "1")
L 03/27/2018 - 01:18:48: [basecommands.smx] "Console<0><Console><Console>" changed cvar (cvar "ins_bot_rpg_grace_time") (value "20")
L 03/27/2018 - 01:18:48: [basecommands.smx] "Console<0><Console><Console>" changed cvar (cvar "ins_bot_rpg_minimum_firing_distance") (value "200")
L 03/27/2018 - 01:18:48: [basecommands.smx] "Console<0><Console><Console>" changed cvar (cvar "ins_bot_rpg_minimum_player_cluster") (value "1")
L 03/27/2018 - 01:18:48: [basecommands.smx] "Console<0><Console><Console>" changed cvar (cvar "ins_bot_rpg_player_cluster_bloat") (value "20")
L 03/27/2018 - 01:18:48: [basecommands.smx] "Console<0><Console><Console>" changed cvar (cvar "ins_bot_rpg_player_cluster_radius") (value "1000")
L 03/27/2018 - 01:18:48: [basecommands.smx] "Console<0><Console><Console>" changed cvar (cvar "bot_rpg_spawn_attackdelay") (value "1")
L 03/27/2018 - 01:18:48: [basecommands.smx] "Console<0><Console><Console>" changed cvar (cvar "ins_bot_rpg_grace_time") (value "20")
L 03/27/2018 - 01:18:48: [basecommands.smx] "Console<0><Console><Console>" changed cvar (cvar "ins_bot_rpg_minimum_firing_distance") (value "200")
L 03/27/2018 - 01:18:48: [basecommands.smx] "Console<0><Console><Console>" changed cvar (cvar "ins_bot_rpg_minimum_player_cluster") (value "1")
L 03/27/2018 - 01:18:48: [basecommands.smx] "Console<0><Console><Console>" changed cvar (cvar "ins_bot_rpg_player_cluster_bloat") (value "20")
L 03/27/2018 - 01:18:48: [basecommands.smx] "Console<0><Console><Console>" changed cvar (cvar "ins_bot_rpg_player_cluster_radius") (value "1000")
L 03/27/2018 - 01:18:48: [basecommands.smx] "Console<0><Console><Console>" changed cvar (cvar "bot_grenade_think_time") (value "0")
L 03/27/2018 - 02:18:52: -------- Mapchange to fortress_coop_ws --------
L 03/27/2018 - 02:18:52: [basecommands.smx] "Console<0><Console><Console>" changed cvar (cvar "bot_rpg_spawn_attackdelay") (value "1")
L 03/27/2018 - 02:18:52: [basecommands.smx] "Console<0><Console><Console>" changed cvar (cvar "ins_bot_rpg_grace_time") (value "20")
L 03/27/2018 - 02:18:52: [basecommands.smx] "Console<0><Console><Console>" changed cvar (cvar "ins_bot_rpg_minimum_firing_distance") (value "200")
L 03/27/2018 - 02:18:52: [basecommands.smx] "Console<0><Console><Console>" changed cvar (cvar "ins_bot_rpg_minimum_player_cluster") (value "1")
L 03/27/2018 - 02:18:52: [basecommands.smx] "Console<0><Console><Console>" changed cvar (cvar "ins_bot_rpg_player_cluster_bloat") (value "20")
L 03/27/2018 - 02:18:52: [basecommands.smx] "Console<0><Console><Console>" changed cvar (cvar "ins_bot_rpg_player_cluster_radius") (value "1000")
L 03/27/2018 - 02:18:52: [basecommands.smx] "Console<0><Console><Console>" changed cvar (cvar "bot_rpg_spawn_attackdelay") (value "1")
L 03/27/2018 - 02:18:52: [basecommands.smx] "Console<0><Console><Console>" changed cvar (cvar "ins_bot_rpg_grace_time") (value "20")
L 03/27/2018 - 02:18:52: [basecommands.smx] "Console<0><Console><Console>" changed cvar (cvar "ins_bot_rpg_minimum_firing_distance") (value "200")
L 03/27/2018 - 02:18:52: [basecommands.smx] "Console<0><Console><Console>" changed cvar (cvar "ins_bot_rpg_minimum_player_cluster") (value "1")
L 03/27/2018 - 02:18:52: [basecommands.smx] "Console<0><Console><Console>" changed cvar (cvar "ins_bot_rpg_player_cluster_bloat") (value "20")
L 03/27/2018 - 02:18:52: [basecommands.smx] "Console<0><Console><Console>" changed cvar (cvar "ins_bot_rpg_player_cluster_radius") (value "1000")
L 03/27/2018 - 02:18:53: [basecommands.smx] "Console<0><Console><Console>" changed cvar (cvar "bot_grenade_think_time") (value "0")
L 03/27/2018 - 03:18:57: -------- Mapchange to game_day_coop_ws --------
L 03/27/2018 - 03:18:57: [basecommands.smx] "Console<0><Console><Console>" changed cvar (cvar "bot_rpg_spawn_attackdelay") (value "1")
L 03/27/2018 - 03:18:57: [basecommands.smx] "Console<0><Console><Console>" changed cvar (cvar "ins_bot_rpg_grace_time") (value "20")
L 03/27/2018 - 03:18:57: [basecommands.smx] "Console<0><Console><Console>" changed cvar (cvar "ins_bot_rpg_minimum_firing_distance") (value "200")
L 03/27/2018 - 03:18:57: [basecommands.smx] "Console<0><Console><Console>" changed cvar (cvar "ins_bot_rpg_minimum_player_cluster") (value "1")
L 03/27/2018 - 03:18:57: [basecommands.smx] "Console<0><Console><Console>" changed cvar (cvar "ins_bot_rpg_player_cluster_bloat") (value "20")
L 03/27/2018 - 03:18:57: [basecommands.smx] "Console<0><Console><Console>" changed cvar (cvar "ins_bot_rpg_player_cluster_radius") (value "1000")
L 03/27/2018 - 03:18:57: [basecommands.smx] "Console<0><Console><Console>" changed cvar (cvar "bot_rpg_spawn_attackdelay") (value "1")
L 03/27/2018 - 03:18:57: [basecommands.smx] "Console<0><Console><Console>" changed cvar (cvar "ins_bot_rpg_grace_time") (value "20")
L 03/27/2018 - 03:18:57: [basecommands.smx] "Console<0><Console><Console>" changed cvar (cvar "ins_bot_rpg_minimum_firing_distance") (value "200")
L 03/27/2018 - 03:18:57: [basecommands.smx] "Console<0><Console><Console>" changed cvar (cvar "ins_bot_rpg_minimum_player_cluster") (value "1")
L 03/27/2018 - 03:18:57: [basecommands.smx] "Console<0><Console><Console>" changed cvar (cvar "ins_bot_rpg_player_cluster_bloat") (value "20")
L 03/27/2018 - 03:18:57: [basecommands.smx] "Console<0><Console><Console>" changed cvar (cvar "ins_bot_rpg_player_cluster_radius") (value "1000")
L 03/27/2018 - 03:18:58: [basecommands.smx] "Console<0><Console><Console>" changed cvar (cvar "bot_grenade_think_time") (value "0")
L 03/27/2018 - 04:19:03: -------- Mapchange to hastings --------
L 03/27/2018 - 04:19:03: [basecommands.smx] "Console<0><Console><Console>" changed cvar (cvar "bot_rpg_spawn_attackdelay") (value "1")
L 03/27/2018 - 04:19:03: [basecommands.smx] "Console<0><Console><Console>" changed cvar (cvar "ins_bot_rpg_grace_time") (value "20")
L 03/27/2018 - 04:19:03: [basecommands.smx] "Console<0><Console><Console>" changed cvar (cvar "ins_bot_rpg_minimum_firing_distance") (value "200")
L 03/27/2018 - 04:19:03: [basecommands.smx] "Console<0><Console><Console>" changed cvar (cvar "ins_bot_rpg_minimum_player_cluster") (value "1")
L 03/27/2018 - 04:19:03: [basecommands.smx] "Console<0><Console><Console>" changed cvar (cvar "ins_bot_rpg_player_cluster_bloat") (value "20")
L 03/27/2018 - 04:19:03: [basecommands.smx] "Console<0><Console><Console>" changed cvar (cvar "ins_bot_rpg_player_cluster_radius") (value "1000")
L 03/27/2018 - 04:19:03: [basecommands.smx] "Console<0><Console><Console>" changed cvar (cvar "bot_rpg_spawn_attackdelay") (value "1")
L 03/27/2018 - 04:19:03: [basecommands.smx] "Console<0><Console><Console>" changed cvar (cvar "ins_bot_rpg_grace_time") (value "20")
L 03/27/2018 - 04:19:03: [basecommands.smx] "Console<0><Console><Console>" changed cvar (cvar "ins_bot_rpg_minimum_firing_distance") (value "200")
L 03/27/2018 - 04:19:03: [basecommands.smx] "Console<0><Console><Console>" changed cvar (cvar "ins_bot_rpg_minimum_player_cluster") (value "1")
L 03/27/2018 - 04:19:03: [basecommands.smx] "Console<0><Console><Console>" changed cvar (cvar "ins_bot_rpg_player_cluster_bloat") (value "20")
L 03/27/2018 - 04:19:03: [basecommands.smx] "Console<0><Console><Console>" changed cvar (cvar "ins_bot_rpg_player_cluster_radius") (value "1000")
L 03/27/2018 - 04:19:03: [basecommands.smx] "Console<0><Console><Console>" changed cvar (cvar "bot_grenade_think_time") (value "0")
L 03/27/2018 - 08:00:50: SourceMod log file session started (file "L20180327.log") (Version "1.8.0.6040")
L 03/27/2018 - 08:00:50: -------- Mapchange to block26_b1 --------
L 03/27/2018 - 08:00:50: [GEOIP] GeoIP database info: GEO-106FREE 20171205 Build 1 Copyright (c) 2017 MaxMind Inc All Rights Reserved
