L 03/26/2018 - 00:04:12: SourceMod log file session started (file "L20180326.log") (Version "1.8.0.6040")
L 03/26/2018 - 00:04:12: -------- Mapchange to cu_chi_tunnels --------
L 03/26/2018 - 00:04:12: [basecommands.smx] "Console<0><Console><Console>" changed cvar (cvar "bot_rpg_spawn_attackdelay") (value "1")
L 03/26/2018 - 00:04:12: [basecommands.smx] "Console<0><Console><Console>" changed cvar (cvar "ins_bot_rpg_grace_time") (value "20")
L 03/26/2018 - 00:04:12: [basecommands.smx] "Console<0><Console><Console>" changed cvar (cvar "ins_bot_rpg_minimum_firing_distance") (value "200")
L 03/26/2018 - 00:04:12: [basecommands.smx] "Console<0><Console><Console>" changed cvar (cvar "ins_bot_rpg_minimum_player_cluster") (value "1")
L 03/26/2018 - 00:04:12: [basecommands.smx] "Console<0><Console><Console>" changed cvar (cvar "ins_bot_rpg_player_cluster_bloat") (value "20")
L 03/26/2018 - 00:04:12: [basecommands.smx] "Console<0><Console><Console>" changed cvar (cvar "ins_bot_rpg_player_cluster_radius") (value "1000")
L 03/26/2018 - 00:04:12: [basecommands.smx] "Console<0><Console><Console>" changed cvar (cvar "bot_rpg_spawn_attackdelay") (value "1")
L 03/26/2018 - 00:04:12: [basecommands.smx] "Console<0><Console><Console>" changed cvar (cvar "ins_bot_rpg_grace_time") (value "20")
L 03/26/2018 - 00:04:12: [basecommands.smx] "Console<0><Console><Console>" changed cvar (cvar "ins_bot_rpg_minimum_firing_distance") (value "200")
L 03/26/2018 - 00:04:12: [basecommands.smx] "Console<0><Console><Console>" changed cvar (cvar "ins_bot_rpg_minimum_player_cluster") (value "1")
L 03/26/2018 - 00:04:12: [basecommands.smx] "Console<0><Console><Console>" changed cvar (cvar "ins_bot_rpg_player_cluster_bloat") (value "20")
L 03/26/2018 - 00:04:12: [basecommands.smx] "Console<0><Console><Console>" changed cvar (cvar "ins_bot_rpg_player_cluster_radius") (value "1000")
L 03/26/2018 - 00:04:12: [basecommands.smx] "Console<0><Console><Console>" changed cvar (cvar "bot_grenade_think_time") (value "0")
L 03/26/2018 - 00:06:38: [basecommands.smx] "Console<0><Console><Console>" changed cvar (cvar "bot_grenade_think_time") (value "0")
L 03/26/2018 - 00:07:51: [basecommands.smx] "Console<0><Console><Console>" changed cvar (cvar "bot_grenade_think_time") (value "0")
L 03/26/2018 - 00:42:51: SourceMod log file session started (file "L20180326.log") (Version "1.8.0.6040")
L 03/26/2018 - 00:42:51: -------- Mapchange to crossbow --------
L 03/26/2018 - 00:42:51: [basecommands.smx] "Console<0><Console><Console>" changed cvar (cvar "bot_rpg_spawn_attackdelay") (value "1")
L 03/26/2018 - 00:42:51: [basecommands.smx] "Console<0><Console><Console>" changed cvar (cvar "ins_bot_rpg_grace_time") (value "20")
L 03/26/2018 - 00:42:51: [basecommands.smx] "Console<0><Console><Console>" changed cvar (cvar "ins_bot_rpg_minimum_firing_distance") (value "200")
L 03/26/2018 - 00:42:51: [basecommands.smx] "Console<0><Console><Console>" changed cvar (cvar "ins_bot_rpg_minimum_player_cluster") (value "1")
L 03/26/2018 - 00:42:51: [basecommands.smx] "Console<0><Console><Console>" changed cvar (cvar "ins_bot_rpg_player_cluster_bloat") (value "20")
L 03/26/2018 - 00:42:51: [basecommands.smx] "Console<0><Console><Console>" changed cvar (cvar "ins_bot_rpg_player_cluster_radius") (value "1000")
L 03/26/2018 - 00:42:51: [basecommands.smx] "Console<0><Console><Console>" changed cvar (cvar "bot_rpg_spawn_attackdelay") (value "1")
L 03/26/2018 - 00:42:51: [basecommands.smx] "Console<0><Console><Console>" changed cvar (cvar "ins_bot_rpg_grace_time") (value "20")
L 03/26/2018 - 00:42:51: [basecommands.smx] "Console<0><Console><Console>" changed cvar (cvar "ins_bot_rpg_minimum_firing_distance") (value "200")
L 03/26/2018 - 00:42:51: [basecommands.smx] "Console<0><Console><Console>" changed cvar (cvar "ins_bot_rpg_minimum_player_cluster") (value "1")
L 03/26/2018 - 00:42:51: [basecommands.smx] "Console<0><Console><Console>" changed cvar (cvar "ins_bot_rpg_player_cluster_bloat") (value "20")
L 03/26/2018 - 00:42:51: [basecommands.smx] "Console<0><Console><Console>" changed cvar (cvar "ins_bot_rpg_player_cluster_radius") (value "1000")
L 03/26/2018 - 00:42:52: [basecommands.smx] "Console<0><Console><Console>" changed cvar (cvar "bot_grenade_think_time") (value "0")
L 03/26/2018 - 00:43:21: [basecommands.smx] "Console<0><Console><Console>" changed cvar (cvar "bot_grenade_think_time") (value "0")
L 03/26/2018 - 00:49:41: -------- Mapchange to crossbow --------
L 03/26/2018 - 00:49:41: [basecommands.smx] "Console<0><Console><Console>" changed cvar (cvar "bot_rpg_spawn_attackdelay") (value "1")
L 03/26/2018 - 00:49:41: [basecommands.smx] "Console<0><Console><Console>" changed cvar (cvar "ins_bot_rpg_grace_time") (value "20")
L 03/26/2018 - 00:49:41: [basecommands.smx] "Console<0><Console><Console>" changed cvar (cvar "ins_bot_rpg_minimum_firing_distance") (value "200")
L 03/26/2018 - 00:49:41: [basecommands.smx] "Console<0><Console><Console>" changed cvar (cvar "ins_bot_rpg_minimum_player_cluster") (value "1")
L 03/26/2018 - 00:49:41: [basecommands.smx] "Console<0><Console><Console>" changed cvar (cvar "ins_bot_rpg_player_cluster_bloat") (value "20")
L 03/26/2018 - 00:49:41: [basecommands.smx] "Console<0><Console><Console>" changed cvar (cvar "ins_bot_rpg_player_cluster_radius") (value "1000")
L 03/26/2018 - 00:49:41: [basecommands.smx] "Console<0><Console><Console>" changed cvar (cvar "bot_rpg_spawn_attackdelay") (value "1")
L 03/26/2018 - 00:49:41: [basecommands.smx] "Console<0><Console><Console>" changed cvar (cvar "ins_bot_rpg_grace_time") (value "20")
L 03/26/2018 - 00:49:41: [basecommands.smx] "Console<0><Console><Console>" changed cvar (cvar "ins_bot_rpg_minimum_firing_distance") (value "200")
L 03/26/2018 - 00:49:41: [basecommands.smx] "Console<0><Console><Console>" changed cvar (cvar "ins_bot_rpg_minimum_player_cluster") (value "1")
L 03/26/2018 - 00:49:41: [basecommands.smx] "Console<0><Console><Console>" changed cvar (cvar "ins_bot_rpg_player_cluster_bloat") (value "20")
L 03/26/2018 - 00:49:41: [basecommands.smx] "Console<0><Console><Console>" changed cvar (cvar "ins_bot_rpg_player_cluster_radius") (value "1000")
L 03/26/2018 - 00:49:42: [basecommands.smx] "Console<0><Console><Console>" changed cvar (cvar "bot_grenade_think_time") (value "0")
L 03/26/2018 - 00:49:59: [basecommands.smx] "Console<0><Console><Console>" changed cvar (cvar "bot_grenade_think_time") (value "0")
L 03/26/2018 - 01:01:17: -------- Mapchange to sinjar_coop --------
L 03/26/2018 - 01:01:17: [basecommands.smx] "Console<0><Console><Console>" changed cvar (cvar "bot_rpg_spawn_attackdelay") (value "1")
L 03/26/2018 - 01:01:17: [basecommands.smx] "Console<0><Console><Console>" changed cvar (cvar "ins_bot_rpg_grace_time") (value "20")
L 03/26/2018 - 01:01:17: [basecommands.smx] "Console<0><Console><Console>" changed cvar (cvar "ins_bot_rpg_minimum_firing_distance") (value "200")
L 03/26/2018 - 01:01:17: [basecommands.smx] "Console<0><Console><Console>" changed cvar (cvar "ins_bot_rpg_minimum_player_cluster") (value "1")
L 03/26/2018 - 01:01:17: [basecommands.smx] "Console<0><Console><Console>" changed cvar (cvar "ins_bot_rpg_player_cluster_bloat") (value "20")
L 03/26/2018 - 01:01:17: [basecommands.smx] "Console<0><Console><Console>" changed cvar (cvar "ins_bot_rpg_player_cluster_radius") (value "1000")
L 03/26/2018 - 01:01:17: [basecommands.smx] "Console<0><Console><Console>" changed cvar (cvar "bot_rpg_spawn_attackdelay") (value "1")
L 03/26/2018 - 01:01:17: [basecommands.smx] "Console<0><Console><Console>" changed cvar (cvar "ins_bot_rpg_grace_time") (value "20")
L 03/26/2018 - 01:01:17: [basecommands.smx] "Console<0><Console><Console>" changed cvar (cvar "ins_bot_rpg_minimum_firing_distance") (value "200")
L 03/26/2018 - 01:01:17: [basecommands.smx] "Console<0><Console><Console>" changed cvar (cvar "ins_bot_rpg_minimum_player_cluster") (value "1")
L 03/26/2018 - 01:01:17: [basecommands.smx] "Console<0><Console><Console>" changed cvar (cvar "ins_bot_rpg_player_cluster_bloat") (value "20")
L 03/26/2018 - 01:01:17: [basecommands.smx] "Console<0><Console><Console>" changed cvar (cvar "ins_bot_rpg_player_cluster_radius") (value "1000")
L 03/26/2018 - 01:01:18: [basecommands.smx] "Console<0><Console><Console>" changed cvar (cvar "bot_grenade_think_time") (value "0")
L 03/26/2018 - 01:01:50: [basecommands.smx] "Console<0><Console><Console>" changed cvar (cvar "bot_grenade_think_time") (value "0")
L 03/26/2018 - 01:08:22: -------- Mapchange to de_vertigo_coop --------
L 03/26/2018 - 01:08:22: [basecommands.smx] "Console<0><Console><Console>" changed cvar (cvar "bot_rpg_spawn_attackdelay") (value "1")
L 03/26/2018 - 01:08:22: [basecommands.smx] "Console<0><Console><Console>" changed cvar (cvar "ins_bot_rpg_grace_time") (value "20")
L 03/26/2018 - 01:08:22: [basecommands.smx] "Console<0><Console><Console>" changed cvar (cvar "ins_bot_rpg_minimum_firing_distance") (value "200")
L 03/26/2018 - 01:08:22: [basecommands.smx] "Console<0><Console><Console>" changed cvar (cvar "ins_bot_rpg_minimum_player_cluster") (value "1")
L 03/26/2018 - 01:08:22: [basecommands.smx] "Console<0><Console><Console>" changed cvar (cvar "ins_bot_rpg_player_cluster_bloat") (value "20")
L 03/26/2018 - 01:08:22: [basecommands.smx] "Console<0><Console><Console>" changed cvar (cvar "ins_bot_rpg_player_cluster_radius") (value "1000")
L 03/26/2018 - 01:08:22: [basecommands.smx] "Console<0><Console><Console>" changed cvar (cvar "bot_rpg_spawn_attackdelay") (value "1")
L 03/26/2018 - 01:08:22: [basecommands.smx] "Console<0><Console><Console>" changed cvar (cvar "ins_bot_rpg_grace_time") (value "20")
L 03/26/2018 - 01:08:22: [basecommands.smx] "Console<0><Console><Console>" changed cvar (cvar "ins_bot_rpg_minimum_firing_distance") (value "200")
L 03/26/2018 - 01:08:22: [basecommands.smx] "Console<0><Console><Console>" changed cvar (cvar "ins_bot_rpg_minimum_player_cluster") (value "1")
L 03/26/2018 - 01:08:22: [basecommands.smx] "Console<0><Console><Console>" changed cvar (cvar "ins_bot_rpg_player_cluster_bloat") (value "20")
L 03/26/2018 - 01:08:22: [basecommands.smx] "Console<0><Console><Console>" changed cvar (cvar "ins_bot_rpg_player_cluster_radius") (value "1000")
L 03/26/2018 - 01:08:23: [basecommands.smx] "Console<0><Console><Console>" changed cvar (cvar "bot_grenade_think_time") (value "0")
L 03/26/2018 - 01:21:59: -------- Mapchange to nomercy_coopv1 --------
L 03/26/2018 - 01:21:59: [basecommands.smx] "Console<0><Console><Console>" changed cvar (cvar "bot_rpg_spawn_attackdelay") (value "1")
L 03/26/2018 - 01:21:59: [basecommands.smx] "Console<0><Console><Console>" changed cvar (cvar "ins_bot_rpg_grace_time") (value "20")
L 03/26/2018 - 01:21:59: [basecommands.smx] "Console<0><Console><Console>" changed cvar (cvar "ins_bot_rpg_minimum_firing_distance") (value "200")
L 03/26/2018 - 01:21:59: [basecommands.smx] "Console<0><Console><Console>" changed cvar (cvar "ins_bot_rpg_minimum_player_cluster") (value "1")
L 03/26/2018 - 01:21:59: [basecommands.smx] "Console<0><Console><Console>" changed cvar (cvar "ins_bot_rpg_player_cluster_bloat") (value "20")
L 03/26/2018 - 01:21:59: [basecommands.smx] "Console<0><Console><Console>" changed cvar (cvar "ins_bot_rpg_player_cluster_radius") (value "1000")
L 03/26/2018 - 01:21:59: [basecommands.smx] "Console<0><Console><Console>" changed cvar (cvar "bot_rpg_spawn_attackdelay") (value "1")
L 03/26/2018 - 01:21:59: [basecommands.smx] "Console<0><Console><Console>" changed cvar (cvar "ins_bot_rpg_grace_time") (value "20")
L 03/26/2018 - 01:21:59: [basecommands.smx] "Console<0><Console><Console>" changed cvar (cvar "ins_bot_rpg_minimum_firing_distance") (value "200")
L 03/26/2018 - 01:21:59: [basecommands.smx] "Console<0><Console><Console>" changed cvar (cvar "ins_bot_rpg_minimum_player_cluster") (value "1")
L 03/26/2018 - 01:21:59: [basecommands.smx] "Console<0><Console><Console>" changed cvar (cvar "ins_bot_rpg_player_cluster_bloat") (value "20")
L 03/26/2018 - 01:21:59: [basecommands.smx] "Console<0><Console><Console>" changed cvar (cvar "ins_bot_rpg_player_cluster_radius") (value "1000")
L 03/26/2018 - 01:21:59: [basecommands.smx] "Console<0><Console><Console>" changed cvar (cvar "bot_grenade_think_time") (value "0")
L 03/26/2018 - 01:22:34: [basecommands.smx] "Console<0><Console><Console>" changed cvar (cvar "bot_grenade_think_time") (value "0")
L 03/26/2018 - 01:41:16: -------- Mapchange to doi_iron_cross --------
L 03/26/2018 - 01:41:17: [basecommands.smx] "Console<0><Console><Console>" changed cvar (cvar "bot_rpg_spawn_attackdelay") (value "1")
L 03/26/2018 - 01:41:17: [basecommands.smx] "Console<0><Console><Console>" changed cvar (cvar "ins_bot_rpg_grace_time") (value "20")
L 03/26/2018 - 01:41:17: [basecommands.smx] "Console<0><Console><Console>" changed cvar (cvar "ins_bot_rpg_minimum_firing_distance") (value "200")
L 03/26/2018 - 01:41:17: [basecommands.smx] "Console<0><Console><Console>" changed cvar (cvar "ins_bot_rpg_minimum_player_cluster") (value "1")
L 03/26/2018 - 01:41:17: [basecommands.smx] "Console<0><Console><Console>" changed cvar (cvar "ins_bot_rpg_player_cluster_bloat") (value "20")
L 03/26/2018 - 01:41:17: [basecommands.smx] "Console<0><Console><Console>" changed cvar (cvar "ins_bot_rpg_player_cluster_radius") (value "1000")
L 03/26/2018 - 01:41:17: [basecommands.smx] "Console<0><Console><Console>" changed cvar (cvar "bot_rpg_spawn_attackdelay") (value "1")
L 03/26/2018 - 01:41:17: [basecommands.smx] "Console<0><Console><Console>" changed cvar (cvar "ins_bot_rpg_grace_time") (value "20")
L 03/26/2018 - 01:41:17: [basecommands.smx] "Console<0><Console><Console>" changed cvar (cvar "ins_bot_rpg_minimum_firing_distance") (value "200")
L 03/26/2018 - 01:41:17: [basecommands.smx] "Console<0><Console><Console>" changed cvar (cvar "ins_bot_rpg_minimum_player_cluster") (value "1")
L 03/26/2018 - 01:41:17: [basecommands.smx] "Console<0><Console><Console>" changed cvar (cvar "ins_bot_rpg_player_cluster_bloat") (value "20")
L 03/26/2018 - 01:41:17: [basecommands.smx] "Console<0><Console><Console>" changed cvar (cvar "ins_bot_rpg_player_cluster_radius") (value "1000")
L 03/26/2018 - 01:41:17: [basecommands.smx] "Console<0><Console><Console>" changed cvar (cvar "bot_grenade_think_time") (value "0")
L 03/26/2018 - 01:41:38: [basecommands.smx] "Console<0><Console><Console>" changed cvar (cvar "bot_grenade_think_time") (value "0")
L 03/26/2018 - 02:05:02: [basecommands.smx] "Console<0><Console><Console>" changed cvar (cvar "bot_grenade_think_time") (value "0")
L 03/26/2018 - 02:08:42: -------- Mapchange to cs_italy_coop --------
L 03/26/2018 - 02:08:42: [basecommands.smx] "Console<0><Console><Console>" changed cvar (cvar "bot_rpg_spawn_attackdelay") (value "1")
L 03/26/2018 - 02:08:42: [basecommands.smx] "Console<0><Console><Console>" changed cvar (cvar "ins_bot_rpg_grace_time") (value "20")
L 03/26/2018 - 02:08:42: [basecommands.smx] "Console<0><Console><Console>" changed cvar (cvar "ins_bot_rpg_minimum_firing_distance") (value "200")
L 03/26/2018 - 02:08:42: [basecommands.smx] "Console<0><Console><Console>" changed cvar (cvar "ins_bot_rpg_minimum_player_cluster") (value "1")
L 03/26/2018 - 02:08:42: [basecommands.smx] "Console<0><Console><Console>" changed cvar (cvar "ins_bot_rpg_player_cluster_bloat") (value "20")
L 03/26/2018 - 02:08:42: [basecommands.smx] "Console<0><Console><Console>" changed cvar (cvar "ins_bot_rpg_player_cluster_radius") (value "1000")
L 03/26/2018 - 02:08:43: [basecommands.smx] "Console<0><Console><Console>" changed cvar (cvar "bot_rpg_spawn_attackdelay") (value "1")
L 03/26/2018 - 02:08:43: [basecommands.smx] "Console<0><Console><Console>" changed cvar (cvar "ins_bot_rpg_grace_time") (value "20")
L 03/26/2018 - 02:08:43: [basecommands.smx] "Console<0><Console><Console>" changed cvar (cvar "ins_bot_rpg_minimum_firing_distance") (value "200")
L 03/26/2018 - 02:08:43: [basecommands.smx] "Console<0><Console><Console>" changed cvar (cvar "ins_bot_rpg_minimum_player_cluster") (value "1")
L 03/26/2018 - 02:08:43: [basecommands.smx] "Console<0><Console><Console>" changed cvar (cvar "ins_bot_rpg_player_cluster_bloat") (value "20")
L 03/26/2018 - 02:08:43: [basecommands.smx] "Console<0><Console><Console>" changed cvar (cvar "ins_bot_rpg_player_cluster_radius") (value "1000")
L 03/26/2018 - 02:08:43: [basecommands.smx] "Console<0><Console><Console>" changed cvar (cvar "bot_grenade_think_time") (value "0")
L 03/26/2018 - 02:09:05: [basecommands.smx] "Console<0><Console><Console>" changed cvar (cvar "bot_grenade_think_time") (value "0")
L 03/26/2018 - 02:14:34: -------- Mapchange to cs_italy_coop --------
L 03/26/2018 - 02:14:34: [basecommands.smx] "Console<0><Console><Console>" changed cvar (cvar "bot_rpg_spawn_attackdelay") (value "1")
L 03/26/2018 - 02:14:34: [basecommands.smx] "Console<0><Console><Console>" changed cvar (cvar "ins_bot_rpg_grace_time") (value "20")
L 03/26/2018 - 02:14:34: [basecommands.smx] "Console<0><Console><Console>" changed cvar (cvar "ins_bot_rpg_minimum_firing_distance") (value "200")
L 03/26/2018 - 02:14:34: [basecommands.smx] "Console<0><Console><Console>" changed cvar (cvar "ins_bot_rpg_minimum_player_cluster") (value "1")
L 03/26/2018 - 02:14:34: [basecommands.smx] "Console<0><Console><Console>" changed cvar (cvar "ins_bot_rpg_player_cluster_bloat") (value "20")
L 03/26/2018 - 02:14:34: [basecommands.smx] "Console<0><Console><Console>" changed cvar (cvar "ins_bot_rpg_player_cluster_radius") (value "1000")
L 03/26/2018 - 02:14:34: [basecommands.smx] "Console<0><Console><Console>" changed cvar (cvar "bot_rpg_spawn_attackdelay") (value "1")
L 03/26/2018 - 02:14:34: [basecommands.smx] "Console<0><Console><Console>" changed cvar (cvar "ins_bot_rpg_grace_time") (value "20")
L 03/26/2018 - 02:14:34: [basecommands.smx] "Console<0><Console><Console>" changed cvar (cvar "ins_bot_rpg_minimum_firing_distance") (value "200")
L 03/26/2018 - 02:14:34: [basecommands.smx] "Console<0><Console><Console>" changed cvar (cvar "ins_bot_rpg_minimum_player_cluster") (value "1")
L 03/26/2018 - 02:14:34: [basecommands.smx] "Console<0><Console><Console>" changed cvar (cvar "ins_bot_rpg_player_cluster_bloat") (value "20")
L 03/26/2018 - 02:14:34: [basecommands.smx] "Console<0><Console><Console>" changed cvar (cvar "ins_bot_rpg_player_cluster_radius") (value "1000")
L 03/26/2018 - 02:14:35: [basecommands.smx] "Console<0><Console><Console>" changed cvar (cvar "bot_grenade_think_time") (value "0")
L 03/26/2018 - 02:15:04: -------- Mapchange to doi_iron_cross --------
L 03/26/2018 - 02:15:04: [basecommands.smx] "Console<0><Console><Console>" changed cvar (cvar "bot_rpg_spawn_attackdelay") (value "1")
L 03/26/2018 - 02:15:04: [basecommands.smx] "Console<0><Console><Console>" changed cvar (cvar "ins_bot_rpg_grace_time") (value "20")
L 03/26/2018 - 02:15:04: [basecommands.smx] "Console<0><Console><Console>" changed cvar (cvar "ins_bot_rpg_minimum_firing_distance") (value "200")
L 03/26/2018 - 02:15:04: [basecommands.smx] "Console<0><Console><Console>" changed cvar (cvar "ins_bot_rpg_minimum_player_cluster") (value "1")
L 03/26/2018 - 02:15:04: [basecommands.smx] "Console<0><Console><Console>" changed cvar (cvar "ins_bot_rpg_player_cluster_bloat") (value "20")
L 03/26/2018 - 02:15:04: [basecommands.smx] "Console<0><Console><Console>" changed cvar (cvar "ins_bot_rpg_player_cluster_radius") (value "1000")
L 03/26/2018 - 02:15:04: [basecommands.smx] "Console<0><Console><Console>" changed cvar (cvar "bot_rpg_spawn_attackdelay") (value "1")
L 03/26/2018 - 02:15:04: [basecommands.smx] "Console<0><Console><Console>" changed cvar (cvar "ins_bot_rpg_grace_time") (value "20")
L 03/26/2018 - 02:15:04: [basecommands.smx] "Console<0><Console><Console>" changed cvar (cvar "ins_bot_rpg_minimum_firing_distance") (value "200")
L 03/26/2018 - 02:15:04: [basecommands.smx] "Console<0><Console><Console>" changed cvar (cvar "ins_bot_rpg_minimum_player_cluster") (value "1")
L 03/26/2018 - 02:15:04: [basecommands.smx] "Console<0><Console><Console>" changed cvar (cvar "ins_bot_rpg_player_cluster_bloat") (value "20")
L 03/26/2018 - 02:15:04: [basecommands.smx] "Console<0><Console><Console>" changed cvar (cvar "ins_bot_rpg_player_cluster_radius") (value "1000")
L 03/26/2018 - 02:15:04: [basecommands.smx] "Console<0><Console><Console>" changed cvar (cvar "bot_grenade_think_time") (value "0")
L 03/26/2018 - 02:15:18: [basecommands.smx] "Console<0><Console><Console>" changed cvar (cvar "bot_grenade_think_time") (value "0")
L 03/26/2018 - 02:15:53: [basecommands.smx] "Console<0><Console><Console>" changed cvar (cvar "bot_grenade_think_time") (value "0")
L 03/26/2018 - 02:19:27: -------- Mapchange to dust2_checkpoint_b8 --------
L 03/26/2018 - 02:19:28: [basecommands.smx] "Console<0><Console><Console>" changed cvar (cvar "bot_rpg_spawn_attackdelay") (value "1")
L 03/26/2018 - 02:19:28: [basecommands.smx] "Console<0><Console><Console>" changed cvar (cvar "ins_bot_rpg_grace_time") (value "20")
L 03/26/2018 - 02:19:28: [basecommands.smx] "Console<0><Console><Console>" changed cvar (cvar "ins_bot_rpg_minimum_firing_distance") (value "200")
L 03/26/2018 - 02:19:28: [basecommands.smx] "Console<0><Console><Console>" changed cvar (cvar "ins_bot_rpg_minimum_player_cluster") (value "1")
L 03/26/2018 - 02:19:28: [basecommands.smx] "Console<0><Console><Console>" changed cvar (cvar "ins_bot_rpg_player_cluster_bloat") (value "20")
L 03/26/2018 - 02:19:28: [basecommands.smx] "Console<0><Console><Console>" changed cvar (cvar "ins_bot_rpg_player_cluster_radius") (value "1000")
L 03/26/2018 - 02:19:28: [basecommands.smx] "Console<0><Console><Console>" changed cvar (cvar "bot_rpg_spawn_attackdelay") (value "1")
L 03/26/2018 - 02:19:28: [basecommands.smx] "Console<0><Console><Console>" changed cvar (cvar "ins_bot_rpg_grace_time") (value "20")
L 03/26/2018 - 02:19:28: [basecommands.smx] "Console<0><Console><Console>" changed cvar (cvar "ins_bot_rpg_minimum_firing_distance") (value "200")
L 03/26/2018 - 02:19:28: [basecommands.smx] "Console<0><Console><Console>" changed cvar (cvar "ins_bot_rpg_minimum_player_cluster") (value "1")
L 03/26/2018 - 02:19:28: [basecommands.smx] "Console<0><Console><Console>" changed cvar (cvar "ins_bot_rpg_player_cluster_bloat") (value "20")
L 03/26/2018 - 02:19:28: [basecommands.smx] "Console<0><Console><Console>" changed cvar (cvar "ins_bot_rpg_player_cluster_radius") (value "1000")
L 03/26/2018 - 02:19:28: [basecommands.smx] "Console<0><Console><Console>" changed cvar (cvar "bot_grenade_think_time") (value "0")
L 03/26/2018 - 02:19:59: [basecommands.smx] "Console<0><Console><Console>" changed cvar (cvar "bot_grenade_think_time") (value "0")
L 03/26/2018 - 02:23:44: -------- Mapchange to prospect_coop_b6 --------
L 03/26/2018 - 02:23:44: [basecommands.smx] "Console<0><Console><Console>" changed cvar (cvar "bot_rpg_spawn_attackdelay") (value "1")
L 03/26/2018 - 02:23:44: [basecommands.smx] "Console<0><Console><Console>" changed cvar (cvar "ins_bot_rpg_grace_time") (value "20")
L 03/26/2018 - 02:23:44: [basecommands.smx] "Console<0><Console><Console>" changed cvar (cvar "ins_bot_rpg_minimum_firing_distance") (value "200")
L 03/26/2018 - 02:23:44: [basecommands.smx] "Console<0><Console><Console>" changed cvar (cvar "ins_bot_rpg_minimum_player_cluster") (value "1")
L 03/26/2018 - 02:23:44: [basecommands.smx] "Console<0><Console><Console>" changed cvar (cvar "ins_bot_rpg_player_cluster_bloat") (value "20")
L 03/26/2018 - 02:23:44: [basecommands.smx] "Console<0><Console><Console>" changed cvar (cvar "ins_bot_rpg_player_cluster_radius") (value "1000")
L 03/26/2018 - 02:23:44: [basecommands.smx] "Console<0><Console><Console>" changed cvar (cvar "bot_rpg_spawn_attackdelay") (value "1")
L 03/26/2018 - 02:23:44: [basecommands.smx] "Console<0><Console><Console>" changed cvar (cvar "ins_bot_rpg_grace_time") (value "20")
L 03/26/2018 - 02:23:44: [basecommands.smx] "Console<0><Console><Console>" changed cvar (cvar "ins_bot_rpg_minimum_firing_distance") (value "200")
L 03/26/2018 - 02:23:44: [basecommands.smx] "Console<0><Console><Console>" changed cvar (cvar "ins_bot_rpg_minimum_player_cluster") (value "1")
L 03/26/2018 - 02:23:44: [basecommands.smx] "Console<0><Console><Console>" changed cvar (cvar "ins_bot_rpg_player_cluster_bloat") (value "20")
L 03/26/2018 - 02:23:44: [basecommands.smx] "Console<0><Console><Console>" changed cvar (cvar "ins_bot_rpg_player_cluster_radius") (value "1000")
L 03/26/2018 - 02:23:44: [basecommands.smx] "Console<0><Console><Console>" changed cvar (cvar "bot_grenade_think_time") (value "0")
L 03/26/2018 - 02:25:04: [basecommands.smx] "Console<0><Console><Console>" changed cvar (cvar "bot_grenade_think_time") (value "0")
L 03/26/2018 - 02:25:52: -------- Mapchange to dust2_checkpoint_b8 --------
L 03/26/2018 - 02:25:52: [basecommands.smx] "Console<0><Console><Console>" changed cvar (cvar "bot_rpg_spawn_attackdelay") (value "1")
L 03/26/2018 - 02:25:52: [basecommands.smx] "Console<0><Console><Console>" changed cvar (cvar "ins_bot_rpg_grace_time") (value "20")
L 03/26/2018 - 02:25:52: [basecommands.smx] "Console<0><Console><Console>" changed cvar (cvar "ins_bot_rpg_minimum_firing_distance") (value "200")
L 03/26/2018 - 02:25:52: [basecommands.smx] "Console<0><Console><Console>" changed cvar (cvar "ins_bot_rpg_minimum_player_cluster") (value "1")
L 03/26/2018 - 02:25:52: [basecommands.smx] "Console<0><Console><Console>" changed cvar (cvar "ins_bot_rpg_player_cluster_bloat") (value "20")
L 03/26/2018 - 02:25:52: [basecommands.smx] "Console<0><Console><Console>" changed cvar (cvar "ins_bot_rpg_player_cluster_radius") (value "1000")
L 03/26/2018 - 02:25:52: [basecommands.smx] "Console<0><Console><Console>" changed cvar (cvar "bot_rpg_spawn_attackdelay") (value "1")
L 03/26/2018 - 02:25:52: [basecommands.smx] "Console<0><Console><Console>" changed cvar (cvar "ins_bot_rpg_grace_time") (value "20")
L 03/26/2018 - 02:25:52: [basecommands.smx] "Console<0><Console><Console>" changed cvar (cvar "ins_bot_rpg_minimum_firing_distance") (value "200")
L 03/26/2018 - 02:25:52: [basecommands.smx] "Console<0><Console><Console>" changed cvar (cvar "ins_bot_rpg_minimum_player_cluster") (value "1")
L 03/26/2018 - 02:25:52: [basecommands.smx] "Console<0><Console><Console>" changed cvar (cvar "ins_bot_rpg_player_cluster_bloat") (value "20")
L 03/26/2018 - 02:25:52: [basecommands.smx] "Console<0><Console><Console>" changed cvar (cvar "ins_bot_rpg_player_cluster_radius") (value "1000")
L 03/26/2018 - 02:25:53: [basecommands.smx] "Console<0><Console><Console>" changed cvar (cvar "bot_grenade_think_time") (value "0")
L 03/26/2018 - 02:26:11: [basecommands.smx] "Console<0><Console><Console>" changed cvar (cvar "bot_grenade_think_time") (value "0")
L 03/26/2018 - 02:29:10: -------- Mapchange to heights_coop --------
L 03/26/2018 - 02:29:10: [basecommands.smx] "Console<0><Console><Console>" changed cvar (cvar "bot_rpg_spawn_attackdelay") (value "1")
L 03/26/2018 - 02:29:10: [basecommands.smx] "Console<0><Console><Console>" changed cvar (cvar "ins_bot_rpg_grace_time") (value "20")
L 03/26/2018 - 02:29:10: [basecommands.smx] "Console<0><Console><Console>" changed cvar (cvar "ins_bot_rpg_minimum_firing_distance") (value "200")
L 03/26/2018 - 02:29:10: [basecommands.smx] "Console<0><Console><Console>" changed cvar (cvar "ins_bot_rpg_minimum_player_cluster") (value "1")
L 03/26/2018 - 02:29:10: [basecommands.smx] "Console<0><Console><Console>" changed cvar (cvar "ins_bot_rpg_player_cluster_bloat") (value "20")
L 03/26/2018 - 02:29:10: [basecommands.smx] "Console<0><Console><Console>" changed cvar (cvar "ins_bot_rpg_player_cluster_radius") (value "1000")
L 03/26/2018 - 02:29:10: [basecommands.smx] "Console<0><Console><Console>" changed cvar (cvar "bot_rpg_spawn_attackdelay") (value "1")
L 03/26/2018 - 02:29:10: [basecommands.smx] "Console<0><Console><Console>" changed cvar (cvar "ins_bot_rpg_grace_time") (value "20")
L 03/26/2018 - 02:29:10: [basecommands.smx] "Console<0><Console><Console>" changed cvar (cvar "ins_bot_rpg_minimum_firing_distance") (value "200")
L 03/26/2018 - 02:29:10: [basecommands.smx] "Console<0><Console><Console>" changed cvar (cvar "ins_bot_rpg_minimum_player_cluster") (value "1")
L 03/26/2018 - 02:29:10: [basecommands.smx] "Console<0><Console><Console>" changed cvar (cvar "ins_bot_rpg_player_cluster_bloat") (value "20")
L 03/26/2018 - 02:29:10: [basecommands.smx] "Console<0><Console><Console>" changed cvar (cvar "ins_bot_rpg_player_cluster_radius") (value "1000")
L 03/26/2018 - 02:29:11: [basecommands.smx] "Console<0><Console><Console>" changed cvar (cvar "bot_grenade_think_time") (value "0")
L 03/26/2018 - 02:29:41: [basecommands.smx] "Console<0><Console><Console>" changed cvar (cvar "bot_grenade_think_time") (value "0")
L 03/26/2018 - 02:34:17: -------- Mapchange to ministry_coop --------
L 03/26/2018 - 02:34:17: [basecommands.smx] "Console<0><Console><Console>" changed cvar (cvar "bot_rpg_spawn_attackdelay") (value "1")
L 03/26/2018 - 02:34:17: [basecommands.smx] "Console<0><Console><Console>" changed cvar (cvar "ins_bot_rpg_grace_time") (value "20")
L 03/26/2018 - 02:34:17: [basecommands.smx] "Console<0><Console><Console>" changed cvar (cvar "ins_bot_rpg_minimum_firing_distance") (value "200")
L 03/26/2018 - 02:34:17: [basecommands.smx] "Console<0><Console><Console>" changed cvar (cvar "ins_bot_rpg_minimum_player_cluster") (value "1")
L 03/26/2018 - 02:34:17: [basecommands.smx] "Console<0><Console><Console>" changed cvar (cvar "ins_bot_rpg_player_cluster_bloat") (value "20")
L 03/26/2018 - 02:34:17: [basecommands.smx] "Console<0><Console><Console>" changed cvar (cvar "ins_bot_rpg_player_cluster_radius") (value "1000")
L 03/26/2018 - 02:34:17: [basecommands.smx] "Console<0><Console><Console>" changed cvar (cvar "bot_rpg_spawn_attackdelay") (value "1")
L 03/26/2018 - 02:34:17: [basecommands.smx] "Console<0><Console><Console>" changed cvar (cvar "ins_bot_rpg_grace_time") (value "20")
L 03/26/2018 - 02:34:17: [basecommands.smx] "Console<0><Console><Console>" changed cvar (cvar "ins_bot_rpg_minimum_firing_distance") (value "200")
L 03/26/2018 - 02:34:17: [basecommands.smx] "Console<0><Console><Console>" changed cvar (cvar "ins_bot_rpg_minimum_player_cluster") (value "1")
L 03/26/2018 - 02:34:17: [basecommands.smx] "Console<0><Console><Console>" changed cvar (cvar "ins_bot_rpg_player_cluster_bloat") (value "20")
L 03/26/2018 - 02:34:17: [basecommands.smx] "Console<0><Console><Console>" changed cvar (cvar "ins_bot_rpg_player_cluster_radius") (value "1000")
L 03/26/2018 - 02:34:18: [basecommands.smx] "Console<0><Console><Console>" changed cvar (cvar "bot_grenade_think_time") (value "0")
L 03/26/2018 - 02:34:34: [basecommands.smx] "Console<0><Console><Console>" changed cvar (cvar "bot_grenade_think_time") (value "0")
L 03/26/2018 - 03:07:09: [basecommands.smx] "Console<0><Console><Console>" changed cvar (cvar "bot_grenade_think_time") (value "0")
L 03/26/2018 - 03:15:27: -------- Mapchange to ministry_coop --------
L 03/26/2018 - 03:15:27: [basecommands.smx] "Console<0><Console><Console>" changed cvar (cvar "bot_rpg_spawn_attackdelay") (value "1")
L 03/26/2018 - 03:15:27: [basecommands.smx] "Console<0><Console><Console>" changed cvar (cvar "ins_bot_rpg_grace_time") (value "20")
L 03/26/2018 - 03:15:27: [basecommands.smx] "Console<0><Console><Console>" changed cvar (cvar "ins_bot_rpg_minimum_firing_distance") (value "200")
L 03/26/2018 - 03:15:27: [basecommands.smx] "Console<0><Console><Console>" changed cvar (cvar "ins_bot_rpg_minimum_player_cluster") (value "1")
L 03/26/2018 - 03:15:27: [basecommands.smx] "Console<0><Console><Console>" changed cvar (cvar "ins_bot_rpg_player_cluster_bloat") (value "20")
L 03/26/2018 - 03:15:27: [basecommands.smx] "Console<0><Console><Console>" changed cvar (cvar "ins_bot_rpg_player_cluster_radius") (value "1000")
L 03/26/2018 - 03:15:27: [basecommands.smx] "Console<0><Console><Console>" changed cvar (cvar "bot_rpg_spawn_attackdelay") (value "1")
L 03/26/2018 - 03:15:27: [basecommands.smx] "Console<0><Console><Console>" changed cvar (cvar "ins_bot_rpg_grace_time") (value "20")
L 03/26/2018 - 03:15:27: [basecommands.smx] "Console<0><Console><Console>" changed cvar (cvar "ins_bot_rpg_minimum_firing_distance") (value "200")
L 03/26/2018 - 03:15:27: [basecommands.smx] "Console<0><Console><Console>" changed cvar (cvar "ins_bot_rpg_minimum_player_cluster") (value "1")
L 03/26/2018 - 03:15:27: [basecommands.smx] "Console<0><Console><Console>" changed cvar (cvar "ins_bot_rpg_player_cluster_bloat") (value "20")
L 03/26/2018 - 03:15:27: [basecommands.smx] "Console<0><Console><Console>" changed cvar (cvar "ins_bot_rpg_player_cluster_radius") (value "1000")
L 03/26/2018 - 03:15:28: [basecommands.smx] "Console<0><Console><Console>" changed cvar (cvar "bot_grenade_think_time") (value "0")
L 03/26/2018 - 03:16:01: [basecommands.smx] "Console<0><Console><Console>" changed cvar (cvar "bot_grenade_think_time") (value "0")
L 03/26/2018 - 03:21:41: -------- Mapchange to revolt_coop --------
L 03/26/2018 - 03:21:41: [basecommands.smx] "Console<0><Console><Console>" changed cvar (cvar "bot_rpg_spawn_attackdelay") (value "1")
L 03/26/2018 - 03:21:41: [basecommands.smx] "Console<0><Console><Console>" changed cvar (cvar "ins_bot_rpg_grace_time") (value "20")
L 03/26/2018 - 03:21:41: [basecommands.smx] "Console<0><Console><Console>" changed cvar (cvar "ins_bot_rpg_minimum_firing_distance") (value "200")
L 03/26/2018 - 03:21:41: [basecommands.smx] "Console<0><Console><Console>" changed cvar (cvar "ins_bot_rpg_minimum_player_cluster") (value "1")
L 03/26/2018 - 03:21:41: [basecommands.smx] "Console<0><Console><Console>" changed cvar (cvar "ins_bot_rpg_player_cluster_bloat") (value "20")
L 03/26/2018 - 03:21:41: [basecommands.smx] "Console<0><Console><Console>" changed cvar (cvar "ins_bot_rpg_player_cluster_radius") (value "1000")
L 03/26/2018 - 03:21:41: [basecommands.smx] "Console<0><Console><Console>" changed cvar (cvar "bot_rpg_spawn_attackdelay") (value "1")
L 03/26/2018 - 03:21:41: [basecommands.smx] "Console<0><Console><Console>" changed cvar (cvar "ins_bot_rpg_grace_time") (value "20")
L 03/26/2018 - 03:21:41: [basecommands.smx] "Console<0><Console><Console>" changed cvar (cvar "ins_bot_rpg_minimum_firing_distance") (value "200")
L 03/26/2018 - 03:21:41: [basecommands.smx] "Console<0><Console><Console>" changed cvar (cvar "ins_bot_rpg_minimum_player_cluster") (value "1")
L 03/26/2018 - 03:21:41: [basecommands.smx] "Console<0><Console><Console>" changed cvar (cvar "ins_bot_rpg_player_cluster_bloat") (value "20")
L 03/26/2018 - 03:21:41: [basecommands.smx] "Console<0><Console><Console>" changed cvar (cvar "ins_bot_rpg_player_cluster_radius") (value "1000")
L 03/26/2018 - 03:21:41: [basecommands.smx] "Console<0><Console><Console>" changed cvar (cvar "bot_grenade_think_time") (value "0")
L 03/26/2018 - 03:28:43: -------- Mapchange to showdown --------
L 03/26/2018 - 03:28:43: [basecommands.smx] "Console<0><Console><Console>" changed cvar (cvar "bot_rpg_spawn_attackdelay") (value "1")
L 03/26/2018 - 03:28:43: [basecommands.smx] "Console<0><Console><Console>" changed cvar (cvar "ins_bot_rpg_grace_time") (value "20")
L 03/26/2018 - 03:28:43: [basecommands.smx] "Console<0><Console><Console>" changed cvar (cvar "ins_bot_rpg_minimum_firing_distance") (value "200")
L 03/26/2018 - 03:28:43: [basecommands.smx] "Console<0><Console><Console>" changed cvar (cvar "ins_bot_rpg_minimum_player_cluster") (value "1")
L 03/26/2018 - 03:28:43: [basecommands.smx] "Console<0><Console><Console>" changed cvar (cvar "ins_bot_rpg_player_cluster_bloat") (value "20")
L 03/26/2018 - 03:28:43: [basecommands.smx] "Console<0><Console><Console>" changed cvar (cvar "ins_bot_rpg_player_cluster_radius") (value "1000")
L 03/26/2018 - 03:28:43: [basecommands.smx] "Console<0><Console><Console>" changed cvar (cvar "bot_rpg_spawn_attackdelay") (value "1")
L 03/26/2018 - 03:28:43: [basecommands.smx] "Console<0><Console><Console>" changed cvar (cvar "ins_bot_rpg_grace_time") (value "20")
L 03/26/2018 - 03:28:43: [basecommands.smx] "Console<0><Console><Console>" changed cvar (cvar "ins_bot_rpg_minimum_firing_distance") (value "200")
L 03/26/2018 - 03:28:43: [basecommands.smx] "Console<0><Console><Console>" changed cvar (cvar "ins_bot_rpg_minimum_player_cluster") (value "1")
L 03/26/2018 - 03:28:43: [basecommands.smx] "Console<0><Console><Console>" changed cvar (cvar "ins_bot_rpg_player_cluster_bloat") (value "20")
L 03/26/2018 - 03:28:43: [basecommands.smx] "Console<0><Console><Console>" changed cvar (cvar "ins_bot_rpg_player_cluster_radius") (value "1000")
L 03/26/2018 - 03:28:43: [basecommands.smx] "Console<0><Console><Console>" changed cvar (cvar "bot_grenade_think_time") (value "0")
L 03/26/2018 - 04:21:47: -------- Mapchange to siege_coop --------
L 03/26/2018 - 04:21:47: [basecommands.smx] "Console<0><Console><Console>" changed cvar (cvar "bot_rpg_spawn_attackdelay") (value "1")
L 03/26/2018 - 04:21:47: [basecommands.smx] "Console<0><Console><Console>" changed cvar (cvar "ins_bot_rpg_grace_time") (value "20")
L 03/26/2018 - 04:21:47: [basecommands.smx] "Console<0><Console><Console>" changed cvar (cvar "ins_bot_rpg_minimum_firing_distance") (value "200")
L 03/26/2018 - 04:21:47: [basecommands.smx] "Console<0><Console><Console>" changed cvar (cvar "ins_bot_rpg_minimum_player_cluster") (value "1")
L 03/26/2018 - 04:21:47: [basecommands.smx] "Console<0><Console><Console>" changed cvar (cvar "ins_bot_rpg_player_cluster_bloat") (value "20")
L 03/26/2018 - 04:21:47: [basecommands.smx] "Console<0><Console><Console>" changed cvar (cvar "ins_bot_rpg_player_cluster_radius") (value "1000")
L 03/26/2018 - 04:21:47: [basecommands.smx] "Console<0><Console><Console>" changed cvar (cvar "bot_rpg_spawn_attackdelay") (value "1")
L 03/26/2018 - 04:21:47: [basecommands.smx] "Console<0><Console><Console>" changed cvar (cvar "ins_bot_rpg_grace_time") (value "20")
L 03/26/2018 - 04:21:47: [basecommands.smx] "Console<0><Console><Console>" changed cvar (cvar "ins_bot_rpg_minimum_firing_distance") (value "200")
L 03/26/2018 - 04:21:47: [basecommands.smx] "Console<0><Console><Console>" changed cvar (cvar "ins_bot_rpg_minimum_player_cluster") (value "1")
L 03/26/2018 - 04:21:47: [basecommands.smx] "Console<0><Console><Console>" changed cvar (cvar "ins_bot_rpg_player_cluster_bloat") (value "20")
L 03/26/2018 - 04:21:47: [basecommands.smx] "Console<0><Console><Console>" changed cvar (cvar "ins_bot_rpg_player_cluster_radius") (value "1000")
L 03/26/2018 - 04:21:47: [basecommands.smx] "Console<0><Console><Console>" changed cvar (cvar "bot_grenade_think_time") (value "0")
L 03/26/2018 - 04:28:48: -------- Mapchange to shrine --------
L 03/26/2018 - 04:28:48: [basecommands.smx] "Console<0><Console><Console>" changed cvar (cvar "bot_rpg_spawn_attackdelay") (value "1")
L 03/26/2018 - 04:28:48: [basecommands.smx] "Console<0><Console><Console>" changed cvar (cvar "ins_bot_rpg_grace_time") (value "20")
L 03/26/2018 - 04:28:48: [basecommands.smx] "Console<0><Console><Console>" changed cvar (cvar "ins_bot_rpg_minimum_firing_distance") (value "200")
L 03/26/2018 - 04:28:48: [basecommands.smx] "Console<0><Console><Console>" changed cvar (cvar "ins_bot_rpg_minimum_player_cluster") (value "1")
L 03/26/2018 - 04:28:48: [basecommands.smx] "Console<0><Console><Console>" changed cvar (cvar "ins_bot_rpg_player_cluster_bloat") (value "20")
L 03/26/2018 - 04:28:48: [basecommands.smx] "Console<0><Console><Console>" changed cvar (cvar "ins_bot_rpg_player_cluster_radius") (value "1000")
L 03/26/2018 - 04:28:48: [basecommands.smx] "Console<0><Console><Console>" changed cvar (cvar "bot_rpg_spawn_attackdelay") (value "1")
L 03/26/2018 - 04:28:48: [basecommands.smx] "Console<0><Console><Console>" changed cvar (cvar "ins_bot_rpg_grace_time") (value "20")
L 03/26/2018 - 04:28:48: [basecommands.smx] "Console<0><Console><Console>" changed cvar (cvar "ins_bot_rpg_minimum_firing_distance") (value "200")
L 03/26/2018 - 04:28:48: [basecommands.smx] "Console<0><Console><Console>" changed cvar (cvar "ins_bot_rpg_minimum_player_cluster") (value "1")
L 03/26/2018 - 04:28:48: [basecommands.smx] "Console<0><Console><Console>" changed cvar (cvar "ins_bot_rpg_player_cluster_bloat") (value "20")
L 03/26/2018 - 04:28:48: [basecommands.smx] "Console<0><Console><Console>" changed cvar (cvar "ins_bot_rpg_player_cluster_radius") (value "1000")
L 03/26/2018 - 05:00:07: Log file closed.
L 03/26/2018 - 05:00:07: Log file closed.
L 03/26/2018 - 08:00:45: SourceMod log file session started (file "L20180326.log") (Version "1.8.0.6040")
L 03/26/2018 - 08:00:45: -------- Mapchange to block26_b1 --------
L 03/26/2018 - 08:00:45: [GEOIP] GeoIP database info: GEO-106FREE 20171205 Build 1 Copyright (c) 2017 MaxMind Inc All Rights Reserved
L 03/26/2018 - 10:58:21: [basecommands.smx] "Console<0><Console><Console>" changed cvar (cvar "bot_grenade_think_time") (value "0")
L 03/26/2018 - 11:22:36: [basecommands.smx] "Console<0><Console><Console>" changed cvar (cvar "bot_grenade_think_time") (value "0")
L 03/26/2018 - 11:34:38: -------- Mapchange to block_party_coop_ws --------
L 03/26/2018 - 11:34:38: [basecommands.smx] "Console<0><Console><Console>" changed cvar (cvar "bot_rpg_spawn_attackdelay") (value "1")
L 03/26/2018 - 11:34:38: [basecommands.smx] "Console<0><Console><Console>" changed cvar (cvar "ins_bot_rpg_grace_time") (value "20")
L 03/26/2018 - 11:34:38: [basecommands.smx] "Console<0><Console><Console>" changed cvar (cvar "ins_bot_rpg_minimum_firing_distance") (value "200")
L 03/26/2018 - 11:34:38: [basecommands.smx] "Console<0><Console><Console>" changed cvar (cvar "ins_bot_rpg_minimum_player_cluster") (value "1")
L 03/26/2018 - 11:34:38: [basecommands.smx] "Console<0><Console><Console>" changed cvar (cvar "ins_bot_rpg_player_cluster_bloat") (value "20")
L 03/26/2018 - 11:34:38: [basecommands.smx] "Console<0><Console><Console>" changed cvar (cvar "ins_bot_rpg_player_cluster_radius") (value "1000")
L 03/26/2018 - 11:34:38: [basecommands.smx] "Console<0><Console><Console>" changed cvar (cvar "bot_rpg_spawn_attackdelay") (value "1")
L 03/26/2018 - 11:34:38: [basecommands.smx] "Console<0><Console><Console>" changed cvar (cvar "ins_bot_rpg_grace_time") (value "20")
L 03/26/2018 - 11:34:38: [basecommands.smx] "Console<0><Console><Console>" changed cvar (cvar "ins_bot_rpg_minimum_firing_distance") (value "200")
L 03/26/2018 - 11:34:38: [basecommands.smx] "Console<0><Console><Console>" changed cvar (cvar "ins_bot_rpg_minimum_player_cluster") (value "1")
L 03/26/2018 - 11:34:38: [basecommands.smx] "Console<0><Console><Console>" changed cvar (cvar "ins_bot_rpg_player_cluster_bloat") (value "20")
L 03/26/2018 - 11:34:38: [basecommands.smx] "Console<0><Console><Console>" changed cvar (cvar "ins_bot_rpg_player_cluster_radius") (value "1000")
L 03/26/2018 - 11:34:38: [basecommands.smx] "Console<0><Console><Console>" changed cvar (cvar "bot_grenade_think_time") (value "0")
L 03/26/2018 - 11:59:55: [basecommands.smx] "Console<0><Console><Console>" changed cvar (cvar "bot_grenade_think_time") (value "0")
L 03/26/2018 - 12:01:54: -------- Mapchange to nightfall_coopv1_2 --------
L 03/26/2018 - 12:01:54: [basecommands.smx] "Console<0><Console><Console>" changed cvar (cvar "bot_rpg_spawn_attackdelay") (value "1")
L 03/26/2018 - 12:01:54: [basecommands.smx] "Console<0><Console><Console>" changed cvar (cvar "ins_bot_rpg_grace_time") (value "20")
L 03/26/2018 - 12:01:54: [basecommands.smx] "Console<0><Console><Console>" changed cvar (cvar "ins_bot_rpg_minimum_firing_distance") (value "200")
L 03/26/2018 - 12:01:54: [basecommands.smx] "Console<0><Console><Console>" changed cvar (cvar "ins_bot_rpg_minimum_player_cluster") (value "1")
L 03/26/2018 - 12:01:54: [basecommands.smx] "Console<0><Console><Console>" changed cvar (cvar "ins_bot_rpg_player_cluster_bloat") (value "20")
L 03/26/2018 - 12:01:54: [basecommands.smx] "Console<0><Console><Console>" changed cvar (cvar "ins_bot_rpg_player_cluster_radius") (value "1000")
L 03/26/2018 - 12:01:54: [basecommands.smx] "Console<0><Console><Console>" changed cvar (cvar "bot_rpg_spawn_attackdelay") (value "1")
L 03/26/2018 - 12:01:54: [basecommands.smx] "Console<0><Console><Console>" changed cvar (cvar "ins_bot_rpg_grace_time") (value "20")
L 03/26/2018 - 12:01:54: [basecommands.smx] "Console<0><Console><Console>" changed cvar (cvar "ins_bot_rpg_minimum_firing_distance") (value "200")
L 03/26/2018 - 12:01:54: [basecommands.smx] "Console<0><Console><Console>" changed cvar (cvar "ins_bot_rpg_minimum_player_cluster") (value "1")
L 03/26/2018 - 12:01:54: [basecommands.smx] "Console<0><Console><Console>" changed cvar (cvar "ins_bot_rpg_player_cluster_bloat") (value "20")
L 03/26/2018 - 12:01:54: [basecommands.smx] "Console<0><Console><Console>" changed cvar (cvar "ins_bot_rpg_player_cluster_radius") (value "1000")
L 03/26/2018 - 12:01:54: [basecommands.smx] "Console<0><Console><Console>" changed cvar (cvar "bot_grenade_think_time") (value "0")
L 03/26/2018 - 12:16:27: [basecommands.smx] "Console<0><Console><Console>" changed cvar (cvar "bot_grenade_think_time") (value "0")
L 03/26/2018 - 12:23:26: -------- Mapchange to heights_coop --------
L 03/26/2018 - 12:23:26: [basecommands.smx] "Console<0><Console><Console>" changed cvar (cvar "bot_rpg_spawn_attackdelay") (value "1")
L 03/26/2018 - 12:23:26: [basecommands.smx] "Console<0><Console><Console>" changed cvar (cvar "ins_bot_rpg_grace_time") (value "20")
L 03/26/2018 - 12:23:26: [basecommands.smx] "Console<0><Console><Console>" changed cvar (cvar "ins_bot_rpg_minimum_firing_distance") (value "200")
L 03/26/2018 - 12:23:26: [basecommands.smx] "Console<0><Console><Console>" changed cvar (cvar "ins_bot_rpg_minimum_player_cluster") (value "1")
L 03/26/2018 - 12:23:26: [basecommands.smx] "Console<0><Console><Console>" changed cvar (cvar "ins_bot_rpg_player_cluster_bloat") (value "20")
L 03/26/2018 - 12:23:26: [basecommands.smx] "Console<0><Console><Console>" changed cvar (cvar "ins_bot_rpg_player_cluster_radius") (value "1000")
L 03/26/2018 - 12:23:26: [basecommands.smx] "Console<0><Console><Console>" changed cvar (cvar "bot_rpg_spawn_attackdelay") (value "1")
L 03/26/2018 - 12:23:26: [basecommands.smx] "Console<0><Console><Console>" changed cvar (cvar "ins_bot_rpg_grace_time") (value "20")
L 03/26/2018 - 12:23:26: [basecommands.smx] "Console<0><Console><Console>" changed cvar (cvar "ins_bot_rpg_minimum_firing_distance") (value "200")
L 03/26/2018 - 12:23:26: [basecommands.smx] "Console<0><Console><Console>" changed cvar (cvar "ins_bot_rpg_minimum_player_cluster") (value "1")
L 03/26/2018 - 12:23:26: [basecommands.smx] "Console<0><Console><Console>" changed cvar (cvar "ins_bot_rpg_player_cluster_bloat") (value "20")
L 03/26/2018 - 12:23:26: [basecommands.smx] "Console<0><Console><Console>" changed cvar (cvar "ins_bot_rpg_player_cluster_radius") (value "1000")
L 03/26/2018 - 12:23:27: [basecommands.smx] "Console<0><Console><Console>" changed cvar (cvar "bot_grenade_think_time") (value "0")
L 03/26/2018 - 12:23:52: [basecommands.smx] "Console<0><Console><Console>" changed cvar (cvar "bot_grenade_think_time") (value "0")
L 03/26/2018 - 12:31:42: -------- Mapchange to dust2_checkpoint_b8 --------
L 03/26/2018 - 12:31:42: [basecommands.smx] "Console<0><Console><Console>" changed cvar (cvar "bot_rpg_spawn_attackdelay") (value "1")
L 03/26/2018 - 12:31:42: [basecommands.smx] "Console<0><Console><Console>" changed cvar (cvar "ins_bot_rpg_grace_time") (value "20")
L 03/26/2018 - 12:31:42: [basecommands.smx] "Console<0><Console><Console>" changed cvar (cvar "ins_bot_rpg_minimum_firing_distance") (value "200")
L 03/26/2018 - 12:31:42: [basecommands.smx] "Console<0><Console><Console>" changed cvar (cvar "ins_bot_rpg_minimum_player_cluster") (value "1")
L 03/26/2018 - 12:31:42: [basecommands.smx] "Console<0><Console><Console>" changed cvar (cvar "ins_bot_rpg_player_cluster_bloat") (value "20")
L 03/26/2018 - 12:31:42: [basecommands.smx] "Console<0><Console><Console>" changed cvar (cvar "ins_bot_rpg_player_cluster_radius") (value "1000")
L 03/26/2018 - 12:31:42: [basecommands.smx] "Console<0><Console><Console>" changed cvar (cvar "bot_rpg_spawn_attackdelay") (value "1")
L 03/26/2018 - 12:31:42: [basecommands.smx] "Console<0><Console><Console>" changed cvar (cvar "ins_bot_rpg_grace_time") (value "20")
L 03/26/2018 - 12:31:42: [basecommands.smx] "Console<0><Console><Console>" changed cvar (cvar "ins_bot_rpg_minimum_firing_distance") (value "200")
L 03/26/2018 - 12:31:42: [basecommands.smx] "Console<0><Console><Console>" changed cvar (cvar "ins_bot_rpg_minimum_player_cluster") (value "1")
L 03/26/2018 - 12:31:42: [basecommands.smx] "Console<0><Console><Console>" changed cvar (cvar "ins_bot_rpg_player_cluster_bloat") (value "20")
L 03/26/2018 - 12:31:42: [basecommands.smx] "Console<0><Console><Console>" changed cvar (cvar "ins_bot_rpg_player_cluster_radius") (value "1000")
L 03/26/2018 - 12:31:43: [basecommands.smx] "Console<0><Console><Console>" changed cvar (cvar "bot_grenade_think_time") (value "0")
L 03/26/2018 - 12:32:20: [basecommands.smx] "Console<0><Console><Console>" changed cvar (cvar "bot_grenade_think_time") (value "0")
L 03/26/2018 - 12:53:24: -------- Mapchange to bunker_busting_coop_ws --------
L 03/26/2018 - 12:53:24: [basecommands.smx] "Console<0><Console><Console>" changed cvar (cvar "bot_rpg_spawn_attackdelay") (value "1")
L 03/26/2018 - 12:53:24: [basecommands.smx] "Console<0><Console><Console>" changed cvar (cvar "ins_bot_rpg_grace_time") (value "20")
L 03/26/2018 - 12:53:24: [basecommands.smx] "Console<0><Console><Console>" changed cvar (cvar "ins_bot_rpg_minimum_firing_distance") (value "200")
L 03/26/2018 - 12:53:24: [basecommands.smx] "Console<0><Console><Console>" changed cvar (cvar "ins_bot_rpg_minimum_player_cluster") (value "1")
L 03/26/2018 - 12:53:24: [basecommands.smx] "Console<0><Console><Console>" changed cvar (cvar "ins_bot_rpg_player_cluster_bloat") (value "20")
L 03/26/2018 - 12:53:24: [basecommands.smx] "Console<0><Console><Console>" changed cvar (cvar "ins_bot_rpg_player_cluster_radius") (value "1000")
L 03/26/2018 - 12:53:24: [basecommands.smx] "Console<0><Console><Console>" changed cvar (cvar "bot_rpg_spawn_attackdelay") (value "1")
L 03/26/2018 - 12:53:24: [basecommands.smx] "Console<0><Console><Console>" changed cvar (cvar "ins_bot_rpg_grace_time") (value "20")
L 03/26/2018 - 12:53:24: [basecommands.smx] "Console<0><Console><Console>" changed cvar (cvar "ins_bot_rpg_minimum_firing_distance") (value "200")
L 03/26/2018 - 12:53:24: [basecommands.smx] "Console<0><Console><Console>" changed cvar (cvar "ins_bot_rpg_minimum_player_cluster") (value "1")
L 03/26/2018 - 12:53:24: [basecommands.smx] "Console<0><Console><Console>" changed cvar (cvar "ins_bot_rpg_player_cluster_bloat") (value "20")
L 03/26/2018 - 12:53:24: [basecommands.smx] "Console<0><Console><Console>" changed cvar (cvar "ins_bot_rpg_player_cluster_radius") (value "1000")
L 03/26/2018 - 12:53:24: [basecommands.smx] "Console<0><Console><Console>" changed cvar (cvar "bot_grenade_think_time") (value "0")
L 03/26/2018 - 12:54:08: [basecommands.smx] "Console<0><Console><Console>" changed cvar (cvar "bot_grenade_think_time") (value "0")
L 03/26/2018 - 13:00:47: -------- Mapchange to bunker_busting_coop_ws --------
L 03/26/2018 - 13:00:48: [basecommands.smx] "Console<0><Console><Console>" changed cvar (cvar "bot_rpg_spawn_attackdelay") (value "1")
L 03/26/2018 - 13:00:48: [basecommands.smx] "Console<0><Console><Console>" changed cvar (cvar "ins_bot_rpg_grace_time") (value "20")
L 03/26/2018 - 13:00:48: [basecommands.smx] "Console<0><Console><Console>" changed cvar (cvar "ins_bot_rpg_minimum_firing_distance") (value "200")
L 03/26/2018 - 13:00:48: [basecommands.smx] "Console<0><Console><Console>" changed cvar (cvar "ins_bot_rpg_minimum_player_cluster") (value "1")
L 03/26/2018 - 13:00:48: [basecommands.smx] "Console<0><Console><Console>" changed cvar (cvar "ins_bot_rpg_player_cluster_bloat") (value "20")
L 03/26/2018 - 13:00:48: [basecommands.smx] "Console<0><Console><Console>" changed cvar (cvar "ins_bot_rpg_player_cluster_radius") (value "1000")
L 03/26/2018 - 13:00:48: [basecommands.smx] "Console<0><Console><Console>" changed cvar (cvar "bot_rpg_spawn_attackdelay") (value "1")
L 03/26/2018 - 13:00:48: [basecommands.smx] "Console<0><Console><Console>" changed cvar (cvar "ins_bot_rpg_grace_time") (value "20")
L 03/26/2018 - 13:00:48: [basecommands.smx] "Console<0><Console><Console>" changed cvar (cvar "ins_bot_rpg_minimum_firing_distance") (value "200")
L 03/26/2018 - 13:00:48: [basecommands.smx] "Console<0><Console><Console>" changed cvar (cvar "ins_bot_rpg_minimum_player_cluster") (value "1")
L 03/26/2018 - 13:00:48: [basecommands.smx] "Console<0><Console><Console>" changed cvar (cvar "ins_bot_rpg_player_cluster_bloat") (value "20")
L 03/26/2018 - 13:00:48: [basecommands.smx] "Console<0><Console><Console>" changed cvar (cvar "ins_bot_rpg_player_cluster_radius") (value "1000")
L 03/26/2018 - 13:00:48: [basecommands.smx] "Console<0><Console><Console>" changed cvar (cvar "bot_grenade_think_time") (value "0")
L 03/26/2018 - 13:01:05: [basecommands.smx] "Console<0><Console><Console>" changed cvar (cvar "bot_grenade_think_time") (value "0")
L 03/26/2018 - 13:09:10: -------- Mapchange to bunker_busting_coop_ws --------
L 03/26/2018 - 13:09:10: [basecommands.smx] "Console<0><Console><Console>" changed cvar (cvar "bot_rpg_spawn_attackdelay") (value "1")
L 03/26/2018 - 13:09:10: [basecommands.smx] "Console<0><Console><Console>" changed cvar (cvar "ins_bot_rpg_grace_time") (value "20")
L 03/26/2018 - 13:09:10: [basecommands.smx] "Console<0><Console><Console>" changed cvar (cvar "ins_bot_rpg_minimum_firing_distance") (value "200")
L 03/26/2018 - 13:09:10: [basecommands.smx] "Console<0><Console><Console>" changed cvar (cvar "ins_bot_rpg_minimum_player_cluster") (value "1")
L 03/26/2018 - 13:09:10: [basecommands.smx] "Console<0><Console><Console>" changed cvar (cvar "ins_bot_rpg_player_cluster_bloat") (value "20")
L 03/26/2018 - 13:09:10: [basecommands.smx] "Console<0><Console><Console>" changed cvar (cvar "ins_bot_rpg_player_cluster_radius") (value "1000")
L 03/26/2018 - 13:09:10: [basecommands.smx] "Console<0><Console><Console>" changed cvar (cvar "bot_rpg_spawn_attackdelay") (value "1")
L 03/26/2018 - 13:09:10: [basecommands.smx] "Console<0><Console><Console>" changed cvar (cvar "ins_bot_rpg_grace_time") (value "20")
L 03/26/2018 - 13:09:10: [basecommands.smx] "Console<0><Console><Console>" changed cvar (cvar "ins_bot_rpg_minimum_firing_distance") (value "200")
L 03/26/2018 - 13:09:10: [basecommands.smx] "Console<0><Console><Console>" changed cvar (cvar "ins_bot_rpg_minimum_player_cluster") (value "1")
L 03/26/2018 - 13:09:10: [basecommands.smx] "Console<0><Console><Console>" changed cvar (cvar "ins_bot_rpg_player_cluster_bloat") (value "20")
L 03/26/2018 - 13:09:10: [basecommands.smx] "Console<0><Console><Console>" changed cvar (cvar "ins_bot_rpg_player_cluster_radius") (value "1000")
L 03/26/2018 - 13:09:11: [basecommands.smx] "Console<0><Console><Console>" changed cvar (cvar "bot_grenade_think_time") (value "0")
L 03/26/2018 - 13:09:23: [basecommands.smx] "Console<0><Console><Console>" changed cvar (cvar "bot_grenade_think_time") (value "0")
L 03/26/2018 - 13:23:03: -------- Mapchange to bunker_busting_coop_ws --------
L 03/26/2018 - 13:23:03: [basecommands.smx] "Console<0><Console><Console>" changed cvar (cvar "bot_rpg_spawn_attackdelay") (value "1")
L 03/26/2018 - 13:23:03: [basecommands.smx] "Console<0><Console><Console>" changed cvar (cvar "ins_bot_rpg_grace_time") (value "20")
L 03/26/2018 - 13:23:03: [basecommands.smx] "Console<0><Console><Console>" changed cvar (cvar "ins_bot_rpg_minimum_firing_distance") (value "200")
L 03/26/2018 - 13:23:03: [basecommands.smx] "Console<0><Console><Console>" changed cvar (cvar "ins_bot_rpg_minimum_player_cluster") (value "1")
L 03/26/2018 - 13:23:03: [basecommands.smx] "Console<0><Console><Console>" changed cvar (cvar "ins_bot_rpg_player_cluster_bloat") (value "20")
L 03/26/2018 - 13:23:03: [basecommands.smx] "Console<0><Console><Console>" changed cvar (cvar "ins_bot_rpg_player_cluster_radius") (value "1000")
L 03/26/2018 - 13:23:03: [basecommands.smx] "Console<0><Console><Console>" changed cvar (cvar "bot_rpg_spawn_attackdelay") (value "1")
L 03/26/2018 - 13:23:03: [basecommands.smx] "Console<0><Console><Console>" changed cvar (cvar "ins_bot_rpg_grace_time") (value "20")
L 03/26/2018 - 13:23:03: [basecommands.smx] "Console<0><Console><Console>" changed cvar (cvar "ins_bot_rpg_minimum_firing_distance") (value "200")
L 03/26/2018 - 13:23:03: [basecommands.smx] "Console<0><Console><Console>" changed cvar (cvar "ins_bot_rpg_minimum_player_cluster") (value "1")
L 03/26/2018 - 13:23:03: [basecommands.smx] "Console<0><Console><Console>" changed cvar (cvar "ins_bot_rpg_player_cluster_bloat") (value "20")
L 03/26/2018 - 13:23:03: [basecommands.smx] "Console<0><Console><Console>" changed cvar (cvar "ins_bot_rpg_player_cluster_radius") (value "1000")
L 03/26/2018 - 13:23:04: [basecommands.smx] "Console<0><Console><Console>" changed cvar (cvar "bot_grenade_think_time") (value "0")
L 03/26/2018 - 13:23:21: [basecommands.smx] "Console<0><Console><Console>" changed cvar (cvar "bot_grenade_think_time") (value "0")
L 03/26/2018 - 13:43:26: -------- Mapchange to cs_italy_coop --------
L 03/26/2018 - 13:43:26: [basecommands.smx] "Console<0><Console><Console>" changed cvar (cvar "bot_rpg_spawn_attackdelay") (value "1")
L 03/26/2018 - 13:43:26: [basecommands.smx] "Console<0><Console><Console>" changed cvar (cvar "ins_bot_rpg_grace_time") (value "20")
L 03/26/2018 - 13:43:26: [basecommands.smx] "Console<0><Console><Console>" changed cvar (cvar "ins_bot_rpg_minimum_firing_distance") (value "200")
L 03/26/2018 - 13:43:26: [basecommands.smx] "Console<0><Console><Console>" changed cvar (cvar "ins_bot_rpg_minimum_player_cluster") (value "1")
L 03/26/2018 - 13:43:26: [basecommands.smx] "Console<0><Console><Console>" changed cvar (cvar "ins_bot_rpg_player_cluster_bloat") (value "20")
L 03/26/2018 - 13:43:26: [basecommands.smx] "Console<0><Console><Console>" changed cvar (cvar "ins_bot_rpg_player_cluster_radius") (value "1000")
L 03/26/2018 - 13:43:26: [basecommands.smx] "Console<0><Console><Console>" changed cvar (cvar "bot_rpg_spawn_attackdelay") (value "1")
L 03/26/2018 - 13:43:26: [basecommands.smx] "Console<0><Console><Console>" changed cvar (cvar "ins_bot_rpg_grace_time") (value "20")
L 03/26/2018 - 13:43:26: [basecommands.smx] "Console<0><Console><Console>" changed cvar (cvar "ins_bot_rpg_minimum_firing_distance") (value "200")
L 03/26/2018 - 13:43:26: [basecommands.smx] "Console<0><Console><Console>" changed cvar (cvar "ins_bot_rpg_minimum_player_cluster") (value "1")
L 03/26/2018 - 13:43:26: [basecommands.smx] "Console<0><Console><Console>" changed cvar (cvar "ins_bot_rpg_player_cluster_bloat") (value "20")
L 03/26/2018 - 13:43:26: [basecommands.smx] "Console<0><Console><Console>" changed cvar (cvar "ins_bot_rpg_player_cluster_radius") (value "1000")
L 03/26/2018 - 13:43:26: [basecommands.smx] "Console<0><Console><Console>" changed cvar (cvar "bot_grenade_think_time") (value "0")
L 03/26/2018 - 13:43:56: [basecommands.smx] "Console<0><Console><Console>" changed cvar (cvar "bot_grenade_think_time") (value "0")
L 03/26/2018 - 13:55:48: -------- Mapchange to launch_control_coop_ws --------
L 03/26/2018 - 13:55:48: [basecommands.smx] "Console<0><Console><Console>" changed cvar (cvar "bot_rpg_spawn_attackdelay") (value "1")
L 03/26/2018 - 13:55:48: [basecommands.smx] "Console<0><Console><Console>" changed cvar (cvar "ins_bot_rpg_grace_time") (value "20")
L 03/26/2018 - 13:55:48: [basecommands.smx] "Console<0><Console><Console>" changed cvar (cvar "ins_bot_rpg_minimum_firing_distance") (value "200")
L 03/26/2018 - 13:55:48: [basecommands.smx] "Console<0><Console><Console>" changed cvar (cvar "ins_bot_rpg_minimum_player_cluster") (value "1")
L 03/26/2018 - 13:55:48: [basecommands.smx] "Console<0><Console><Console>" changed cvar (cvar "ins_bot_rpg_player_cluster_bloat") (value "20")
L 03/26/2018 - 13:55:48: [basecommands.smx] "Console<0><Console><Console>" changed cvar (cvar "ins_bot_rpg_player_cluster_radius") (value "1000")
L 03/26/2018 - 13:55:48: [basecommands.smx] "Console<0><Console><Console>" changed cvar (cvar "bot_rpg_spawn_attackdelay") (value "1")
L 03/26/2018 - 13:55:48: [basecommands.smx] "Console<0><Console><Console>" changed cvar (cvar "ins_bot_rpg_grace_time") (value "20")
L 03/26/2018 - 13:55:48: [basecommands.smx] "Console<0><Console><Console>" changed cvar (cvar "ins_bot_rpg_minimum_firing_distance") (value "200")
L 03/26/2018 - 13:55:48: [basecommands.smx] "Console<0><Console><Console>" changed cvar (cvar "ins_bot_rpg_minimum_player_cluster") (value "1")
L 03/26/2018 - 13:55:48: [basecommands.smx] "Console<0><Console><Console>" changed cvar (cvar "ins_bot_rpg_player_cluster_bloat") (value "20")
L 03/26/2018 - 13:55:48: [basecommands.smx] "Console<0><Console><Console>" changed cvar (cvar "ins_bot_rpg_player_cluster_radius") (value "1000")
L 03/26/2018 - 13:55:49: [basecommands.smx] "Console<0><Console><Console>" changed cvar (cvar "bot_grenade_think_time") (value "0")
L 03/26/2018 - 13:56:14: [basecommands.smx] "Console<0><Console><Console>" changed cvar (cvar "bot_grenade_think_time") (value "0")
L 03/26/2018 - 15:00:16: -------- Mapchange to dust2_checkpoint_b8 --------
L 03/26/2018 - 15:00:16: [basecommands.smx] "Console<0><Console><Console>" changed cvar (cvar "bot_rpg_spawn_attackdelay") (value "1")
L 03/26/2018 - 15:00:16: [basecommands.smx] "Console<0><Console><Console>" changed cvar (cvar "ins_bot_rpg_grace_time") (value "20")
L 03/26/2018 - 15:00:16: [basecommands.smx] "Console<0><Console><Console>" changed cvar (cvar "ins_bot_rpg_minimum_firing_distance") (value "200")
L 03/26/2018 - 15:00:16: [basecommands.smx] "Console<0><Console><Console>" changed cvar (cvar "ins_bot_rpg_minimum_player_cluster") (value "1")
L 03/26/2018 - 15:00:16: [basecommands.smx] "Console<0><Console><Console>" changed cvar (cvar "ins_bot_rpg_player_cluster_bloat") (value "20")
L 03/26/2018 - 15:00:16: [basecommands.smx] "Console<0><Console><Console>" changed cvar (cvar "ins_bot_rpg_player_cluster_radius") (value "1000")
L 03/26/2018 - 15:00:16: [basecommands.smx] "Console<0><Console><Console>" changed cvar (cvar "bot_rpg_spawn_attackdelay") (value "1")
L 03/26/2018 - 15:00:16: [basecommands.smx] "Console<0><Console><Console>" changed cvar (cvar "ins_bot_rpg_grace_time") (value "20")
L 03/26/2018 - 15:00:16: [basecommands.smx] "Console<0><Console><Console>" changed cvar (cvar "ins_bot_rpg_minimum_firing_distance") (value "200")
L 03/26/2018 - 15:00:16: [basecommands.smx] "Console<0><Console><Console>" changed cvar (cvar "ins_bot_rpg_minimum_player_cluster") (value "1")
L 03/26/2018 - 15:00:16: [basecommands.smx] "Console<0><Console><Console>" changed cvar (cvar "ins_bot_rpg_player_cluster_bloat") (value "20")
L 03/26/2018 - 15:00:16: [basecommands.smx] "Console<0><Console><Console>" changed cvar (cvar "ins_bot_rpg_player_cluster_radius") (value "1000")
L 03/26/2018 - 15:00:17: [basecommands.smx] "Console<0><Console><Console>" changed cvar (cvar "bot_grenade_think_time") (value "0")
L 03/26/2018 - 15:01:10: [basecommands.smx] "Console<0><Console><Console>" changed cvar (cvar "bot_grenade_think_time") (value "0")
L 03/26/2018 - 15:26:25: -------- Mapchange to cs_workout_v1 --------
L 03/26/2018 - 15:26:25: [basecommands.smx] "Console<0><Console><Console>" changed cvar (cvar "bot_rpg_spawn_attackdelay") (value "1")
L 03/26/2018 - 15:26:25: [basecommands.smx] "Console<0><Console><Console>" changed cvar (cvar "ins_bot_rpg_grace_time") (value "20")
L 03/26/2018 - 15:26:25: [basecommands.smx] "Console<0><Console><Console>" changed cvar (cvar "ins_bot_rpg_minimum_firing_distance") (value "200")
L 03/26/2018 - 15:26:25: [basecommands.smx] "Console<0><Console><Console>" changed cvar (cvar "ins_bot_rpg_minimum_player_cluster") (value "1")
L 03/26/2018 - 15:26:25: [basecommands.smx] "Console<0><Console><Console>" changed cvar (cvar "ins_bot_rpg_player_cluster_bloat") (value "20")
L 03/26/2018 - 15:26:25: [basecommands.smx] "Console<0><Console><Console>" changed cvar (cvar "ins_bot_rpg_player_cluster_radius") (value "1000")
L 03/26/2018 - 15:26:25: [basecommands.smx] "Console<0><Console><Console>" changed cvar (cvar "bot_rpg_spawn_attackdelay") (value "1")
L 03/26/2018 - 15:26:25: [basecommands.smx] "Console<0><Console><Console>" changed cvar (cvar "ins_bot_rpg_grace_time") (value "20")
L 03/26/2018 - 15:26:25: [basecommands.smx] "Console<0><Console><Console>" changed cvar (cvar "ins_bot_rpg_minimum_firing_distance") (value "200")
L 03/26/2018 - 15:26:25: [basecommands.smx] "Console<0><Console><Console>" changed cvar (cvar "ins_bot_rpg_minimum_player_cluster") (value "1")
L 03/26/2018 - 15:26:25: [basecommands.smx] "Console<0><Console><Console>" changed cvar (cvar "ins_bot_rpg_player_cluster_bloat") (value "20")
L 03/26/2018 - 15:26:25: [basecommands.smx] "Console<0><Console><Console>" changed cvar (cvar "ins_bot_rpg_player_cluster_radius") (value "1000")
L 03/26/2018 - 15:26:25: [basecommands.smx] "Console<0><Console><Console>" changed cvar (cvar "bot_grenade_think_time") (value "0")
L 03/26/2018 - 15:27:27: [basecommands.smx] "Console<0><Console><Console>" changed cvar (cvar "bot_grenade_think_time") (value "0")
L 03/26/2018 - 16:15:39: -------- Mapchange to cs_italy_coop --------
L 03/26/2018 - 16:15:39: [basecommands.smx] "Console<0><Console><Console>" changed cvar (cvar "bot_rpg_spawn_attackdelay") (value "1")
L 03/26/2018 - 16:15:39: [basecommands.smx] "Console<0><Console><Console>" changed cvar (cvar "ins_bot_rpg_grace_time") (value "20")
L 03/26/2018 - 16:15:39: [basecommands.smx] "Console<0><Console><Console>" changed cvar (cvar "ins_bot_rpg_minimum_firing_distance") (value "200")
L 03/26/2018 - 16:15:39: [basecommands.smx] "Console<0><Console><Console>" changed cvar (cvar "ins_bot_rpg_minimum_player_cluster") (value "1")
L 03/26/2018 - 16:15:39: [basecommands.smx] "Console<0><Console><Console>" changed cvar (cvar "ins_bot_rpg_player_cluster_bloat") (value "20")
L 03/26/2018 - 16:15:39: [basecommands.smx] "Console<0><Console><Console>" changed cvar (cvar "ins_bot_rpg_player_cluster_radius") (value "1000")
L 03/26/2018 - 16:15:39: [basecommands.smx] "Console<0><Console><Console>" changed cvar (cvar "bot_rpg_spawn_attackdelay") (value "1")
L 03/26/2018 - 16:15:39: [basecommands.smx] "Console<0><Console><Console>" changed cvar (cvar "ins_bot_rpg_grace_time") (value "20")
L 03/26/2018 - 16:15:39: [basecommands.smx] "Console<0><Console><Console>" changed cvar (cvar "ins_bot_rpg_minimum_firing_distance") (value "200")
L 03/26/2018 - 16:15:39: [basecommands.smx] "Console<0><Console><Console>" changed cvar (cvar "ins_bot_rpg_minimum_player_cluster") (value "1")
L 03/26/2018 - 16:15:39: [basecommands.smx] "Console<0><Console><Console>" changed cvar (cvar "ins_bot_rpg_player_cluster_bloat") (value "20")
L 03/26/2018 - 16:15:39: [basecommands.smx] "Console<0><Console><Console>" changed cvar (cvar "ins_bot_rpg_player_cluster_radius") (value "1000")
L 03/26/2018 - 16:15:40: [basecommands.smx] "Console<0><Console><Console>" changed cvar (cvar "bot_grenade_think_time") (value "0")
L 03/26/2018 - 16:16:08: [basecommands.smx] "Console<0><Console><Console>" changed cvar (cvar "bot_grenade_think_time") (value "0")
L 03/26/2018 - 17:00:10: -------- Mapchange to invasion_coop_ws --------
L 03/26/2018 - 17:00:10: [basecommands.smx] "Console<0><Console><Console>" changed cvar (cvar "bot_rpg_spawn_attackdelay") (value "1")
L 03/26/2018 - 17:00:10: [basecommands.smx] "Console<0><Console><Console>" changed cvar (cvar "ins_bot_rpg_grace_time") (value "20")
L 03/26/2018 - 17:00:10: [basecommands.smx] "Console<0><Console><Console>" changed cvar (cvar "ins_bot_rpg_minimum_firing_distance") (value "200")
L 03/26/2018 - 17:00:10: [basecommands.smx] "Console<0><Console><Console>" changed cvar (cvar "ins_bot_rpg_minimum_player_cluster") (value "1")
L 03/26/2018 - 17:00:10: [basecommands.smx] "Console<0><Console><Console>" changed cvar (cvar "ins_bot_rpg_player_cluster_bloat") (value "20")
L 03/26/2018 - 17:00:10: [basecommands.smx] "Console<0><Console><Console>" changed cvar (cvar "ins_bot_rpg_player_cluster_radius") (value "1000")
L 03/26/2018 - 17:00:10: [basecommands.smx] "Console<0><Console><Console>" changed cvar (cvar "bot_rpg_spawn_attackdelay") (value "1")
L 03/26/2018 - 17:00:10: [basecommands.smx] "Console<0><Console><Console>" changed cvar (cvar "ins_bot_rpg_grace_time") (value "20")
L 03/26/2018 - 17:00:10: [basecommands.smx] "Console<0><Console><Console>" changed cvar (cvar "ins_bot_rpg_minimum_firing_distance") (value "200")
L 03/26/2018 - 17:00:10: [basecommands.smx] "Console<0><Console><Console>" changed cvar (cvar "ins_bot_rpg_minimum_player_cluster") (value "1")
L 03/26/2018 - 17:00:10: [basecommands.smx] "Console<0><Console><Console>" changed cvar (cvar "ins_bot_rpg_player_cluster_bloat") (value "20")
L 03/26/2018 - 17:00:10: [basecommands.smx] "Console<0><Console><Console>" changed cvar (cvar "ins_bot_rpg_player_cluster_radius") (value "1000")
L 03/26/2018 - 17:00:10: [basecommands.smx] "Console<0><Console><Console>" changed cvar (cvar "bot_grenade_think_time") (value "0")
L 03/26/2018 - 17:00:44: [basecommands.smx] "Console<0><Console><Console>" changed cvar (cvar "bot_grenade_think_time") (value "0")
L 03/26/2018 - 17:29:07: -------- Mapchange to l4d_mercy_hospital_b5 --------
L 03/26/2018 - 17:29:07: [basecommands.smx] "Console<0><Console><Console>" changed cvar (cvar "bot_rpg_spawn_attackdelay") (value "1")
L 03/26/2018 - 17:29:07: [basecommands.smx] "Console<0><Console><Console>" changed cvar (cvar "ins_bot_rpg_grace_time") (value "20")
L 03/26/2018 - 17:29:07: [basecommands.smx] "Console<0><Console><Console>" changed cvar (cvar "ins_bot_rpg_minimum_firing_distance") (value "200")
L 03/26/2018 - 17:29:07: [basecommands.smx] "Console<0><Console><Console>" changed cvar (cvar "ins_bot_rpg_minimum_player_cluster") (value "1")
L 03/26/2018 - 17:29:07: [basecommands.smx] "Console<0><Console><Console>" changed cvar (cvar "ins_bot_rpg_player_cluster_bloat") (value "20")
L 03/26/2018 - 17:29:07: [basecommands.smx] "Console<0><Console><Console>" changed cvar (cvar "ins_bot_rpg_player_cluster_radius") (value "1000")
L 03/26/2018 - 17:29:07: [basecommands.smx] "Console<0><Console><Console>" changed cvar (cvar "bot_rpg_spawn_attackdelay") (value "1")
L 03/26/2018 - 17:29:07: [basecommands.smx] "Console<0><Console><Console>" changed cvar (cvar "ins_bot_rpg_grace_time") (value "20")
L 03/26/2018 - 17:29:07: [basecommands.smx] "Console<0><Console><Console>" changed cvar (cvar "ins_bot_rpg_minimum_firing_distance") (value "200")
L 03/26/2018 - 17:29:07: [basecommands.smx] "Console<0><Console><Console>" changed cvar (cvar "ins_bot_rpg_minimum_player_cluster") (value "1")
L 03/26/2018 - 17:29:07: [basecommands.smx] "Console<0><Console><Console>" changed cvar (cvar "ins_bot_rpg_player_cluster_bloat") (value "20")
L 03/26/2018 - 17:29:07: [basecommands.smx] "Console<0><Console><Console>" changed cvar (cvar "ins_bot_rpg_player_cluster_radius") (value "1000")
L 03/26/2018 - 17:29:08: [basecommands.smx] "Console<0><Console><Console>" changed cvar (cvar "bot_grenade_think_time") (value "0")
L 03/26/2018 - 17:29:34: [basecommands.smx] "Console<0><Console><Console>" changed cvar (cvar "bot_grenade_think_time") (value "0")
L 03/26/2018 - 17:54:37: -------- Mapchange to tell_coop --------
L 03/26/2018 - 17:54:37: [basecommands.smx] "Console<0><Console><Console>" changed cvar (cvar "bot_rpg_spawn_attackdelay") (value "1")
L 03/26/2018 - 17:54:37: [basecommands.smx] "Console<0><Console><Console>" changed cvar (cvar "ins_bot_rpg_grace_time") (value "20")
L 03/26/2018 - 17:54:37: [basecommands.smx] "Console<0><Console><Console>" changed cvar (cvar "ins_bot_rpg_minimum_firing_distance") (value "200")
L 03/26/2018 - 17:54:37: [basecommands.smx] "Console<0><Console><Console>" changed cvar (cvar "ins_bot_rpg_minimum_player_cluster") (value "1")
L 03/26/2018 - 17:54:37: [basecommands.smx] "Console<0><Console><Console>" changed cvar (cvar "ins_bot_rpg_player_cluster_bloat") (value "20")
L 03/26/2018 - 17:54:37: [basecommands.smx] "Console<0><Console><Console>" changed cvar (cvar "ins_bot_rpg_player_cluster_radius") (value "1000")
L 03/26/2018 - 17:54:37: [basecommands.smx] "Console<0><Console><Console>" changed cvar (cvar "bot_rpg_spawn_attackdelay") (value "1")
L 03/26/2018 - 17:54:37: [basecommands.smx] "Console<0><Console><Console>" changed cvar (cvar "ins_bot_rpg_grace_time") (value "20")
L 03/26/2018 - 17:54:37: [basecommands.smx] "Console<0><Console><Console>" changed cvar (cvar "ins_bot_rpg_minimum_firing_distance") (value "200")
L 03/26/2018 - 17:54:37: [basecommands.smx] "Console<0><Console><Console>" changed cvar (cvar "ins_bot_rpg_minimum_player_cluster") (value "1")
L 03/26/2018 - 17:54:37: [basecommands.smx] "Console<0><Console><Console>" changed cvar (cvar "ins_bot_rpg_player_cluster_bloat") (value "20")
L 03/26/2018 - 17:54:37: [basecommands.smx] "Console<0><Console><Console>" changed cvar (cvar "ins_bot_rpg_player_cluster_radius") (value "1000")
L 03/26/2018 - 17:54:38: [basecommands.smx] "Console<0><Console><Console>" changed cvar (cvar "bot_grenade_think_time") (value "0")
L 03/26/2018 - 17:55:06: [basecommands.smx] "Console<0><Console><Console>" changed cvar (cvar "bot_grenade_think_time") (value "0")
L 03/26/2018 - 18:24:36: -------- Mapchange to embassy_coop --------
L 03/26/2018 - 18:24:36: [basecommands.smx] "Console<0><Console><Console>" changed cvar (cvar "bot_rpg_spawn_attackdelay") (value "1")
L 03/26/2018 - 18:24:36: [basecommands.smx] "Console<0><Console><Console>" changed cvar (cvar "ins_bot_rpg_grace_time") (value "20")
L 03/26/2018 - 18:24:36: [basecommands.smx] "Console<0><Console><Console>" changed cvar (cvar "ins_bot_rpg_minimum_firing_distance") (value "200")
L 03/26/2018 - 18:24:36: [basecommands.smx] "Console<0><Console><Console>" changed cvar (cvar "ins_bot_rpg_minimum_player_cluster") (value "1")
L 03/26/2018 - 18:24:36: [basecommands.smx] "Console<0><Console><Console>" changed cvar (cvar "ins_bot_rpg_player_cluster_bloat") (value "20")
L 03/26/2018 - 18:24:36: [basecommands.smx] "Console<0><Console><Console>" changed cvar (cvar "ins_bot_rpg_player_cluster_radius") (value "1000")
L 03/26/2018 - 18:24:36: [basecommands.smx] "Console<0><Console><Console>" changed cvar (cvar "bot_rpg_spawn_attackdelay") (value "1")
L 03/26/2018 - 18:24:36: [basecommands.smx] "Console<0><Console><Console>" changed cvar (cvar "ins_bot_rpg_grace_time") (value "20")
L 03/26/2018 - 18:24:36: [basecommands.smx] "Console<0><Console><Console>" changed cvar (cvar "ins_bot_rpg_minimum_firing_distance") (value "200")
L 03/26/2018 - 18:24:36: [basecommands.smx] "Console<0><Console><Console>" changed cvar (cvar "ins_bot_rpg_minimum_player_cluster") (value "1")
L 03/26/2018 - 18:24:36: [basecommands.smx] "Console<0><Console><Console>" changed cvar (cvar "ins_bot_rpg_player_cluster_bloat") (value "20")
L 03/26/2018 - 18:24:36: [basecommands.smx] "Console<0><Console><Console>" changed cvar (cvar "ins_bot_rpg_player_cluster_radius") (value "1000")
L 03/26/2018 - 18:24:36: [basecommands.smx] "Console<0><Console><Console>" changed cvar (cvar "bot_grenade_think_time") (value "0")
L 03/26/2018 - 18:25:03: [basecommands.smx] "Console<0><Console><Console>" changed cvar (cvar "bot_grenade_think_time") (value "0")
L 03/26/2018 - 18:57:28: -------- Mapchange to embassy_coop --------
L 03/26/2018 - 18:57:28: [basecommands.smx] "Console<0><Console><Console>" changed cvar (cvar "bot_rpg_spawn_attackdelay") (value "1")
L 03/26/2018 - 18:57:28: [basecommands.smx] "Console<0><Console><Console>" changed cvar (cvar "ins_bot_rpg_grace_time") (value "20")
L 03/26/2018 - 18:57:28: [basecommands.smx] "Console<0><Console><Console>" changed cvar (cvar "ins_bot_rpg_minimum_firing_distance") (value "200")
L 03/26/2018 - 18:57:28: [basecommands.smx] "Console<0><Console><Console>" changed cvar (cvar "ins_bot_rpg_minimum_player_cluster") (value "1")
L 03/26/2018 - 18:57:28: [basecommands.smx] "Console<0><Console><Console>" changed cvar (cvar "ins_bot_rpg_player_cluster_bloat") (value "20")
L 03/26/2018 - 18:57:28: [basecommands.smx] "Console<0><Console><Console>" changed cvar (cvar "ins_bot_rpg_player_cluster_radius") (value "1000")
L 03/26/2018 - 18:57:28: [basecommands.smx] "Console<0><Console><Console>" changed cvar (cvar "bot_rpg_spawn_attackdelay") (value "1")
L 03/26/2018 - 18:57:28: [basecommands.smx] "Console<0><Console><Console>" changed cvar (cvar "ins_bot_rpg_grace_time") (value "20")
L 03/26/2018 - 18:57:28: [basecommands.smx] "Console<0><Console><Console>" changed cvar (cvar "ins_bot_rpg_minimum_firing_distance") (value "200")
L 03/26/2018 - 18:57:28: [basecommands.smx] "Console<0><Console><Console>" changed cvar (cvar "ins_bot_rpg_minimum_player_cluster") (value "1")
L 03/26/2018 - 18:57:28: [basecommands.smx] "Console<0><Console><Console>" changed cvar (cvar "ins_bot_rpg_player_cluster_bloat") (value "20")
L 03/26/2018 - 18:57:28: [basecommands.smx] "Console<0><Console><Console>" changed cvar (cvar "ins_bot_rpg_player_cluster_radius") (value "1000")
L 03/26/2018 - 18:57:29: [basecommands.smx] "Console<0><Console><Console>" changed cvar (cvar "bot_grenade_think_time") (value "0")
L 03/26/2018 - 18:57:47: [basecommands.smx] "Console<0><Console><Console>" changed cvar (cvar "bot_grenade_think_time") (value "0")
L 03/26/2018 - 19:16:31: -------- Mapchange to inferno_checkpoint_b2 --------
L 03/26/2018 - 19:16:31: [basecommands.smx] "Console<0><Console><Console>" changed cvar (cvar "bot_rpg_spawn_attackdelay") (value "1")
L 03/26/2018 - 19:16:31: [basecommands.smx] "Console<0><Console><Console>" changed cvar (cvar "ins_bot_rpg_grace_time") (value "20")
L 03/26/2018 - 19:16:31: [basecommands.smx] "Console<0><Console><Console>" changed cvar (cvar "ins_bot_rpg_minimum_firing_distance") (value "200")
L 03/26/2018 - 19:16:31: [basecommands.smx] "Console<0><Console><Console>" changed cvar (cvar "ins_bot_rpg_minimum_player_cluster") (value "1")
L 03/26/2018 - 19:16:31: [basecommands.smx] "Console<0><Console><Console>" changed cvar (cvar "ins_bot_rpg_player_cluster_bloat") (value "20")
L 03/26/2018 - 19:16:31: [basecommands.smx] "Console<0><Console><Console>" changed cvar (cvar "ins_bot_rpg_player_cluster_radius") (value "1000")
L 03/26/2018 - 19:16:31: [basecommands.smx] "Console<0><Console><Console>" changed cvar (cvar "bot_rpg_spawn_attackdelay") (value "1")
L 03/26/2018 - 19:16:31: [basecommands.smx] "Console<0><Console><Console>" changed cvar (cvar "ins_bot_rpg_grace_time") (value "20")
L 03/26/2018 - 19:16:31: [basecommands.smx] "Console<0><Console><Console>" changed cvar (cvar "ins_bot_rpg_minimum_firing_distance") (value "200")
L 03/26/2018 - 19:16:31: [basecommands.smx] "Console<0><Console><Console>" changed cvar (cvar "ins_bot_rpg_minimum_player_cluster") (value "1")
L 03/26/2018 - 19:16:31: [basecommands.smx] "Console<0><Console><Console>" changed cvar (cvar "ins_bot_rpg_player_cluster_bloat") (value "20")
L 03/26/2018 - 19:16:31: [basecommands.smx] "Console<0><Console><Console>" changed cvar (cvar "ins_bot_rpg_player_cluster_radius") (value "1000")
L 03/26/2018 - 19:16:32: [basecommands.smx] "Console<0><Console><Console>" changed cvar (cvar "bot_grenade_think_time") (value "0")
L 03/26/2018 - 19:17:05: [basecommands.smx] "Console<0><Console><Console>" changed cvar (cvar "bot_grenade_think_time") (value "0")
L 03/26/2018 - 19:46:15: -------- Mapchange to dust2_checkpoint_b8 --------
L 03/26/2018 - 19:46:15: [basecommands.smx] "Console<0><Console><Console>" changed cvar (cvar "bot_rpg_spawn_attackdelay") (value "1")
L 03/26/2018 - 19:46:15: [basecommands.smx] "Console<0><Console><Console>" changed cvar (cvar "ins_bot_rpg_grace_time") (value "20")
L 03/26/2018 - 19:46:15: [basecommands.smx] "Console<0><Console><Console>" changed cvar (cvar "ins_bot_rpg_minimum_firing_distance") (value "200")
L 03/26/2018 - 19:46:15: [basecommands.smx] "Console<0><Console><Console>" changed cvar (cvar "ins_bot_rpg_minimum_player_cluster") (value "1")
L 03/26/2018 - 19:46:15: [basecommands.smx] "Console<0><Console><Console>" changed cvar (cvar "ins_bot_rpg_player_cluster_bloat") (value "20")
L 03/26/2018 - 19:46:15: [basecommands.smx] "Console<0><Console><Console>" changed cvar (cvar "ins_bot_rpg_player_cluster_radius") (value "1000")
L 03/26/2018 - 19:46:15: [basecommands.smx] "Console<0><Console><Console>" changed cvar (cvar "bot_rpg_spawn_attackdelay") (value "1")
L 03/26/2018 - 19:46:15: [basecommands.smx] "Console<0><Console><Console>" changed cvar (cvar "ins_bot_rpg_grace_time") (value "20")
L 03/26/2018 - 19:46:15: [basecommands.smx] "Console<0><Console><Console>" changed cvar (cvar "ins_bot_rpg_minimum_firing_distance") (value "200")
L 03/26/2018 - 19:46:15: [basecommands.smx] "Console<0><Console><Console>" changed cvar (cvar "ins_bot_rpg_minimum_player_cluster") (value "1")
L 03/26/2018 - 19:46:15: [basecommands.smx] "Console<0><Console><Console>" changed cvar (cvar "ins_bot_rpg_player_cluster_bloat") (value "20")
L 03/26/2018 - 19:46:15: [basecommands.smx] "Console<0><Console><Console>" changed cvar (cvar "ins_bot_rpg_player_cluster_radius") (value "1000")
L 03/26/2018 - 19:46:15: [basecommands.smx] "Console<0><Console><Console>" changed cvar (cvar "bot_grenade_think_time") (value "0")
L 03/26/2018 - 19:46:33: [basecommands.smx] "Console<0><Console><Console>" changed cvar (cvar "bot_grenade_think_time") (value "0")
L 03/26/2018 - 20:03:20: -------- Mapchange to dust2_checkpoint_b8 --------
L 03/26/2018 - 20:03:21: [basecommands.smx] "Console<0><Console><Console>" changed cvar (cvar "bot_rpg_spawn_attackdelay") (value "1")
L 03/26/2018 - 20:03:21: [basecommands.smx] "Console<0><Console><Console>" changed cvar (cvar "ins_bot_rpg_grace_time") (value "20")
L 03/26/2018 - 20:03:21: [basecommands.smx] "Console<0><Console><Console>" changed cvar (cvar "ins_bot_rpg_minimum_firing_distance") (value "200")
L 03/26/2018 - 20:03:21: [basecommands.smx] "Console<0><Console><Console>" changed cvar (cvar "ins_bot_rpg_minimum_player_cluster") (value "1")
L 03/26/2018 - 20:03:21: [basecommands.smx] "Console<0><Console><Console>" changed cvar (cvar "ins_bot_rpg_player_cluster_bloat") (value "20")
L 03/26/2018 - 20:03:21: [basecommands.smx] "Console<0><Console><Console>" changed cvar (cvar "ins_bot_rpg_player_cluster_radius") (value "1000")
L 03/26/2018 - 20:03:21: [basecommands.smx] "Console<0><Console><Console>" changed cvar (cvar "bot_rpg_spawn_attackdelay") (value "1")
L 03/26/2018 - 20:03:21: [basecommands.smx] "Console<0><Console><Console>" changed cvar (cvar "ins_bot_rpg_grace_time") (value "20")
L 03/26/2018 - 20:03:21: [basecommands.smx] "Console<0><Console><Console>" changed cvar (cvar "ins_bot_rpg_minimum_firing_distance") (value "200")
L 03/26/2018 - 20:03:21: [basecommands.smx] "Console<0><Console><Console>" changed cvar (cvar "ins_bot_rpg_minimum_player_cluster") (value "1")
L 03/26/2018 - 20:03:21: [basecommands.smx] "Console<0><Console><Console>" changed cvar (cvar "ins_bot_rpg_player_cluster_bloat") (value "20")
L 03/26/2018 - 20:03:21: [basecommands.smx] "Console<0><Console><Console>" changed cvar (cvar "ins_bot_rpg_player_cluster_radius") (value "1000")
L 03/26/2018 - 20:03:21: [basecommands.smx] "Console<0><Console><Console>" changed cvar (cvar "bot_grenade_think_time") (value "0")
L 03/26/2018 - 20:03:36: [basecommands.smx] "Console<0><Console><Console>" changed cvar (cvar "bot_grenade_think_time") (value "0")
L 03/26/2018 - 20:35:47: -------- Mapchange to sinjar_coop --------
L 03/26/2018 - 20:35:47: [basecommands.smx] "Console<0><Console><Console>" changed cvar (cvar "bot_rpg_spawn_attackdelay") (value "1")
L 03/26/2018 - 20:35:47: [basecommands.smx] "Console<0><Console><Console>" changed cvar (cvar "ins_bot_rpg_grace_time") (value "20")
L 03/26/2018 - 20:35:47: [basecommands.smx] "Console<0><Console><Console>" changed cvar (cvar "ins_bot_rpg_minimum_firing_distance") (value "200")
L 03/26/2018 - 20:35:47: [basecommands.smx] "Console<0><Console><Console>" changed cvar (cvar "ins_bot_rpg_minimum_player_cluster") (value "1")
L 03/26/2018 - 20:35:47: [basecommands.smx] "Console<0><Console><Console>" changed cvar (cvar "ins_bot_rpg_player_cluster_bloat") (value "20")
L 03/26/2018 - 20:35:47: [basecommands.smx] "Console<0><Console><Console>" changed cvar (cvar "ins_bot_rpg_player_cluster_radius") (value "1000")
L 03/26/2018 - 20:35:47: [basecommands.smx] "Console<0><Console><Console>" changed cvar (cvar "bot_rpg_spawn_attackdelay") (value "1")
L 03/26/2018 - 20:35:47: [basecommands.smx] "Console<0><Console><Console>" changed cvar (cvar "ins_bot_rpg_grace_time") (value "20")
L 03/26/2018 - 20:35:47: [basecommands.smx] "Console<0><Console><Console>" changed cvar (cvar "ins_bot_rpg_minimum_firing_distance") (value "200")
L 03/26/2018 - 20:35:47: [basecommands.smx] "Console<0><Console><Console>" changed cvar (cvar "ins_bot_rpg_minimum_player_cluster") (value "1")
L 03/26/2018 - 20:35:47: [basecommands.smx] "Console<0><Console><Console>" changed cvar (cvar "ins_bot_rpg_player_cluster_bloat") (value "20")
L 03/26/2018 - 20:35:47: [basecommands.smx] "Console<0><Console><Console>" changed cvar (cvar "ins_bot_rpg_player_cluster_radius") (value "1000")
L 03/26/2018 - 20:35:47: [basecommands.smx] "Console<0><Console><Console>" changed cvar (cvar "bot_grenade_think_time") (value "0")
L 03/26/2018 - 20:36:35: [basecommands.smx] "Console<0><Console><Console>" changed cvar (cvar "bot_grenade_think_time") (value "0")
L 03/26/2018 - 21:14:15: -------- Mapchange to fortress_coop_ws --------
L 03/26/2018 - 21:14:15: [basecommands.smx] "Console<0><Console><Console>" changed cvar (cvar "bot_rpg_spawn_attackdelay") (value "1")
L 03/26/2018 - 21:14:15: [basecommands.smx] "Console<0><Console><Console>" changed cvar (cvar "ins_bot_rpg_grace_time") (value "20")
L 03/26/2018 - 21:14:15: [basecommands.smx] "Console<0><Console><Console>" changed cvar (cvar "ins_bot_rpg_minimum_firing_distance") (value "200")
L 03/26/2018 - 21:14:15: [basecommands.smx] "Console<0><Console><Console>" changed cvar (cvar "ins_bot_rpg_minimum_player_cluster") (value "1")
L 03/26/2018 - 21:14:15: [basecommands.smx] "Console<0><Console><Console>" changed cvar (cvar "ins_bot_rpg_player_cluster_bloat") (value "20")
L 03/26/2018 - 21:14:15: [basecommands.smx] "Console<0><Console><Console>" changed cvar (cvar "ins_bot_rpg_player_cluster_radius") (value "1000")
L 03/26/2018 - 21:14:15: [basecommands.smx] "Console<0><Console><Console>" changed cvar (cvar "bot_rpg_spawn_attackdelay") (value "1")
L 03/26/2018 - 21:14:15: [basecommands.smx] "Console<0><Console><Console>" changed cvar (cvar "ins_bot_rpg_grace_time") (value "20")
L 03/26/2018 - 21:14:15: [basecommands.smx] "Console<0><Console><Console>" changed cvar (cvar "ins_bot_rpg_minimum_firing_distance") (value "200")
L 03/26/2018 - 21:14:15: [basecommands.smx] "Console<0><Console><Console>" changed cvar (cvar "ins_bot_rpg_minimum_player_cluster") (value "1")
L 03/26/2018 - 21:14:15: [basecommands.smx] "Console<0><Console><Console>" changed cvar (cvar "ins_bot_rpg_player_cluster_bloat") (value "20")
L 03/26/2018 - 21:14:15: [basecommands.smx] "Console<0><Console><Console>" changed cvar (cvar "ins_bot_rpg_player_cluster_radius") (value "1000")
L 03/26/2018 - 21:14:16: [basecommands.smx] "Console<0><Console><Console>" changed cvar (cvar "bot_grenade_think_time") (value "0")
L 03/26/2018 - 21:14:42: [basecommands.smx] "Console<0><Console><Console>" changed cvar (cvar "bot_grenade_think_time") (value "0")
L 03/26/2018 - 21:45:44: -------- Mapchange to fortress_coop_ws --------
L 03/26/2018 - 21:45:44: [basecommands.smx] "Console<0><Console><Console>" changed cvar (cvar "bot_rpg_spawn_attackdelay") (value "1")
L 03/26/2018 - 21:45:44: [basecommands.smx] "Console<0><Console><Console>" changed cvar (cvar "ins_bot_rpg_grace_time") (value "20")
L 03/26/2018 - 21:45:44: [basecommands.smx] "Console<0><Console><Console>" changed cvar (cvar "ins_bot_rpg_minimum_firing_distance") (value "200")
L 03/26/2018 - 21:45:44: [basecommands.smx] "Console<0><Console><Console>" changed cvar (cvar "ins_bot_rpg_minimum_player_cluster") (value "1")
L 03/26/2018 - 21:45:44: [basecommands.smx] "Console<0><Console><Console>" changed cvar (cvar "ins_bot_rpg_player_cluster_bloat") (value "20")
L 03/26/2018 - 21:45:44: [basecommands.smx] "Console<0><Console><Console>" changed cvar (cvar "ins_bot_rpg_player_cluster_radius") (value "1000")
L 03/26/2018 - 21:45:44: [basecommands.smx] "Console<0><Console><Console>" changed cvar (cvar "bot_rpg_spawn_attackdelay") (value "1")
L 03/26/2018 - 21:45:44: [basecommands.smx] "Console<0><Console><Console>" changed cvar (cvar "ins_bot_rpg_grace_time") (value "20")
L 03/26/2018 - 21:45:44: [basecommands.smx] "Console<0><Console><Console>" changed cvar (cvar "ins_bot_rpg_minimum_firing_distance") (value "200")
L 03/26/2018 - 21:45:44: [basecommands.smx] "Console<0><Console><Console>" changed cvar (cvar "ins_bot_rpg_minimum_player_cluster") (value "1")
L 03/26/2018 - 21:45:44: [basecommands.smx] "Console<0><Console><Console>" changed cvar (cvar "ins_bot_rpg_player_cluster_bloat") (value "20")
L 03/26/2018 - 21:45:44: [basecommands.smx] "Console<0><Console><Console>" changed cvar (cvar "ins_bot_rpg_player_cluster_radius") (value "1000")
L 03/26/2018 - 21:45:45: [basecommands.smx] "Console<0><Console><Console>" changed cvar (cvar "bot_grenade_think_time") (value "0")
L 03/26/2018 - 21:46:04: [basecommands.smx] "Console<0><Console><Console>" changed cvar (cvar "bot_grenade_think_time") (value "0")
L 03/26/2018 - 22:46:02: -------- Mapchange to game_day_coop_ws --------
L 03/26/2018 - 22:46:02: [basecommands.smx] "Console<0><Console><Console>" changed cvar (cvar "bot_rpg_spawn_attackdelay") (value "1")
L 03/26/2018 - 22:46:02: [basecommands.smx] "Console<0><Console><Console>" changed cvar (cvar "ins_bot_rpg_grace_time") (value "20")
L 03/26/2018 - 22:46:02: [basecommands.smx] "Console<0><Console><Console>" changed cvar (cvar "ins_bot_rpg_minimum_firing_distance") (value "200")
L 03/26/2018 - 22:46:02: [basecommands.smx] "Console<0><Console><Console>" changed cvar (cvar "ins_bot_rpg_minimum_player_cluster") (value "1")
L 03/26/2018 - 22:46:02: [basecommands.smx] "Console<0><Console><Console>" changed cvar (cvar "ins_bot_rpg_player_cluster_bloat") (value "20")
L 03/26/2018 - 22:46:02: [basecommands.smx] "Console<0><Console><Console>" changed cvar (cvar "ins_bot_rpg_player_cluster_radius") (value "1000")
L 03/26/2018 - 22:46:02: [basecommands.smx] "Console<0><Console><Console>" changed cvar (cvar "bot_rpg_spawn_attackdelay") (value "1")
L 03/26/2018 - 22:46:02: [basecommands.smx] "Console<0><Console><Console>" changed cvar (cvar "ins_bot_rpg_grace_time") (value "20")
L 03/26/2018 - 22:46:02: [basecommands.smx] "Console<0><Console><Console>" changed cvar (cvar "ins_bot_rpg_minimum_firing_distance") (value "200")
L 03/26/2018 - 22:46:02: [basecommands.smx] "Console<0><Console><Console>" changed cvar (cvar "ins_bot_rpg_minimum_player_cluster") (value "1")
L 03/26/2018 - 22:46:02: [basecommands.smx] "Console<0><Console><Console>" changed cvar (cvar "ins_bot_rpg_player_cluster_bloat") (value "20")
L 03/26/2018 - 22:46:02: [basecommands.smx] "Console<0><Console><Console>" changed cvar (cvar "ins_bot_rpg_player_cluster_radius") (value "1000")
L 03/26/2018 - 22:46:02: [basecommands.smx] "Console<0><Console><Console>" changed cvar (cvar "bot_grenade_think_time") (value "0")
L 03/26/2018 - 22:46:24: [basecommands.smx] "Console<0><Console><Console>" changed cvar (cvar "bot_grenade_think_time") (value "0")
L 03/26/2018 - 23:24:43: -------- Mapchange to inferno_checkpoint_b2 --------
L 03/26/2018 - 23:24:43: [basecommands.smx] "Console<0><Console><Console>" changed cvar (cvar "bot_rpg_spawn_attackdelay") (value "1")
L 03/26/2018 - 23:24:43: [basecommands.smx] "Console<0><Console><Console>" changed cvar (cvar "ins_bot_rpg_grace_time") (value "20")
L 03/26/2018 - 23:24:43: [basecommands.smx] "Console<0><Console><Console>" changed cvar (cvar "ins_bot_rpg_minimum_firing_distance") (value "200")
L 03/26/2018 - 23:24:43: [basecommands.smx] "Console<0><Console><Console>" changed cvar (cvar "ins_bot_rpg_minimum_player_cluster") (value "1")
L 03/26/2018 - 23:24:43: [basecommands.smx] "Console<0><Console><Console>" changed cvar (cvar "ins_bot_rpg_player_cluster_bloat") (value "20")
L 03/26/2018 - 23:24:43: [basecommands.smx] "Console<0><Console><Console>" changed cvar (cvar "ins_bot_rpg_player_cluster_radius") (value "1000")
L 03/26/2018 - 23:24:43: [basecommands.smx] "Console<0><Console><Console>" changed cvar (cvar "bot_rpg_spawn_attackdelay") (value "1")
L 03/26/2018 - 23:24:43: [basecommands.smx] "Console<0><Console><Console>" changed cvar (cvar "ins_bot_rpg_grace_time") (value "20")
L 03/26/2018 - 23:24:43: [basecommands.smx] "Console<0><Console><Console>" changed cvar (cvar "ins_bot_rpg_minimum_firing_distance") (value "200")
L 03/26/2018 - 23:24:43: [basecommands.smx] "Console<0><Console><Console>" changed cvar (cvar "ins_bot_rpg_minimum_player_cluster") (value "1")
L 03/26/2018 - 23:24:43: [basecommands.smx] "Console<0><Console><Console>" changed cvar (cvar "ins_bot_rpg_player_cluster_bloat") (value "20")
L 03/26/2018 - 23:24:43: [basecommands.smx] "Console<0><Console><Console>" changed cvar (cvar "ins_bot_rpg_player_cluster_radius") (value "1000")
L 03/26/2018 - 23:24:44: [basecommands.smx] "Console<0><Console><Console>" changed cvar (cvar "bot_grenade_think_time") (value "0")
L 03/26/2018 - 23:25:22: [basecommands.smx] "Console<0><Console><Console>" changed cvar (cvar "bot_grenade_think_time") (value "0")
L 03/26/2018 - 23:36:08: -------- Mapchange to inferno_checkpoint_b2 --------
L 03/26/2018 - 23:36:08: [basecommands.smx] "Console<0><Console><Console>" changed cvar (cvar "bot_rpg_spawn_attackdelay") (value "1")
L 03/26/2018 - 23:36:08: [basecommands.smx] "Console<0><Console><Console>" changed cvar (cvar "ins_bot_rpg_grace_time") (value "20")
L 03/26/2018 - 23:36:08: [basecommands.smx] "Console<0><Console><Console>" changed cvar (cvar "ins_bot_rpg_minimum_firing_distance") (value "200")
L 03/26/2018 - 23:36:08: [basecommands.smx] "Console<0><Console><Console>" changed cvar (cvar "ins_bot_rpg_minimum_player_cluster") (value "1")
L 03/26/2018 - 23:36:08: [basecommands.smx] "Console<0><Console><Console>" changed cvar (cvar "ins_bot_rpg_player_cluster_bloat") (value "20")
L 03/26/2018 - 23:36:08: [basecommands.smx] "Console<0><Console><Console>" changed cvar (cvar "ins_bot_rpg_player_cluster_radius") (value "1000")
L 03/26/2018 - 23:36:08: [basecommands.smx] "Console<0><Console><Console>" changed cvar (cvar "bot_rpg_spawn_attackdelay") (value "1")
L 03/26/2018 - 23:36:08: [basecommands.smx] "Console<0><Console><Console>" changed cvar (cvar "ins_bot_rpg_grace_time") (value "20")
L 03/26/2018 - 23:36:08: [basecommands.smx] "Console<0><Console><Console>" changed cvar (cvar "ins_bot_rpg_minimum_firing_distance") (value "200")
L 03/26/2018 - 23:36:08: [basecommands.smx] "Console<0><Console><Console>" changed cvar (cvar "ins_bot_rpg_minimum_player_cluster") (value "1")
L 03/26/2018 - 23:36:08: [basecommands.smx] "Console<0><Console><Console>" changed cvar (cvar "ins_bot_rpg_player_cluster_bloat") (value "20")
L 03/26/2018 - 23:36:08: [basecommands.smx] "Console<0><Console><Console>" changed cvar (cvar "ins_bot_rpg_player_cluster_radius") (value "1000")
L 03/26/2018 - 23:36:08: [basecommands.smx] "Console<0><Console><Console>" changed cvar (cvar "bot_grenade_think_time") (value "0")
L 03/26/2018 - 23:36:22: [basecommands.smx] "Console<0><Console><Console>" changed cvar (cvar "bot_grenade_think_time") (value "0")
L 03/26/2018 - 23:56:56: -------- Mapchange to doi_landfall --------
L 03/26/2018 - 23:56:56: [basecommands.smx] "Console<0><Console><Console>" changed cvar (cvar "bot_rpg_spawn_attackdelay") (value "1")
L 03/26/2018 - 23:56:56: [basecommands.smx] "Console<0><Console><Console>" changed cvar (cvar "ins_bot_rpg_grace_time") (value "20")
L 03/26/2018 - 23:56:56: [basecommands.smx] "Console<0><Console><Console>" changed cvar (cvar "ins_bot_rpg_minimum_firing_distance") (value "200")
L 03/26/2018 - 23:56:56: [basecommands.smx] "Console<0><Console><Console>" changed cvar (cvar "ins_bot_rpg_minimum_player_cluster") (value "1")
L 03/26/2018 - 23:56:56: [basecommands.smx] "Console<0><Console><Console>" changed cvar (cvar "ins_bot_rpg_player_cluster_bloat") (value "20")
L 03/26/2018 - 23:56:56: [basecommands.smx] "Console<0><Console><Console>" changed cvar (cvar "ins_bot_rpg_player_cluster_radius") (value "1000")
L 03/26/2018 - 23:56:56: [basecommands.smx] "Console<0><Console><Console>" changed cvar (cvar "bot_rpg_spawn_attackdelay") (value "1")
L 03/26/2018 - 23:56:56: [basecommands.smx] "Console<0><Console><Console>" changed cvar (cvar "ins_bot_rpg_grace_time") (value "20")
L 03/26/2018 - 23:56:56: [basecommands.smx] "Console<0><Console><Console>" changed cvar (cvar "ins_bot_rpg_minimum_firing_distance") (value "200")
L 03/26/2018 - 23:56:56: [basecommands.smx] "Console<0><Console><Console>" changed cvar (cvar "ins_bot_rpg_minimum_player_cluster") (value "1")
L 03/26/2018 - 23:56:56: [basecommands.smx] "Console<0><Console><Console>" changed cvar (cvar "ins_bot_rpg_player_cluster_bloat") (value "20")
L 03/26/2018 - 23:56:56: [basecommands.smx] "Console<0><Console><Console>" changed cvar (cvar "ins_bot_rpg_player_cluster_radius") (value "1000")
L 03/26/2018 - 23:56:57: [basecommands.smx] "Console<0><Console><Console>" changed cvar (cvar "bot_grenade_think_time") (value "0")
L 03/26/2018 - 23:57:37: [basecommands.smx] "Console<0><Console><Console>" changed cvar (cvar "bot_grenade_think_time") (value "0")
